Log file open, 12/29/17 13:46:23
LogWindows: Failed to load 'aqProf.dll' (GetLastError=126)
LogWindows: File 'aqProf.dll' does not exist
LogWindows: Failed to load 'VtuneApi.dll' (GetLastError=126)
LogWindows: File 'VtuneApi.dll' does not exist
LogWindows: Failed to load 'VtuneApi32e.dll' (GetLastError=126)
LogWindows: File 'VtuneApi32e.dll' does not exist
LogInit: Display: Running engine for game: VhuntR
LogPlatformFile: Not using cached read wrapper
LogInit: Display: RandInit(-571671135) SRandInit(-571671135).
LogTaskGraph: Started task graph with 5 named threads and 8 total threads with 3 sets of task threads.
LogStats: Stats thread started at 0.333798
LogD3D11RHI: Aftermath initialized
LogPluginManager: Mounting plugin Paper2D
LogPluginManager: Mounting plugin LightPropagationVolume
LogPluginManager: Mounting plugin CodeLiteSourceCodeAccess
LogPluginManager: Mounting plugin GitSourceControl
LogPluginManager: Mounting plugin KDevelopSourceCodeAccess
LogPluginManager: Mounting plugin NullSourceCodeAccess
LogPluginManager: Mounting plugin PerforceSourceControl
LogPluginManager: Mounting plugin SubversionSourceControl
LogPluginManager: Mounting plugin UObjectPlugin
LogPluginManager: Mounting plugin VisualStudioSourceCodeAccess
LogPluginManager: Mounting plugin XCodeSourceCodeAccess
LogPluginManager: Mounting plugin AssetManagerEditor
LogPluginManager: Mounting plugin AudioCapture
LogPluginManager: Mounting plugin FacialAnimation
LogPluginManager: Mounting plugin GameplayTagsEditor
LogPluginManager: Mounting plugin MobileLauncherProfileWizard
LogPluginManager: Mounting plugin PluginBrowser
LogPluginManager: Mounting plugin SpeedTreeImporter
LogPluginManager: Mounting plugin AlembicImporter
LogPluginManager: Mounting plugin CharacterAI
LogPluginManager: Mounting plugin HTML5Networking
LogPluginManager: Mounting plugin AndroidMedia
LogPluginManager: Mounting plugin AvfMedia
LogPluginManager: Mounting plugin MediaPlayerEditor
LogPluginManager: Mounting plugin WmfMedia
LogPluginManager: Mounting plugin TcpMessaging
LogPluginManager: Mounting plugin UdpMessaging
LogPluginManager: Mounting plugin LevelSequenceEditor
LogPluginManager: Mounting plugin MatineeToLevelSequence
LogPluginManager: Mounting plugin OnlineSubsystemGooglePlay
LogPluginManager: Mounting plugin OnlineSubsystemIOS
LogPluginManager: Mounting plugin OnlineSubsystem
LogPluginManager: Mounting plugin OnlineSubsystemNull
LogPluginManager: Mounting plugin OnlineSubsystemUtils
LogPluginManager: Mounting plugin AndroidDeviceProfileSelector
LogPluginManager: Mounting plugin AndroidMoviePlayer
LogPluginManager: Mounting plugin AndroidPermission
LogPluginManager: Mounting plugin AppleMoviePlayer
LogPluginManager: Mounting plugin ArchVisCharacter
LogPluginManager: Mounting plugin CableComponent
LogPluginManager: Mounting plugin CustomMeshComponent
LogPluginManager: Mounting plugin ExampleDeviceProfileSelector
LogPluginManager: Mounting plugin GoogleCloudMessaging
LogPluginManager: Mounting plugin ImmediatePhysics
LogPluginManager: Mounting plugin IOSDeviceProfileSelector
LogPluginManager: Mounting plugin LinuxDeviceProfileSelector
LogPluginManager: Mounting plugin LocationServicesBPLibrary
LogPluginManager: Mounting plugin MobilePatchingUtils
LogPluginManager: Mounting plugin OculusVR
LogPluginManager: Mounting plugin PhysXVehicles
LogPluginManager: Mounting plugin ProceduralMeshComponent
LogPluginManager: Mounting plugin RuntimePhysXCooking
LogPluginManager: Mounting plugin SteamVR
LogPluginManager: Mounting plugin WindowsMoviePlayer
LogInit: Using libcurl 7.47.1
LogInit:  - built for x86_64-pc-win32
LogInit:  - supports SSL with OpenSSL/1.0.2g
LogInit:  - supports HTTP deflate (compression) using libz 1.2.8
LogInit:  - other features:
LogInit:      CURL_VERSION_SSL
LogInit:      CURL_VERSION_LIBZ
LogInit:      CURL_VERSION_IPV6
LogInit:      CURL_VERSION_ASYNCHDNS
LogInit:      CURL_VERSION_LARGEFILE
LogInit:      CURL_VERSION_IDN
LogInit:  CurlRequestOptions (configurable via config and command line):
LogInit:  - bVerifyPeer = false  - Libcurl will NOT verify peer certificate
LogInit:  - bUseHttpProxy = false  - Libcurl will NOT use HTTP proxy
LogInit:  - bDontReuseConnections = false  - Libcurl will reuse connections
LogInit:  - CertBundlePath = nullptr  - Libcurl will use whatever was configured at build time.
LogInit: Build: ++UE4+Release-4.17-CL-3658906
LogInit: Engine Version: 4.17.2-3658906+++UE4+Release-4.17
LogInit: Compatible Engine Version: 4.17.0-3573198+++UE4+Release-4.17
LogInit: Net CL: 3573198
LogDevObjectVersion: Number of dev versions registered: 16
LogDevObjectVersion:   Dev-Blueprints (B0D832E4-1F89-4F0D-ACCF-7EB736FD4AA2): 10
LogDevObjectVersion:   Dev-Build (E1C64328-A22C-4D53-A36C-8E866417BD8C): 0
LogDevObjectVersion:   Dev-Core (375EC13C-06E4-48FB-B500-84F0262A717E): 2
LogDevObjectVersion:   Dev-Editor (E4B068ED-F494-42E9-A231-DA0B2E46BB41): 20
LogDevObjectVersion:   Dev-Framework (CFFC743F-43B0-4480-9391-14DF171D2073): 28
LogDevObjectVersion:   Dev-Mobile (B02B49B5-BB20-44E9-A304-32B752E40360): 0
LogDevObjectVersion:   Dev-Networking (A4E4105C-59A1-49B5-A7C5-40C4547EDFEE): 0
LogDevObjectVersion:   Dev-Online (39C831C9-5AE6-47DC-9A44-9C173E1C8E7C): 0
LogDevObjectVersion:   Dev-Physics (78F01B33-EBEA-4F98-B9B4-84EACCB95AA2): 0
LogDevObjectVersion:   Dev-Platform (6631380F-2D4D-43E0-8009-CF276956A95A): 0
LogDevObjectVersion:   Dev-Rendering (12F88B9F-8875-4AFC-A67C-D90C383ABD29): 19
LogDevObjectVersion:   Dev-Sequencer (7B5AE74C-D270-4C10-A958-57980B212A5A): 4
LogDevObjectVersion:   Dev-VR (D7296918-1DD6-4BDD-9DE2-64A83CC13884): 0
LogDevObjectVersion:   Dev-LoadTimes (C2A15278-BFE7-4AFE-6C17-90FF531DF755): 1
LogDevObjectVersion:   Private-Geometry (6EACA3D4-40EC-4CC1-B786-8BED09428FC5): 1
LogDevObjectVersion:   Dev-AnimPhys (29E575DD-E0A3-4627-9D10-D276232CDCEA): 7
LogInit: Compiled (64-bit): Sep 22 2017 13:47:16
LogInit: Compiled with Visual C++: 19.00.24215.01
LogInit: Build Configuration: Development
LogInit: Branch Name: ++UE4+Release-4.17
LogInit: Command line: -EpicPortal 
LogInit: Base directory: C:/Program Files/Epic Games/UE_4.17/Engine/Binaries/Win64/
LogInit: Installed Engine Build: 1
LogInit: Presizing for max 8388607 objects, including 0 objects not considered by GC, pre-allocating 0 bytes for permanent pool.
LogInit: Object subsystem initialized
[2017.12.29-21.46.26:141][  0]LogInit: Selected Device Profile: [Windows]
[2017.12.29-21.46.26:141][  0]LogInit: Applying CVar settings loaded from the selected device profile: [Windows]
[2017.12.29-21.46.26:195][  0]LogInit: Computer: X4
[2017.12.29-21.46.26:195][  0]LogInit: User: Sean
[2017.12.29-21.46.26:195][  0]LogInit: CPU Page size=4096, Cores=2
[2017.12.29-21.46.26:195][  0]LogInit: High frequency timer resolution =3.996641 MHz
[2017.12.29-21.46.26:196][  0]LogMemory: Memory total: Physical=15.9GB (16GB approx)
[2017.12.29-21.46.26:196][  0]LogMemory: Platform Memory Stats for Windows
[2017.12.29-21.46.26:196][  0]LogMemory: Process Physical Memory: 284.73 MB used, 284.73 MB peak
[2017.12.29-21.46.26:196][  0]LogMemory: Process Virtual Memory: 279.09 MB used, 279.09 MB peak
[2017.12.29-21.46.26:196][  0]LogMemory: Physical Memory: 8035.69 MB used,  8269.55 MB free, 16305.23 MB total
[2017.12.29-21.46.26:196][  0]LogMemory: Virtual Memory: 703.39 MB used,  8269.55 MB free, 134217728.00 MB total
[2017.12.29-21.46.26:845][  0]LogInit: Using OS detected language (en-US).
[2017.12.29-21.46.26:845][  0]LogInit: Using OS detected locale (en-US).
[2017.12.29-21.46.26:852][  0]LogTextLocalizationManager: No specific localization for 'en-US' exists, so the 'en' localization will be used.
[2017.12.29-21.46.28:575][  0]LogD3D11RHI: D3D11 adapters:
[2017.12.29-21.46.28:688][  0]LogD3D11RHI:    0. 'NVIDIA GeForce GTX 1060 6GB' (Feature Level 11_0)
[2017.12.29-21.46.28:688][  0]LogD3D11RHI:       6061/0/8152 MB DedicatedVideo/DedicatedSystem/SharedSystem, Outputs:1, VendorId:0x10de
[2017.12.29-21.46.28:691][  0]LogD3D11RHI:    1. 'Microsoft Basic Render Driver' (Feature Level 11_0)
[2017.12.29-21.46.28:691][  0]LogD3D11RHI:       0/0/8152 MB DedicatedVideo/DedicatedSystem/SharedSystem, Outputs:0, VendorId:0x1414
[2017.12.29-21.46.28:692][  0]LogD3D11RHI: Chosen D3D11 Adapter: 0
[2017.12.29-21.46.28:710][  0]LogD3D11RHI: Creating new Direct3DDevice
[2017.12.29-21.46.28:710][  0]LogD3D11RHI:     GPU DeviceId: 0x1c03 (for the marketing name, search the web for "GPU Device Id")
[2017.12.29-21.46.28:710][  0]LogWindows: EnumDisplayDevices:
[2017.12.29-21.46.28:710][  0]LogWindows:    0. 'NVIDIA GeForce GTX 1060 6GB' (P:1 D:1)
[2017.12.29-21.46.28:711][  0]LogWindows:    1. 'NVIDIA GeForce GTX 1060 6GB' (P:0 D:0)
[2017.12.29-21.46.28:712][  0]LogWindows:    2. 'NVIDIA GeForce GTX 1060 6GB' (P:0 D:0)
[2017.12.29-21.46.28:713][  0]LogWindows:    3. 'NVIDIA GeForce GTX 1060 6GB' (P:0 D:0)
[2017.12.29-21.46.28:713][  0]LogWindows: DebugString: FoundDriverCount:4 
[2017.12.29-21.46.28:713][  0]LogD3D11RHI:     Adapter Name: NVIDIA GeForce GTX 1060 6GB
[2017.12.29-21.46.28:713][  0]LogD3D11RHI:   Driver Version: 388.71 (internal:23.21.13.8871, unified:388.71)
[2017.12.29-21.46.28:713][  0]LogD3D11RHI:      Driver Date: 12-15-2017
[2017.12.29-21.46.28:713][  0]LogRHI: Texture pool is 1361 MB (70% of 1945 MB)
[2017.12.29-21.46.28:780][  0]LogD3D11RHI: Async texture creation enabled
[2017.12.29-21.46.28:851][  0]LogD3D11RHI: GPU Timing Frequency: 1000.000000 (Debug: 2 2)
[2017.12.29-21.46.28:903][  0]LogShaderCompilers: Guid format shader working directory is -10 characters bigger than the processId version (../../../../../../Users/Sean/Documents/GitHub/VhuntR01/Intermediate/Shaders/WorkingDirectory/11664/).
[2017.12.29-21.46.28:903][  0]LogShaderCompilers: Cleaned the shader compiler working directory 'C:/Users/Sean/AppData/Local/Temp/UnrealShaderWorkingDir/58C310CD4229B4998DCF5986707C6257/'.
[2017.12.29-21.46.28:904][  0]LogShaderCompilers: Display: Using Local Shader Compiler.
[2017.12.29-21.46.32:219][  0]LogTemp: Display: Loaded TP AllDesktopTargetPlatform
[2017.12.29-21.46.32:408][  0]LogTemp: Display: Loaded TP MacClientTargetPlatform
[2017.12.29-21.46.32:627][  0]LogTemp: Display: Loaded TP MacNoEditorTargetPlatform
[2017.12.29-21.46.32:810][  0]LogTemp: Display: Loaded TP MacServerTargetPlatform
[2017.12.29-21.46.32:999][  0]LogTemp: Display: Loaded TP MacTargetPlatform
[2017.12.29-21.46.33:189][  0]LogTemp: Display: Loaded TP WindowsClientTargetPlatform
[2017.12.29-21.46.33:374][  0]LogTemp: Display: Loaded TP WindowsNoEditorTargetPlatform
[2017.12.29-21.46.33:569][  0]LogTemp: Display: Loaded TP WindowsServerTargetPlatform
[2017.12.29-21.46.33:754][  0]LogTemp: Display: Loaded TP WindowsTargetPlatform
[2017.12.29-21.46.33:971][  0]LogTemp: Display: Loaded TP AndroidTargetPlatform
[2017.12.29-21.46.34:195][  0]LogTemp: Display: Loaded TP Android_ASTCTargetPlatform
[2017.12.29-21.46.34:372][  0]LogTemp: Display: Loaded TP Android_ATCTargetPlatform
[2017.12.29-21.46.34:544][  0]LogTemp: Display: Loaded TP Android_DXTTargetPlatform
[2017.12.29-21.46.34:718][  0]LogTemp: Display: Loaded TP Android_ETC1TargetPlatform
[2017.12.29-21.46.34:951][  0]LogTemp: Display: Loaded TP Android_ETC2TargetPlatform
[2017.12.29-21.46.35:343][  0]LogTemp: Display: Loaded TP Android_MultiTargetPlatform
[2017.12.29-21.46.35:343][  0]LogTemp: Display: Loaded TP Android_PVRTCTargetPlatform
[2017.12.29-21.46.35:492][  0]LogTemp: Display: Loaded TP HTML5TargetPlatform
[2017.12.29-21.46.35:777][  0]LogTemp: Display: Loaded TP IOSTargetPlatform
[2017.12.29-21.46.35:884][  0]LogTemp: Display: Loaded TP TVOSTargetPlatform
[2017.12.29-21.46.36:075][  0]LogTemp: Display: Loaded TP LinuxClientTargetPlatform
[2017.12.29-21.46.36:258][  0]LogTemp: Display: Loaded TP LinuxNoEditorTargetPlatform
[2017.12.29-21.46.36:443][  0]LogTemp: Display: Loaded TP LinuxServerTargetPlatform
[2017.12.29-21.46.36:616][  0]LogTemp: Display: Loaded TP LinuxTargetPlatform
[2017.12.29-21.46.36:616][  0]LogTargetPlatformManager: Display: Building Assets For Windows
[2017.12.29-21.46.38:519][  0]LogDerivedDataCache: Display: Max Cache Size: 512 MB
[2017.12.29-21.46.38:959][  0]LogDerivedDataCache: Loaded boot cache 0.44s 97MB C:/Users/Sean/AppData/Local/UnrealEngine/4.17/DerivedDataCache/Boot.ddc.
[2017.12.29-21.46.38:959][  0]LogDerivedDataCache: Display: Loaded Boot cache: C:/Users/Sean/AppData/Local/UnrealEngine/4.17/DerivedDataCache/Boot.ddc
[2017.12.29-21.46.38:959][  0]LogDerivedDataCache: FDerivedDataBackendGraph:  Pak pak cache file ../../../../../../Users/Sean/Documents/GitHub/VhuntR01/DerivedDataCache/DDC.ddp not found, will not use a pak cache.
[2017.12.29-21.46.38:959][  0]LogDerivedDataCache: Unable to find inner node Pak for hierarchical cache Hierarchy.
[2017.12.29-21.46.38:959][  0]LogDerivedDataCache: FDerivedDataBackendGraph:  CompressedPak pak cache file ../../../../../../Users/Sean/Documents/GitHub/VhuntR01/DerivedDataCache/Compressed.ddp not found, will not use a pak cache.
[2017.12.29-21.46.38:959][  0]LogDerivedDataCache: Unable to find inner node CompressedPak for hierarchical cache Hierarchy.
[2017.12.29-21.46.38:997][  0]LogDerivedDataCache: Display: Pak cache opened for reading ../../../Engine/DerivedDataCache/Compressed.ddp.
[2017.12.29-21.46.39:012][  0]LogDerivedDataCache: Using Local data cache path C:/Users/Sean/AppData/Local/UnrealEngine/Common/DerivedDataCache: Writable
[2017.12.29-21.46.39:037][  0]LogMaterial: Verifying Global Shaders for PCD3D_SM5
[2017.12.29-21.46.39:037][  0]LogSlate: Using Freetype 2.6.0
[2017.12.29-21.46.39:038][  0]LogSlate: SlateFontCache - WITH_FREETYPE: 1, WITH_HARFBUZZ: 1
[2017.12.29-21.46.39:039][  0]LogSlate: SlateFontCache - WITH_FREETYPE: 1, WITH_HARFBUZZ: 1
[2017.12.29-21.46.39:791][  0]LogAssetRegistry: FAssetRegistry took 0.0347 seconds to start up
[2017.12.29-21.46.40:228][  0]LogInit: Selected Device Profile: [Windows]
[2017.12.29-21.46.40:693][  0]LogContentStreaming: Texture pool size is 0.00 MB
[2017.12.29-21.46.42:061][  0]LogSimplygon: Simplygon DLL not present - disabling.
[2017.12.29-21.46.42:247][  0]LogMeshReduction: Using SimplygonSwarm for distributed automatic mesh merging
[2017.12.29-21.46.42:247][  0]LogMeshReduction: Using QuadricMeshReduction for automatic static mesh reduction
[2017.12.29-21.46.42:247][  0]LogMeshReduction: No automatic skeletal mesh reduction module available
[2017.12.29-21.46.42:247][  0]LogMeshReduction: No automatic mesh merging module available
[2017.12.29-21.46.42:247][  0]LogMeshMerging: No automatic mesh merging module available
[2017.12.29-21.46.43:818][  0]LogNetVersion: VhuntR , NetCL: 3573198, EngineNetVer: 2, GameNetVer: 0 (Checksum: 3839839961)
[2017.12.29-21.46.44:755][  0]LogPackageLocalizationCache: Processed 5 localized package path(s) for 2 prioritized culture(s) in 0.109668 seconds
[2017.12.29-21.46.44:770][  0]LogUObjectArray: 35825 objects as part of root set at end of initial load.
[2017.12.29-21.46.44:770][  0]LogUObjectAllocator: 7529112 out of 0 bytes used by permanent object pool.
[2017.12.29-21.46.44:770][  0]LogUObjectArray: CloseDisregardForGC: 0/0 objects in disregard for GC pool
[2017.12.29-21.46.45:069][  0]LogInit: WinSock: version 1.1 (2.2), MaxSocks=32767, MaxUdp=65467
[2017.12.29-21.46.54:804][  0]LogTcpMessaging: Initializing TcpMessaging bridge
[2017.12.29-21.46.54:937][  0]LogUdpMessaging: Initializing bridge on interface 0.0.0.0:0 to multicast group 230.0.0.1:6666.
[2017.12.29-21.46.57:537][  0]LogMaterial: Uniform references updated for custom material expression Custom.
[2017.12.29-21.47.00:052][  0]SourceControl: Source control is disabled
[2017.12.29-21.47.00:052][  0]SourceControl: Source control is disabled
[2017.12.29-21.47.00:268][  0]SourceControl: Source control is disabled
[2017.12.29-21.47.00:487][  0]SourceControl: Source control is disabled
[2017.12.29-21.47.02:793][  0]LogAndroidPermission: UAndroidPermissionCallbackProxy::GetInstance
[2017.12.29-21.47.03:820][  0]LogOcInput: OculusInput pre-init called
[2017.12.29-21.47.05:006][  0]LogEngine: Initializing Engine...
[2017.12.29-21.47.05:009][  0]LogHMD: Oculus plugin initialized. Version: 4.17.2-3658906+++UE4+Release-4.17, OVRPlugin: 1.15.0
[2017.12.29-21.47.05:401][  0]LogMaterial: Missing cached shader map for material LevelColorationUnlitMaterial, compiling. Is special engine material.
[2017.12.29-21.47.06:475][  0]LogMaterial: Missing cached shader map for material MAT_LevelColorationLitLightmapUV, compiling. Is special engine material.
[2017.12.29-21.47.08:507][  0]LogMaterial: Missing cached shader map for material ShadedLevelColorationLitMaterial, compiling. Is special engine material.
[2017.12.29-21.47.10:349][  0]LogMaterial: Missing cached shader map for material ShadedLevelColorationUnlitMateri, compiling. Is special engine material.
[2017.12.29-21.47.10:860][  0]LogMaterial: Missing cached shader map for material VertexColorMaterial, compiling. 
[2017.12.29-21.47.11:067][  0]LogMaterial: Missing cached shader map for material VertexColorViewMode_ColorOnly, compiling. 
[2017.12.29-21.47.11:135][  0]LogMaterial: Missing cached shader map for material VertexColorViewMode_AlphaAsColor, compiling. 
[2017.12.29-21.47.11:248][  0]LogMaterial: Missing cached shader map for material VertexColorViewMode_RedOnly, compiling. 
[2017.12.29-21.47.11:283][  0]LogMaterial: Missing cached shader map for material VertexColorViewMode_GreenOnly, compiling. 
[2017.12.29-21.47.11:346][  0]LogMaterial: Missing cached shader map for material VertexColorViewMode_BlueOnly, compiling. 
[2017.12.29-21.47.11:429][  0]LogMaterial: Missing cached shader map for material RemoveSurfaceMaterial, compiling. 
[2017.12.29-21.47.11:460][  0]LogMaterial: Missing cached shader map for material DebugMeshMaterial, compiling. 
[2017.12.29-21.47.11:538][  0]LogMaterial: Missing cached shader map for material M_InvalidLightmapSettings, compiling. 
[2017.12.29-21.47.11:680][  0]LogMaterial: Missing cached shader map for material GizmoMaterial, compiling. 
[2017.12.29-21.47.11:726][  0]LogMaterial: Missing cached shader map for material PhAT_JointLimitMaterial, compiling. 
[2017.12.29-21.47.11:774][  0]LogMaterial: Missing cached shader map for material GeomMaterial, compiling. 
[2017.12.29-21.47.11:824][  0]LogMaterial: Missing cached shader map for material EditorBrushMaterial, compiling. 
[2017.12.29-21.47.11:895][  0]LogMaterial: Missing cached shader map for material BoneWeightMaterial, compiling. 
[2017.12.29-21.47.12:118][  0]LogMaterial: Missing cached shader map for material ClothMaterial, compiling. 
[2017.12.29-21.47.12:155][  0]LogMaterial: Missing cached shader map for material ClothMaterial_WF, compiling. 
[2017.12.29-21.47.12:214][  0]LogMaterial: Missing cached shader map for material DebugEditorMaterial, compiling. 
[2017.12.29-21.47.12:280][  0]LogMaterial: Missing cached shader map for material PreviewShadowIndicatorMaterial, compiling. 
[2017.12.29-21.47.12:852][  0]LogStats: UGameplayTagsManager::ConstructGameplayTagTree: Construct from data asset -  0.000 s
[2017.12.29-21.47.12:852][  0]LogStats: UGameplayTagsManager::ConstructGameplayTagTree: GameplayTagTreeChangedEvent.Broadcast -  0.000 s
[2017.12.29-21.47.13:668][  0]LogAIModule: Creating AISystem for world Untitled
[2017.12.29-21.47.13:740][  0]LogInit: XAudio2 using 'Headphones (High Definition Audio Device)' : 2 channels at 48 kHz using 16 bits per sample (channel mask 0x3)
[2017.12.29-21.47.13:806][  0]LogInit: FAudioDevice initialized.
[2017.12.29-21.47.14:535][  0]LogDerivedDataCache: Saved boot cache 0.73s 101MB C:/Users/Sean/AppData/Local/UnrealEngine/4.17/DerivedDataCache/Boot.ddc.
[2017.12.29-21.47.14:588][  0]LogInit: Texture streaming: Enabled
[2017.12.29-21.47.15:328][  0]LogEngineSessionManager: EngineSessionManager initialized
[2017.12.29-21.47.16:727][  0]LogInit: Transaction tracking system initialized
[2017.12.29-21.47.18:364][  0]BlueprintLog: New page: Editor Load
[2017.12.29-21.47.22:812][  0]LocalizationService: Localization service is disabled
[2017.12.29-21.47.25:332][  0]LogLinker: Warning: Can't find file '/Game/FirstPersonBP/FirstPersonOverview'
[2017.12.29-21.47.25:332][  0]LogLinker: Warning: Can't find file '/Game/FirstPersonBP/FirstPersonOverview'
[2017.12.29-21.47.25:332][  0]LogUObjectGlobals: Warning: Failed to find object 'Class /Game/FirstPersonBP/FirstPersonOverview.FirstPersonOverview_C'
[2017.12.29-21.47.26:346][  0]LogConsoleResponse: Display: 
[2017.12.29-21.47.26:511][  0]LogMaterial: Missing cached shader map for material Cross_Mat, compiling. 
[2017.12.29-21.47.26:579][  0]LogMaterial: Missing cached shader map for material PhAT_BoneSelectedMaterial, compiling. 
[2017.12.29-21.47.26:607][  0]LogMaterial: Missing cached shader map for material PhAT_ElemSelectedMaterial, compiling. 
[2017.12.29-21.47.26:640][  0]LogMaterial: Missing cached shader map for material PhAT_NoCollisionMaterial, compiling. 
[2017.12.29-21.47.26:685][  0]LogMaterial: Missing cached shader map for material PhAT_UnselectedMaterial, compiling. 
[2017.12.29-21.47.26:790][  0]LogMaterial: Missing cached shader map for material Tick_Mat, compiling. 
[2017.12.29-21.47.26:869][  0]LogMaterial: Missing cached shader map for material WidgetGridVertexColorMaterial_Ma, compiling. 
[2017.12.29-21.47.26:973][  0]LogMaterial: Missing cached shader map for material WidgetMaterial, compiling. 
[2017.12.29-21.47.27:039][  0]LogMaterial: Missing cached shader map for material WidgetMaterial_Current, compiling. 
[2017.12.29-21.47.27:107][  0]LogMaterial: Missing cached shader map for material WidgetMaterial_X, compiling. 
[2017.12.29-21.47.27:158][  0]LogMaterial: Missing cached shader map for material WidgetMaterial_Y, compiling. 
[2017.12.29-21.47.27:194][  0]LogMaterial: Missing cached shader map for material WidgetMaterial_Z, compiling. 
[2017.12.29-21.47.27:267][  0]LogMaterial: Missing cached shader map for material WidgetVertexColorMaterial, compiling. 
[2017.12.29-21.47.27:432][  0]LogMaterial: Missing cached shader map for material LevelGridMaterial, compiling. 
[2017.12.29-21.47.27:672][  0]LogMaterial: Missing cached shader map for material BlinkingCaret, compiling. 
[2017.12.29-21.47.27:895][  0]LogMaterial: Missing cached shader map for material M_StreamingPause, compiling. 
[2017.12.29-21.47.27:985][  0]LogCook: Display: Max memory allowance for cook 16384mb min free memory 0mb
[2017.12.29-21.47.27:985][  0]LogCook: Display: Mobile HDR setting 1
[2017.12.29-21.47.27:985][  0]LogGameplayTags: Display: UGameplayTagsManager::DoneAddingNativeTags. DelegateIsBound: 0
[2017.12.29-21.47.28:686][  0]LogFileCache: Scanning file cache for directory 'C:/Users/Sean/Documents/GitHub/VhuntR01/Content/' took 0.02s
[2017.12.29-21.47.32:952][  0]SourceControl: Source control is disabled
[2017.12.29-21.47.32:952][  0]Cmd: MAP LOAD FILE="../../../../../../Users/Sean/Documents/GitHub/VhuntR01/Content/VirtualRealityBP/Maps/StartupMap.umap" TEMPLATE=0 SHOWPROGRESS=1 FEATURELEVEL=3
[2017.12.29-21.47.33:169][  0]LightingResults: New page: Lighting Build
[2017.12.29-21.47.33:353][  0]MapCheck: New page: Map Check
[2017.12.29-21.47.33:353][  0]LightingResults: New page: Lighting Build
[2017.12.29-21.47.34:037][  0]LogMaterial: Missing cached shader map for material BasicShapeMaterial, compiling. 
[2017.12.29-21.47.34:200][  0]LogAIModule: Creating AISystem for world StartupMap
[2017.12.29-21.47.34:506][  0]LogEditorServer: Finished looking for orphan Actors (0.000 secs)
[2017.12.29-21.47.34:615][  0]Cmd: MAP CHECKDEP NOCLEARLOG
[2017.12.29-21.47.34:807][  0]MapCheck: Map check complete: 0 Error(s), 0 Warning(s), took 191.875ms to complete.
[2017.12.29-21.47.34:807][  0]LogFileHelpers: Loading map 'StartupMap' took 1.856
[2017.12.29-21.47.35:910][  0]LogCollectionManager: Loaded 0 collections in 0.005940 seconds
[2017.12.29-21.47.36:243][  0]LogFileCache: Scanning file cache for directory 'C:/Users/Sean/Documents/GitHub/VhuntR01/Saved/Collections/' took 0.01s
[2017.12.29-21.47.36:243][  0]LogFileCache: Scanning file cache for directory 'C:/Users/Sean/Documents/GitHub/VhuntR01/Content/Developers/Sean/Collections/' took 0.01s
[2017.12.29-21.47.36:243][  0]LogFileCache: Scanning file cache for directory 'C:/Users/Sean/Documents/GitHub/VhuntR01/Content/Collections/' took 0.02s
[2017.12.29-21.47.36:243][  0]LogCollectionManager: Rebuilt the GUID cache for 0 collections in 0.000001 seconds
[2017.12.29-21.47.36:294][  0]LogContentBrowser: Native class hierarchy populated in 0.0493 seconds. Added 2386 classes and 500 folders.
[2017.12.29-21.47.36:632][  0]LogContentBrowser: Native class hierarchy updated for 'WidgetCarousel' in 0.0014 seconds. Added 0 classes and 0 folders.
[2017.12.29-21.47.39:312][  0]LogContentBrowser: Native class hierarchy updated for 'AddContentDialog' in 0.0013 seconds. Added 0 classes and 0 folders.
[2017.12.29-21.47.39:569][  0]LogContentBrowser: Native class hierarchy updated for 'SceneOutliner' in 0.0012 seconds. Added 1 classes and 2 folders.
[2017.12.29-21.47.40:393][  0]LogSlate: Took 0.000680 seconds to synchronously load lazily loaded font '../../../Engine/Content/Slate/Fonts/Roboto-Regular.ttf' (155K)
[2017.12.29-21.47.40:413][  0]LogSlate: Took 0.000718 seconds to synchronously load lazily loaded font '../../../Engine/Content/Slate/Fonts/Roboto-Bold.ttf' (160K)
[2017.12.29-21.47.40:497][  0]LogSlate: Took 0.017510 seconds to synchronously load lazily loaded font '../../../Engine/Content/Editor/Slate/Fonts/FontAwesome.ttf' (139K)
[2017.12.29-21.47.41:052][  0]LogMaterial: Missing cached shader map for material LevelGridMaterial2, compiling. 
[2017.12.29-21.47.41:264][  0]LogRenderer: Reallocating scene render targets to support 1208x600 Format 26 NumSamples 1 (Frame:1).
[2017.12.29-21.48.08:179][  0]LogContentBrowser: Native class hierarchy updated for 'HierarchicalLODOutliner' in 0.0022 seconds. Added 1 classes and 2 folders.
[2017.12.29-21.48.08:179][  0]LogLoad: (Engine Initialization) Total time: 108.24 seconds
[2017.12.29-21.48.08:179][  0]LogLoad: (Engine Initialization) Total Blueprint compile time: 0.00 seconds
[2017.12.29-21.48.08:180][  0]LogExternalProfiler: Found external profiler: VSPerf
[2017.12.29-21.48.08:180][  0]LogExternalProfiler: Using external profiler: VSPerf
[2017.12.29-21.48.08:537][  0]LogOcInput: OculusInput is initialized
[2017.12.29-21.48.08:624][  0]LogContentStreaming: Texture pool size now 1000 MB
[2017.12.29-21.48.09:173][  1]LogSlate: Took 0.021125 seconds to synchronously load lazily loaded font '../../../Engine/Content/Slate/Fonts/Roboto-Light.ttf' (159K)
[2017.12.29-21.48.21:770][  6]LogAssetRegistry: Asset discovery search completed in 102.0031 seconds
[2017.12.29-21.48.21:777][  6]LogCollectionManager: Rebuilt the object cache for 0 collections in 0.000001 seconds (found 0 objects)
[2017.12.29-21.48.21:777][  6]LogCollectionManager: Fixed up redirectors for 0 collections in 0.000087 seconds (updated 0 objects)
[2017.12.29-21.49.48:958][980]LogTemp: Repeating last play command: Selected Viewport
[2017.12.29-21.49.49:208][980]LogPlayLevel: PlayLevel: No blueprints needed recompiling
[2017.12.29-21.49.49:208][980]LogHMD: Initializing OVRPlugin session
[2017.12.29-21.49.49:898][980]PIE: New page: PIE session: StartupMap (Dec 29, 2017, 5:49:49 AM)
[2017.12.29-21.49.49:919][980]LogPlayLevel: Creating play world package: /Game/VirtualRealityBP/Maps/UEDPIE_0_StartupMap
[2017.12.29-21.49.49:971][980]LogPlayLevel: PIE: StaticDuplicateObject took: (0.051583s)
[2017.12.29-21.49.49:972][980]LogAIModule: Creating AISystem for world StartupMap
[2017.12.29-21.49.49:983][980]LogPlayLevel: PIE: World Init took: (0.012584s)
[2017.12.29-21.49.49:995][980]LogPlayLevel: PIE: Created PIE world by copying editor world from /Game/VirtualRealityBP/Maps/StartupMap.StartupMap to /Game/VirtualRealityBP/Maps/UEDPIE_0_StartupMap.StartupMap (0.079367s)
[2017.12.29-21.49.50:150][980]LogInit: XAudio2 using 'Headphones (High Definition Audio Device)' : 2 channels at 48 kHz using 16 bits per sample (channel mask 0x3)
[2017.12.29-21.49.50:189][980]LogInit: FAudioDevice initialized.
[2017.12.29-21.49.50:294][980]LogUObjectGlobals: Warning: Failed to find object 'Class None.'
[2017.12.29-21.49.50:298][980]LogLoad: Game class is 'GameModeBase'
[2017.12.29-21.49.50:395][980]LogWorld: Bringing World /Game/VirtualRealityBP/Maps/UEDPIE_0_StartupMap.StartupMap up for play (max tick rate 0) at 2017.12.29-13.49.50
[2017.12.29-21.49.50:420][980]LogWorld: Bringing up level for play took: 0.029043
[2017.12.29-21.49.50:785][980]LogContentBrowser: Native class hierarchy updated for 'MovieSceneCapture' in 0.0018 seconds. Added 11 classes and 0 folders.
[2017.12.29-21.49.50:839][980]PIE: Play in editor start time for /Game/VirtualRealityBP/Maps/UEDPIE_0_StartupMap 1.9
[2017.12.29-21.52.53:523][164]LogSlate: Took 0.000310 seconds to synchronously load lazily loaded font '../../../Engine/Content/Slate/Fonts/Roboto-Light.ttf' (159K)
[2017.12.29-21.52.57:143][164]Cmd: MAP LOAD FILE="../../../../../../Users/Sean/Documents/GitHub/VhuntR01/Content/levels/test_sp.umap" TEMPLATE=0 SHOWPROGRESS=1 FEATURELEVEL=3
[2017.12.29-21.52.57:146][164]LightingResults: New page: Lighting Build
[2017.12.29-21.52.57:148][164]LoadErrors: New page: Loading map: test_sp.umap
[2017.12.29-21.52.57:151][164]MapCheck: New page: Map Check
[2017.12.29-21.52.57:151][164]LightingResults: New page: Lighting Build
[2017.12.29-21.52.57:461][164]LogEditorServer: Finished looking for orphan Actors (0.000 secs)
[2017.12.29-21.52.57:462][164]LogAIModule: Creating AISystem for world test_sp
[2017.12.29-21.52.57:517][164]LogSlate: Took 0.010801 seconds to synchronously load lazily loaded font '../../../Engine/Content/Slate/Fonts/Roboto-Regular.ttf' (155K)
[2017.12.29-21.52.58:417][164]Cmd: MAP CHECKDEP NOCLEARLOG
[2017.12.29-21.52.58:588][164]MapCheck: Map check complete: 0 Error(s), 0 Warning(s), took 171.469ms to complete.
[2017.12.29-21.52.58:592][164]LogFileHelpers: Loading map 'test_sp' took 1.451
[2017.12.29-21.53.07:995][877]LogMaterial: Missing cached shader map for material LayerVisMaterial, compiling. 
[2017.12.29-21.53.08:063][877]LogMaterial: Missing cached shader map for material LayerVisMaterial, compiling. 
[2017.12.29-21.53.08:116][877]LogMaterial: Missing cached shader map for material SelectBrushMaterial, compiling. 
[2017.12.29-21.53.08:138][877]LogMaterial: Missing cached shader map for material SelectBrushMaterial, compiling. 
[2017.12.29-21.53.08:192][877]LogMaterial: Missing cached shader map for material SelectBrushMaterial, compiling. 
[2017.12.29-21.53.08:257][877]LogMaterial: Missing cached shader map for material SelectBrushMaterial, compiling. 
[2017.12.29-21.53.08:303][877]LogMaterial: Missing cached shader map for material MaskBrushMaterial, compiling. 
[2017.12.29-21.53.08:324][877]LogMaterial: Missing cached shader map for material MaskBrushMaterial, compiling. 
[2017.12.29-21.53.08:351][877]LogMaterial: Missing cached shader map for material MaskBrushMaterial, compiling. 
[2017.12.29-21.53.08:415][877]LogMaterial: Missing cached shader map for material LandscapeLayerUsageMaterial, compiling. 
[2017.12.29-21.53.08:446][877]LogMaterial: Missing cached shader map for material LandscapeLayerUsageMaterial, compiling. 
[2017.12.29-21.53.08:519][877]LogMaterial: Missing cached shader map for material MirrorPlaneMaterial, compiling. 
[2017.12.29-21.53.08:560][877]LogMaterial: Missing cached shader map for material CircleBrushMaterial, compiling. 
[2017.12.29-21.53.08:605][877]LogMaterial: Missing cached shader map for material CircleBrushMaterial, compiling. 
[2017.12.29-21.53.08:625][877]LogMaterial: Missing cached shader map for material CircleBrushMaterial, compiling. 
[2017.12.29-21.53.08:670][877]LogMaterial: Missing cached shader map for material CircleBrushMaterial, compiling. 
[2017.12.29-21.53.08:720][877]LogMaterial: Missing cached shader map for material CircleBrushMaterial, compiling. 
[2017.12.29-21.53.08:745][877]LogMaterial: Missing cached shader map for material CircleBrushMaterial, compiling. 
[2017.12.29-21.53.08:813][877]LogMaterial: Missing cached shader map for material CircleBrushMaterial, compiling. 
[2017.12.29-21.53.08:839][877]LogMaterial: Missing cached shader map for material CircleBrushMaterial, compiling. 
[2017.12.29-21.53.08:927][877]LogMaterial: Missing cached shader map for material AlphaBrushMaterial, compiling. 
[2017.12.29-21.53.08:974][877]LogMaterial: Missing cached shader map for material AlphaBrushMaterial, compiling. 
[2017.12.29-21.53.09:017][877]LogMaterial: Missing cached shader map for material CircleBrushMaterial, compiling. 
[2017.12.29-21.53.09:056][877]LogMaterial: Missing cached shader map for material CircleBrushMaterial, compiling. 
[2017.12.29-21.53.09:101][877]LogMaterial: Missing cached shader map for material MaskBrushMaterial, compiling. 
[2017.12.29-21.53.09:123][877]LogMaterial: Missing cached shader map for material MaskBrushMaterial, compiling. 
[2017.12.29-21.53.09:204][877]LogTexture: Display: Building textures: Texture2D_2 (G8, 128X128)
[2017.12.29-21.54.49:279][145]LogTexture: Display: Building textures: Texture2D_0 (BGRA8, 512X512)
[2017.12.29-21.54.49:347][145]LogMaterial: Missing cached shader map for material WorldGridMaterial, compiling. Is special engine material.
[2017.12.29-21.57.21:247][449]LogEditorViewport: Clicking on Actor (LMB): Landscape (Landscape)
[2017.12.29-21.58.04:888][428]Cmd: CAMERA ALIGN ACTIVEVIEWPORTONLY
[2017.12.29-22.15.27:658][592]LogTemp: Repeating last play command: Selected Viewport
[2017.12.29-22.15.28:011][592]LogPlayLevel: PlayLevel: No blueprints needed recompiling
[2017.12.29-22.15.28:011][592]LogHMD: Initializing OVRPlugin session
[2017.12.29-22.15.28:043][592]PIE: New page: PIE session: test_sp (Dec 29, 2017, 6:15:28 AM)
[2017.12.29-22.15.28:043][592]LogPlayLevel: Creating play world package: /Game/levels/UEDPIE_0_test_sp
[2017.12.29-22.15.28:067][592]LogPlayLevel: PIE: StaticDuplicateObject took: (0.023621s)
[2017.12.29-22.15.28:068][592]LogAIModule: Creating AISystem for world test_sp
[2017.12.29-22.15.28:069][592]LogPlayLevel: PIE: World Init took: (0.001548s)
[2017.12.29-22.15.28:069][592]LogPlayLevel: PIE: Created PIE world by copying editor world from /Game/levels/test_sp.test_sp to /Game/levels/UEDPIE_0_test_sp.test_sp (0.025525s)
[2017.12.29-22.15.28:303][592]LogInit: XAudio2 using 'Headphones (High Definition Audio Device)' : 2 channels at 48 kHz using 16 bits per sample (channel mask 0x3)
[2017.12.29-22.15.28:331][592]LogInit: FAudioDevice initialized.
[2017.12.29-22.15.28:373][592]LogUObjectGlobals: Warning: Failed to find object 'Class None.'
[2017.12.29-22.15.28:373][592]LogLoad: Game class is 'GameModeBase'
[2017.12.29-22.15.28:380][592]LogWorld: Bringing World /Game/levels/UEDPIE_0_test_sp.test_sp up for play (max tick rate 0) at 2017.12.29-14.15.28
[2017.12.29-22.15.28:438][592]LogWorld: Bringing up level for play took: 0.063837
[2017.12.29-22.15.28:496][592]PIE: Play in editor start time for /Game/levels/UEDPIE_0_test_sp -0.443
[2017.12.29-22.17.31:516][ 64]LogSlate: Took 0.015249 seconds to synchronously load lazily loaded font '../../../Engine/Content/Editor/Slate/Fonts/Roboto-Italic.ttf' (157K)
[2017.12.29-22.17.35:011][245]LogTemp: Repeating last play command: Selected Viewport
[2017.12.29-22.17.40:795][245]LogPlayLevel: PlayLevel: No blueprints needed recompiling
[2017.12.29-22.17.40:795][245]LogHMD: Initializing OVRPlugin session
[2017.12.29-22.17.40:840][245]PIE: New page: PIE session: test_sp (Dec 29, 2017, 6:17:40 AM)
[2017.12.29-22.17.40:841][245]LogPlayLevel: Creating play world package: /Game/levels/UEDPIE_0_test_sp
[2017.12.29-22.17.40:868][245]LogPlayLevel: PIE: StaticDuplicateObject took: (0.027007s)
[2017.12.29-22.17.40:869][245]LogAIModule: Creating AISystem for world test_sp
[2017.12.29-22.17.40:869][245]LogPlayLevel: PIE: World Init took: (0.001272s)
[2017.12.29-22.17.40:869][245]LogPlayLevel: PIE: Created PIE world by copying editor world from /Game/levels/test_sp.test_sp to /Game/levels/UEDPIE_0_test_sp.test_sp (0.028917s)
[2017.12.29-22.17.40:986][245]LogInit: XAudio2 using 'Headphones (High Definition Audio Device)' : 2 channels at 48 kHz using 16 bits per sample (channel mask 0x3)
[2017.12.29-22.17.41:016][245]LogInit: FAudioDevice initialized.
[2017.12.29-22.17.41:062][245]LogUObjectGlobals: Warning: Failed to find object 'Class None.'
[2017.12.29-22.17.41:062][245]LogLoad: Game class is 'GameModeBase'
[2017.12.29-22.17.41:067][245]LogWorld: Bringing World /Game/levels/UEDPIE_0_test_sp.test_sp up for play (max tick rate 0) at 2017.12.29-14.17.41
[2017.12.29-22.17.41:080][245]LogWorld: Bringing up level for play took: 0.017498
[2017.12.29-22.17.41:113][245]PIE: Play in editor start time for /Game/levels/UEDPIE_0_test_sp 0.174
[2017.12.29-22.18.53:552][506]Cmd: QUIT_EDITOR
[2017.12.29-22.18.54:368][506]LogWindowsTextInputMethodSystem: Display: IME system now deactivated.
[2017.12.29-22.18.54:398][506]LogExit: Preparing to exit.
[2017.12.29-22.18.55:108][506]LogDirectoryWatcher: A directory notification for 'C:/Users/Sean/Documents/GitHub/VhuntR01/Content/' was aborted.
[2017.12.29-22.18.55:186][506]LogExit: Editor shut down
[2017.12.29-22.18.55:224][506]LogExit: Transaction tracking system shut down
[2017.12.29-22.18.55:739][506]LogDirectoryWatcher: A directory notification for '../../../Engine/Content/' was aborted.
[2017.12.29-22.18.55:740][506]LogDirectoryWatcher: A directory notification for '../../../../../../Users/Sean/Documents/GitHub/VhuntR01/Content/' was aborted.
[2017.12.29-22.18.55:742][506]LogDirectoryWatcher: A directory notification for '../../../Engine/Plugins/2D/Paper2D/Content/' was aborted.
[2017.12.29-22.18.55:742][506]LogDirectoryWatcher: A directory notification for '../../../Engine/Plugins/Runtime/Oculus/OculusVR/Content/' was aborted.
[2017.12.29-22.18.55:742][506]LogDirectoryWatcher: A directory notification for '../../../Engine/Plugins/Runtime/Steam/SteamVR/Content/' was aborted.
[2017.12.29-22.18.55:938][506]LogExit: Object subsystem successfully closed.
[2017.12.29-22.18.56:002][506]LogD3D11RHI: Shutdown
[2017.12.29-22.18.56:002][506]LogD3D11RHI: CleanupD3DDevice
[2017.12.29-22.18.56:308][506]LogD3D11RHI: ~FD3D11DynamicRHI
[2017.12.29-22.18.56:382][506]LogModuleManager: Shutting down and abandoning module MovieSceneCapture (532)
[2017.12.29-22.18.56:394][506]LogModuleManager: Shutting down and abandoning module HierarchicalLODOutliner (530)
[2017.12.29-22.18.56:394][506]LogModuleManager: Shutting down and abandoning module SceneOutliner (528)
[2017.12.29-22.18.56:408][506]LogModuleManager: Shutting down and abandoning module AddContentDialog (526)
[2017.12.29-22.18.56:416][506]LogDirectoryWatcher: A directory notification for 'C:/Program Files/Epic Games/UE_4.17/FeaturePacks/' was aborted.
[2017.12.29-22.18.56:419][506]LogModuleManager: Shutting down and abandoning module WidgetCarousel (525)
[2017.12.29-22.18.56:419][506]LogModuleManager: Shutting down and abandoning module EditorWidgets (522)
[2017.12.29-22.18.56:419][506]LogModuleManager: Shutting down and abandoning module CollectionManager (520)
[2017.12.29-22.18.56:419][506]LogDirectoryWatcher: A directory notification for 'C:/Users/Sean/Documents/GitHub/VhuntR01/Content/Collections/' was aborted.
[2017.12.29-22.18.56:419][506]LogDirectoryWatcher: A directory notification for 'C:/Users/Sean/Documents/GitHub/VhuntR01/Content/Developers/Sean/Collections/' was aborted.
[2017.12.29-22.18.56:420][506]LogDirectoryWatcher: A directory notification for 'C:/Users/Sean/Documents/GitHub/VhuntR01/Saved/Collections/' was aborted.
[2017.12.29-22.18.56:420][506]LogModuleManager: Shutting down and abandoning module StatsViewer (518)
[2017.12.29-22.18.56:420][506]LogModuleManager: Shutting down and abandoning module FoliageEdit (516)
[2017.12.29-22.18.56:420][506]LogModuleManager: Shutting down and abandoning module LandscapeEditor (514)
[2017.12.29-22.18.56:420][506]LogModuleManager: Shutting down and abandoning module MeshPaintMode (512)
[2017.12.29-22.18.56:420][506]LogModuleManager: Shutting down and abandoning module SceneDepthPickerMode (510)
[2017.12.29-22.18.56:420][506]LogModuleManager: Shutting down and abandoning module ActorPickerMode (508)
[2017.12.29-22.18.56:420][506]LogModuleManager: Shutting down and abandoning module GeometryMode (506)
[2017.12.29-22.18.56:420][506]LogModuleManager: Shutting down and abandoning module TextureAlignMode (504)
[2017.12.29-22.18.56:420][506]LogModuleManager: Shutting down and abandoning module BspMode (502)
[2017.12.29-22.18.56:420][506]LogModuleManager: Shutting down and abandoning module PIEPreviewDeviceProfileSelector (500)
[2017.12.29-22.18.56:420][506]LogModuleManager: Shutting down and abandoning module HardwareSurvey (498)
[2017.12.29-22.18.56:420][506]LogModuleManager: Shutting down and abandoning module SequenceRecorderSections (496)
[2017.12.29-22.18.56:421][506]LogModuleManager: Shutting down and abandoning module AutomationWorker (494)
[2017.12.29-22.18.56:421][506]LogModuleManager: Shutting down and abandoning module MatineeToLevelSequence (492)
[2017.12.29-22.18.56:421][506]LogModuleManager: Shutting down and abandoning module LevelSequenceEditor (490)
[2017.12.29-22.18.56:421][506]LogModuleManager: Shutting down and abandoning module PlacementMode (489)
[2017.12.29-22.18.56:421][506]LogModuleManager: Shutting down and abandoning module WmfMediaFactory (486)
[2017.12.29-22.18.56:421][506]LogModuleManager: Shutting down and abandoning module WmfMediaEditor (484)
[2017.12.29-22.18.56:421][506]LogModuleManager: Shutting down and abandoning module AvfMediaFactory (482)
[2017.12.29-22.18.56:421][506]LogModuleManager: Shutting down and abandoning module AvfMediaEditor (480)
[2017.12.29-22.18.56:421][506]LogModuleManager: Shutting down and abandoning module AndroidMediaFactory (478)
[2017.12.29-22.18.56:421][506]LogModuleManager: Shutting down and abandoning module Media (477)
[2017.12.29-22.18.56:421][506]LogModuleManager: Shutting down and abandoning module AndroidMediaEditor (474)
[2017.12.29-22.18.56:421][506]LogModuleManager: Shutting down and abandoning module CharacterAI (472)
[2017.12.29-22.18.56:421][506]LogModuleManager: Shutting down and abandoning module AudioCapture (470)
[2017.12.29-22.18.56:421][506]LogModuleManager: Shutting down and abandoning module SequenceRecorder (469)
[2017.12.29-22.18.56:421][506]LogModuleManager: Shutting down and abandoning module SmartSnapping (466)
[2017.12.29-22.18.56:421][506]LogModuleManager: Shutting down and abandoning module SessionServices (464)
[2017.12.29-22.18.56:421][506]LogModuleManager: Shutting down and abandoning module ViewportSnapping (462)
[2017.12.29-22.18.56:421][506]LogModuleManager: Shutting down and abandoning module ViewportInteraction (460)
[2017.12.29-22.18.56:421][506]LogModuleManager: Shutting down and abandoning module ClothPainter (458)
[2017.12.29-22.18.56:421][506]LogModuleManager: Shutting down and abandoning module LogVisualizer (456)
[2017.12.29-22.18.56:421][506]LogModuleManager: Shutting down and abandoning module IntroTutorials (454)
[2017.12.29-22.18.56:421][506]LogModuleManager: Shutting down and abandoning module GameProjectGeneration (453)
[2017.12.29-22.18.56:421][506]LogModuleManager: Shutting down and abandoning module IOSPlatformEditor (450)
[2017.12.29-22.18.56:422][506]LogModuleManager: Shutting down and abandoning module HTML5PlatformEditor (448)
[2017.12.29-22.18.56:422][506]LogModuleManager: Shutting down and abandoning module AndroidPlatformEditor (446)
[2017.12.29-22.18.56:422][506]LogModuleManager: Shutting down and abandoning module AndroidDeviceDetection (445)
[2017.12.29-22.18.56:553][506]LogModuleManager: Shutting down and abandoning module WindowsPlatformEditor (442)
[2017.12.29-22.18.56:553][506]LogModuleManager: Shutting down and abandoning module IOSRuntimeSettings (440)
[2017.12.29-22.18.56:553][506]LogModuleManager: Shutting down and abandoning module AndroidRuntimeSettings (438)
[2017.12.29-22.18.56:553][506]LogModuleManager: Shutting down and abandoning module InputBindingEditor (436)
[2017.12.29-22.18.56:553][506]LogModuleManager: Shutting down and abandoning module MergeActors (434)
[2017.12.29-22.18.56:553][506]LogModuleManager: Shutting down and abandoning module SizeMap (432)
[2017.12.29-22.18.56:553][506]LogModuleManager: Shutting down and abandoning module TreeMap (430)
[2017.12.29-22.18.56:553][506]LogModuleManager: Shutting down and abandoning module ReferenceViewer (428)
[2017.12.29-22.18.56:553][506]LogModuleManager: Shutting down and abandoning module LocalizationDashboard (426)
[2017.12.29-22.18.56:553][506]LogModuleManager: Shutting down and abandoning module LocalizationService (425)
[2017.12.29-22.18.56:553][506]LogModuleManager: Shutting down and abandoning module HardwareTargeting (422)
[2017.12.29-22.18.56:553][506]LogModuleManager: Shutting down and abandoning module DeviceProfileEditor (420)
[2017.12.29-22.18.56:553][506]LogModuleManager: Shutting down and abandoning module UndoHistory (418)
[2017.12.29-22.18.56:553][506]LogModuleManager: Shutting down and abandoning module XmlParser (416)
[2017.12.29-22.18.56:553][506]LogModuleManager: Shutting down and abandoning module Blutility (414)
[2017.12.29-22.18.56:553][506]LogModuleManager: Shutting down and abandoning module ProjectSettingsViewer (412)
[2017.12.29-22.18.56:553][506]LogModuleManager: Shutting down and abandoning module ProjectTargetPlatformEditor (411)
[2017.12.29-22.18.56:554][506]LogModuleManager: Shutting down and abandoning module EditorSettingsViewer (408)
[2017.12.29-22.18.56:554][506]LogModuleManager: Shutting down and abandoning module SettingsEditor (406)
[2017.12.29-22.18.56:554][506]LogModuleManager: Shutting down and abandoning module ProjectLauncher (404)
[2017.12.29-22.18.56:554][506]LogModuleManager: Shutting down and abandoning module SessionFrontend (402)
[2017.12.29-22.18.56:554][506]LogModuleManager: Shutting down and abandoning module ProfilerClient (400)
[2017.12.29-22.18.56:554][506]LogModuleManager: Shutting down and abandoning module DeviceManager (398)
[2017.12.29-22.18.56:554][506]LogModuleManager: Shutting down and abandoning module TargetDeviceServices (397)
[2017.12.29-22.18.56:625][506]LogModuleManager: Shutting down and abandoning module AutomationController (394)
[2017.12.29-22.18.56:625][506]LogModuleManager: Shutting down and abandoning module AutomationWindow (392)
[2017.12.29-22.18.56:625][506]LogModuleManager: Shutting down and abandoning module Layers (390)
[2017.12.29-22.18.56:626][506]LogModuleManager: Shutting down and abandoning module ComponentVisualizers (388)
[2017.12.29-22.18.56:626][506]LogModuleManager: Shutting down and abandoning module DetailCustomizations (386)
[2017.12.29-22.18.56:626][506]LogModuleManager: Shutting down and abandoning module PackagesDialog (384)
[2017.12.29-22.18.56:626][506]LogModuleManager: Shutting down and abandoning module Persona (382)
[2017.12.29-22.18.56:626][506]LogModuleManager: Shutting down and abandoning module AdvancedPreviewScene (381)
[2017.12.29-22.18.56:627][506]LogModuleManager: Shutting down and abandoning module AnimGraph (379)
[2017.12.29-22.18.56:627][506]LogModuleManager: Shutting down and abandoning module Kismet (376)
[2017.12.29-22.18.56:628][506]LogModuleManager: Shutting down and abandoning module ClassViewer (374)
[2017.12.29-22.18.56:628][506]LogModuleManager: Shutting down and abandoning module Toolbox (372)
[2017.12.29-22.18.56:628][506]LogModuleManager: Shutting down and abandoning module ModuleUI (370)
[2017.12.29-22.18.56:628][506]LogModuleManager: Shutting down and abandoning module MovieSceneTools (368)
[2017.12.29-22.18.56:628][506]LogModuleManager: Shutting down and abandoning module OutputLog (366)
[2017.12.29-22.18.56:628][506]LogModuleManager: Shutting down and abandoning module GammaUI (364)
[2017.12.29-22.18.56:628][506]LogModuleManager: Shutting down and abandoning module Documentation (362)
[2017.12.29-22.18.56:628][506]LogModuleManager: Shutting down and abandoning module MovieSceneTracks (360)
[2017.12.29-22.18.56:628][506]LogModuleManager: Shutting down and abandoning module MovieScene (358)
[2017.12.29-22.18.56:628][506]LogModuleManager: Shutting down and abandoning module Niagara (356)
[2017.12.29-22.18.56:628][506]LogModuleManager: Shutting down and abandoning module NiagaraEditor (355)
[2017.12.29-22.18.56:629][506]LogModuleManager: Shutting down and abandoning module StreamingPauseRendering (352)
[2017.12.29-22.18.56:629][506]LogModuleManager: Shutting down and abandoning module LauncherPlatform (350)
[2017.12.29-22.18.56:629][506]LogModuleManager: Shutting down and abandoning module AnalyticsET (348)
[2017.12.29-22.18.56:629][506]LogModuleManager: Shutting down and abandoning module PortalServices (346)
[2017.12.29-22.18.56:629][506]LogModuleManager: Shutting down and abandoning module PortalRpc (344)
[2017.12.29-22.18.56:629][506]LogModuleManager: Shutting down and abandoning module MessagingRpc (342)
[2017.12.29-22.18.56:629][506]LogModuleManager: Shutting down and abandoning module AIModule (340)
[2017.12.29-22.18.56:629][506]LogModuleManager: Shutting down and abandoning module GameplayDebugger (339)
[2017.12.29-22.18.56:629][506]LogModuleManager: Shutting down and abandoning module AITestSuite (337)
[2017.12.29-22.18.56:629][506]LogModuleManager: Shutting down and abandoning module ProfilerService (334)
[2017.12.29-22.18.56:784][506]LogModuleManager: Shutting down and abandoning module TaskGraph (332)
[2017.12.29-22.18.56:784][506]LogModuleManager: Shutting down and abandoning module SteamVRController (330)
[2017.12.29-22.18.56:784][506]LogModuleManager: Shutting down and abandoning module ProceduralMeshComponentEditor (328)
[2017.12.29-22.18.56:784][506]LogModuleManager: Shutting down and abandoning module ProceduralMeshComponent (326)
[2017.12.29-22.18.56:784][506]LogModuleManager: Shutting down and abandoning module OculusInput (324)
[2017.12.29-22.18.56:784][506]LogModuleManager: Shutting down and abandoning module MobilePatchingUtils (322)
[2017.12.29-22.18.56:784][506]LogModuleManager: Shutting down and abandoning module CustomMeshComponent (320)
[2017.12.29-22.18.56:784][506]LogModuleManager: Shutting down and abandoning module CableComponent (318)
[2017.12.29-22.18.56:784][506]LogModuleManager: Shutting down and abandoning module ArchVisCharacter (316)
[2017.12.29-22.18.56:784][506]LogModuleManager: Shutting down and abandoning module AndroidPermission (314)
[2017.12.29-22.18.56:784][506]LogModuleManager: Shutting down and abandoning module MediaPlayerEditor (310)
[2017.12.29-22.18.56:785][506]LogModuleManager: Shutting down and abandoning module HTML5Networking (308)
[2017.12.29-22.18.56:785][506]LogModuleManager: Shutting down and abandoning module AlembicImporter (306)
[2017.12.29-22.18.56:785][506]LogModuleManager: Shutting down and abandoning module AlembicLibrary (305)
[2017.12.29-22.18.56:785][506]LogModuleManager: Shutting down and abandoning module GeometryCache (304)
[2017.12.29-22.18.56:785][506]LogModuleManager: Shutting down and abandoning module GeometryCacheEd (303)
[2017.12.29-22.18.56:785][506]LogModuleManager: Shutting down and abandoning module SpeedTreeImporter (298)
[2017.12.29-22.18.56:785][506]LogModuleManager: Shutting down and abandoning module PluginBrowser (296)
[2017.12.29-22.18.56:785][506]LogModuleManager: Shutting down and abandoning module MobileLauncherProfileWizard (294)
[2017.12.29-22.18.56:785][506]LogModuleManager: Shutting down and abandoning module VisualStudioSourceCodeAccess (292)
[2017.12.29-22.18.56:785][506]LogModuleManager: Shutting down and abandoning module DesktopPlatform (291)
[2017.12.29-22.18.56:785][506]LogModuleManager: Shutting down and abandoning module UObjectPlugin (288)
[2017.12.29-22.18.56:785][506]LogModuleManager: Shutting down and abandoning module SubversionSourceControl (286)
[2017.12.29-22.18.56:785][506]LogModuleManager: Shutting down and abandoning module PerforceSourceControl (284)
[2017.12.29-22.18.56:785][506]LogModuleManager: Shutting down and abandoning module GitSourceControl (282)
[2017.12.29-22.18.56:785][506]LogModuleManager: Shutting down and abandoning module SourceControl (281)
[2017.12.29-22.18.56:785][506]LogModuleManager: Shutting down and abandoning module LightPropagationVolumeEditor (278)
[2017.12.29-22.18.56:785][506]LogModuleManager: Shutting down and abandoning module PaperTiledImporter (276)
[2017.12.29-22.18.56:785][506]LogModuleManager: Shutting down and abandoning module PaperSpriteSheetImporter (274)
[2017.12.29-22.18.56:785][506]LogModuleManager: Shutting down and abandoning module Paper2DEditor (272)
[2017.12.29-22.18.56:785][506]LogModuleManager: Shutting down and abandoning module MeshPaint (271)
[2017.12.29-22.18.56:785][506]LogModuleManager: Shutting down and abandoning module LevelEditor (269)
[2017.12.29-22.18.56:787][506]LogModuleManager: Shutting down and abandoning module PixelInspectorModule (268)
[2017.12.29-22.18.56:787][506]LogModuleManager: Shutting down and abandoning module MainFrame (266)
[2017.12.29-22.18.56:787][506]LogModuleManager: Shutting down and abandoning module HotReload (265)
[2017.12.29-22.18.56:788][506]LogModuleManager: Shutting down and abandoning module RuntimePhysXCooking (260)
[2017.12.29-22.18.56:788][506]LogModuleManager: Shutting down and abandoning module PhysXVehiclesEditor (258)
[2017.12.29-22.18.56:788][506]LogModuleManager: Shutting down and abandoning module PhysXVehicles (256)
[2017.12.29-22.18.56:788][506]LogModuleManager: Shutting down and abandoning module OculusEditor (254)
[2017.12.29-22.18.56:789][506]LogModuleManager: Shutting down and abandoning module LocationServicesBPLibrary (252)
[2017.12.29-22.18.56:789][506]LogModuleManager: Shutting down and abandoning module ImmediatePhysicsEditor (250)
[2017.12.29-22.18.56:789][506]LogModuleManager: Shutting down and abandoning module ImmediatePhysics (248)
[2017.12.29-22.18.56:789][506]LogModuleManager: Shutting down and abandoning module UdpMessaging (246)
[2017.12.29-22.18.56:890][506]LogModuleManager: Shutting down and abandoning module TcpMessaging (244)
[2017.12.29-22.18.56:994][506]LogModuleManager: Shutting down and abandoning module GameplayTagsEditor (242)
[2017.12.29-22.18.56:995][506]LogModuleManager: Shutting down and abandoning module FacialAnimationEditor (240)
[2017.12.29-22.18.56:995][506]LogModuleManager: Shutting down and abandoning module FacialAnimation (238)
[2017.12.29-22.18.56:995][506]LogModuleManager: Shutting down and abandoning module AssetManagerEditor (236)
[2017.12.29-22.18.56:995][506]LogModuleManager: Shutting down and abandoning module GraphEditor (235)
[2017.12.29-22.18.56:995][506]LogModuleManager: Shutting down and abandoning module ContentBrowser (233)
[2017.12.29-22.18.56:998][506]LogModuleManager: Shutting down and abandoning module LightPropagationVolumeRuntime (230)
[2017.12.29-22.18.56:998][506]LogModuleManager: Shutting down and abandoning module Paper2D (228)
[2017.12.29-22.18.56:998][506]LogModuleManager: Shutting down and abandoning module WindowsMoviePlayer (226)
[2017.12.29-22.18.56:998][506]LogModuleManager: Shutting down and abandoning module WmfMedia (224)
[2017.12.29-22.18.56:998][506]LogModuleManager: Shutting down and abandoning module PacketHandler (222)
[2017.12.29-22.18.56:998][506]LogModuleManager: Shutting down and abandoning module ClothingSystemEditor (220)
[2017.12.29-22.18.56:999][506]LogModuleManager: Shutting down and abandoning module ClothingSystemRuntime (218)
[2017.12.29-22.18.56:999][506]LogModuleManager: Shutting down and abandoning module Overlay (216)
[2017.12.29-22.18.57:000][506]LogModuleManager: Shutting down and abandoning module OverlayEditor (215)
[2017.12.29-22.18.57:000][506]LogModuleManager: Shutting down and abandoning module MediaAssets (212)
[2017.12.29-22.18.57:000][506]LogModuleManager: Shutting down and abandoning module VREditor (210)
[2017.12.29-22.18.57:000][506]LogModuleManager: Shutting down and abandoning module StringTableEditor (208)
[2017.12.29-22.18.57:000][506]LogModuleManager: Shutting down and abandoning module GameplayTasksEditor (206)
[2017.12.29-22.18.57:001][506]LogModuleManager: Shutting down and abandoning module BehaviorTreeEditor (204)
[2017.12.29-22.18.57:001][506]LogModuleManager: Shutting down and abandoning module FunctionalTesting (202)
[2017.12.29-22.18.57:001][506]LogModuleManager: Shutting down and abandoning module CollisionAnalyzer (200)
[2017.12.29-22.18.57:001][506]LogModuleManager: Shutting down and abandoning module WorkspaceMenuStructure (199)
[2017.12.29-22.18.57:001][506]LogModuleManager: Shutting down and abandoning module UMG (196)
[2017.12.29-22.18.57:001][506]LogModuleManager: Shutting down and abandoning module UMGEditor (195)
[2017.12.29-22.18.57:005][506]LogModuleManager: Shutting down and abandoning module Sequencer (194)
[2017.12.29-22.18.57:012][506]LogModuleManager: Shutting down and abandoning module MessageLog (191)
[2017.12.29-22.18.57:012][506]LogModuleManager: Shutting down and abandoning module SlateReflector (186)
[2017.12.29-22.18.57:012][506]LogModuleManager: Shutting down and abandoning module Slate (184)
[2017.12.29-22.18.57:012][506]LogModuleManager: Shutting down and abandoning module EditorStyle (182)
[2017.12.29-22.18.57:035][506]LogModuleManager: Shutting down and abandoning module MRMesh (180)
[2017.12.29-22.18.57:035][506]LogModuleManager: Shutting down and abandoning module SourceCodeAccess (178)
[2017.12.29-22.18.57:035][506]LogModuleManager: Shutting down and abandoning module HeadMountedDisplay (176)
[2017.12.29-22.18.57:035][506]LogModuleManager: Shutting down and abandoning module XAudio2 (174)
[2017.12.29-22.18.57:035][506]LogModuleManager: Shutting down and abandoning module Networking (172)
[2017.12.29-22.18.57:035][506]LogModuleManager: Shutting down and abandoning module Core (168)
[2017.12.29-22.18.57:035][506]LogModuleManager: Shutting down and abandoning module KismetCompiler (164)
[2017.12.29-22.18.57:035][506]LogModuleManager: Shutting down and abandoning module LevelSequence (162)
[2017.12.29-22.18.57:035][506]LogModuleManager: Shutting down and abandoning module MeshUtilities (160)
[2017.12.29-22.18.57:035][506]LogModuleManager: Shutting down and abandoning module MeshMergeUtilities (159)
[2017.12.29-22.18.57:035][506]LogModuleManager: Shutting down and abandoning module MeshReductionInterface (158)
[2017.12.29-22.18.57:035][506]LogModuleManager: Shutting down and abandoning module SimplygonSwarm (157)
[2017.12.29-22.18.57:036][506]LogModuleManager: Shutting down and abandoning module SimplygonMeshReduction (155)
[2017.12.29-22.18.57:036][506]LogModuleManager: Shutting down and abandoning module QuadricMeshReduction (153)
[2017.12.29-22.18.57:036][506]LogModuleManager: Shutting down and abandoning module MaterialBaking (149)
[2017.12.29-22.18.57:036][506]LogModuleManager: Shutting down and abandoning module DirectoryWatcher (146)
[2017.12.29-22.18.57:043][506]LogModuleManager: Shutting down and abandoning module DerivedDataCache (144)
[2017.12.29-22.18.57:081][506]LogDerivedDataCache: Shutdown
[2017.12.29-22.18.57:081][506]LogModuleManager: Shutting down and abandoning module TargetPlatform (142)
[2017.12.29-22.18.57:081][506]LogModuleManager: Shutting down and abandoning module VulkanShaderFormat (141)
[2017.12.29-22.18.57:081][506]LogModuleManager: Shutting down and abandoning module ShaderFormatVectorVM (139)
[2017.12.29-22.18.57:081][506]LogModuleManager: Shutting down and abandoning module ShaderFormatOpenGL (137)
[2017.12.29-22.18.57:081][506]LogModuleManager: Shutting down and abandoning module ShaderFormatD3D (135)
[2017.12.29-22.18.57:081][506]LogModuleManager: Shutting down and abandoning module MetalShaderFormat (133)
[2017.12.29-22.18.57:081][506]LogModuleManager: Shutting down and abandoning module TextureFormatUncompressed (131)
[2017.12.29-22.18.57:081][506]LogModuleManager: Shutting down and abandoning module TextureFormatPVR (129)
[2017.12.29-22.18.57:081][506]LogModuleManager: Shutting down and abandoning module TextureFormatDXT (127)
[2017.12.29-22.18.57:081][506]LogModuleManager: Shutting down and abandoning module TextureFormatIntelISPCTexComp (125)
[2017.12.29-22.18.57:081][506]LogModuleManager: Shutting down and abandoning module TextureFormatASTC (123)
[2017.12.29-22.18.57:082][506]LogModuleManager: Shutting down and abandoning module ImageWrapper (122)
[2017.12.29-22.18.57:082][506]LogModuleManager: Shutting down and abandoning module TextureFormatAndroid (119)
[2017.12.29-22.18.57:082][506]LogModuleManager: Shutting down and abandoning module AudioFormatOpus (117)
[2017.12.29-22.18.57:082][506]LogModuleManager: Shutting down and abandoning module AudioFormatOgg (115)
[2017.12.29-22.18.57:082][506]LogModuleManager: Shutting down and abandoning module AudioFormatADPCM (113)
[2017.12.29-22.18.57:082][506]LogModuleManager: Shutting down and abandoning module LinuxTargetPlatform (111)
[2017.12.29-22.18.57:082][506]LogModuleManager: Shutting down and abandoning module LinuxServerTargetPlatform (109)
[2017.12.29-22.18.57:082][506]LogModuleManager: Shutting down and abandoning module LinuxNoEditorTargetPlatform (107)
[2017.12.29-22.18.57:082][506]LogModuleManager: Shutting down and abandoning module LinuxClientTargetPlatform (105)
[2017.12.29-22.18.57:082][506]LogModuleManager: Shutting down and abandoning module TVOSTargetPlatform (103)
[2017.12.29-22.18.57:082][506]LogModuleManager: Shutting down and abandoning module Messaging (101)
[2017.12.29-22.18.57:082][506]LogModuleManager: Shutting down and abandoning module IOSTargetPlatform (99)
[2017.12.29-22.18.57:082][506]LogModuleManager: Shutting down and abandoning module HTML5TargetPlatform (97)
[2017.12.29-22.18.57:082][506]LogModuleManager: Shutting down and abandoning module Android_PVRTCTargetPlatform (95)
[2017.12.29-22.18.57:082][506]LogModuleManager: Shutting down and abandoning module Android_MultiTargetPlatform (93)
[2017.12.29-22.18.57:082][506]LogModuleManager: Shutting down and abandoning module Android_ETC2TargetPlatform (91)
[2017.12.29-22.18.57:082][506]LogModuleManager: Shutting down and abandoning module Android_ETC1TargetPlatform (89)
[2017.12.29-22.18.57:082][506]LogModuleManager: Shutting down and abandoning module Android_DXTTargetPlatform (87)
[2017.12.29-22.18.57:082][506]LogModuleManager: Shutting down and abandoning module Android_ATCTargetPlatform (85)
[2017.12.29-22.18.57:082][506]LogModuleManager: Shutting down and abandoning module Android_ASTCTargetPlatform (83)
[2017.12.29-22.18.57:082][506]LogModuleManager: Shutting down and abandoning module AndroidTargetPlatform (81)
[2017.12.29-22.18.57:082][506]LogModuleManager: Shutting down and abandoning module WindowsTargetPlatform (79)
[2017.12.29-22.18.57:083][506]LogModuleManager: Shutting down and abandoning module WindowsServerTargetPlatform (77)
[2017.12.29-22.18.57:083][506]LogModuleManager: Shutting down and abandoning module WindowsNoEditorTargetPlatform (75)
[2017.12.29-22.18.57:083][506]LogModuleManager: Shutting down and abandoning module WindowsClientTargetPlatform (73)
[2017.12.29-22.18.57:083][506]LogModuleManager: Shutting down and abandoning module MacTargetPlatform (71)
[2017.12.29-22.18.57:083][506]LogModuleManager: Shutting down and abandoning module MacServerTargetPlatform (69)
[2017.12.29-22.18.57:083][506]LogModuleManager: Shutting down and abandoning module MacNoEditorTargetPlatform (67)
[2017.12.29-22.18.57:083][506]LogModuleManager: Shutting down and abandoning module MacClientTargetPlatform (65)
[2017.12.29-22.18.57:083][506]LogModuleManager: Shutting down and abandoning module AllDesktopTargetPlatform (63)
[2017.12.29-22.18.57:083][506]LogModuleManager: Shutting down and abandoning module InputCore (60)
[2017.12.29-22.18.57:083][506]LogModuleManager: Shutting down and abandoning module Settings (58)
[2017.12.29-22.18.57:083][506]LogModuleManager: Shutting down and abandoning module PhysXCooking (56)
[2017.12.29-22.18.57:083][506]LogModuleManager: Shutting down and abandoning module SteamVR (54)
[2017.12.29-22.18.57:083][506]LogModuleManager: Shutting down and abandoning module OculusHMD (52)
[2017.12.29-22.18.57:083][506]LogModuleManager: Shutting down and abandoning module ExampleDeviceProfileSelector (50)
[2017.12.29-22.18.57:083][506]LogModuleManager: Shutting down and abandoning module OnlineBlueprintSupport (48)
[2017.12.29-22.18.57:083][506]LogModuleManager: Shutting down and abandoning module OnlineSubsystem (44)
[2017.12.29-22.18.57:083][506]LogOnline: Display: Unloading online subsystem: NULL
[2017.12.29-22.18.57:083][506]LogModuleManager: Shutting down and abandoning module XMPP (43)
[2017.12.29-22.18.57:083][506]LogModuleManager: Shutting down and abandoning module HTTP (41)
[2017.12.29-22.18.57:083][506]LogHttp: Display: Http module shutting down, but needs to wait on 1 outstanding Http requests:
[2017.12.29-22.18.57:083][506]LogHttp: Display: 	verb=[POST] url=[https://datarouter.ol.epicgames.com/datarouter/api/v1/public/data?SessionID=%7BA5282D0B-4A00-4D4B-E660-04B1671C453C%7D&AppID=UEEditor.Rocket.Release&AppVersion=4.17.2-3658906%2B%2B%2BUE4%2BRelease-4.17&UserID=5c6b65d0437d6354b2d6169bbc6203b1%7C4ce5a41e227d4229b38dbaf7fa18578a%7C49f8eb60-c560-400f-bf39-6d797a0ebf7c&AppEnvironment=datacollector-binary&UploadType=eteventstream] status=Processing
[2017.12.29-22.18.57:094][506]LogModuleManager: Shutting down and abandoning module SSL (40)
[2017.12.29-22.18.57:100][506]LogModuleManager: Shutting down and abandoning module AnimationModifiers (36)
[2017.12.29-22.18.57:100][506]LogModuleManager: Shutting down and abandoning module PropertyEditor (35)
[2017.12.29-22.18.57:100][506]LogModuleManager: Shutting down and abandoning module AudioEditor (32)
[2017.12.29-22.18.57:100][506]LogModuleManager: Shutting down and abandoning module TextureCompressor (30)
[2017.12.29-22.18.57:100][506]LogModuleManager: Shutting down and abandoning module ShaderCore (28)
[2017.12.29-22.18.57:100][506]LogModuleManager: Shutting down and abandoning module Landscape (26)
[2017.12.29-22.18.57:100][506]LogModuleManager: Shutting down and abandoning module SlateRHIRenderer (24)
[2017.12.29-22.18.57:103][506]LogModuleManager: Shutting down and abandoning module OpenGLDrv (22)
[2017.12.29-22.18.57:103][506]LogModuleManager: Shutting down and abandoning module D3D11RHI (20)
[2017.12.29-22.18.57:103][506]LogModuleManager: Shutting down and abandoning module AnimGraphRuntime (18)
[2017.12.29-22.18.57:103][506]LogModuleManager: Shutting down and abandoning module Renderer (16)
[2017.12.29-22.18.57:103][506]LogModuleManager: Shutting down and abandoning module Engine (14)
[2017.12.29-22.18.57:103][506]LogModuleManager: Shutting down and abandoning module CoreUObject (12)
[2017.12.29-22.18.57:103][506]LogModuleManager: Shutting down and abandoning module NetworkFile (10)
[2017.12.29-22.18.57:103][506]LogModuleManager: Shutting down and abandoning module CookedIterativeFile (8)
[2017.12.29-22.18.57:103][506]LogModuleManager: Shutting down and abandoning module StreamingFile (6)
[2017.12.29-22.18.57:103][506]LogModuleManager: Shutting down and abandoning module SandboxFile (4)
[2017.12.29-22.18.57:103][506]LogModuleManager: Shutting down and abandoning module PakFile (2)
[2017.12.29-22.18.57:107][506]LogExit: Exiting.
[2017.12.29-22.18.57:158][506]Log file closed, 12/29/17 14:18:57
