Log file open, 12/03/17 17:25:50
LogWindows: Failed to load 'aqProf.dll' (GetLastError=126)
LogWindows: File 'aqProf.dll' does not exist
LogWindows: Failed to load 'VSPerf140.dll' (GetLastError=126)
LogWindows: File 'VSPerf140.dll' does not exist
LogWindows: Failed to load 'VtuneApi.dll' (GetLastError=126)
LogWindows: File 'VtuneApi.dll' does not exist
LogWindows: Failed to load 'VtuneApi32e.dll' (GetLastError=126)
LogWindows: File 'VtuneApi32e.dll' does not exist
LogInit: Display: Running engine for game: VhuntR
LogPlatformFile: Not using cached read wrapper
LogInit: Display: RandInit(-1046280036) SRandInit(-1046280036).
LogTaskGraph: Started task graph with 5 named threads and 14 total threads with 3 sets of task threads.
LogStats: Stats thread started at 0.257674
LogD3D11RHI: Aftermath initialized
LogPluginManager: Mounting plugin Paper2D
LogPluginManager: Mounting plugin LightPropagationVolume
LogPluginManager: Mounting plugin CodeLiteSourceCodeAccess
LogPluginManager: Mounting plugin GitSourceControl
LogPluginManager: Mounting plugin KDevelopSourceCodeAccess
LogPluginManager: Mounting plugin NullSourceCodeAccess
LogPluginManager: Mounting plugin PerforceSourceControl
LogPluginManager: Mounting plugin SubversionSourceControl
LogPluginManager: Mounting plugin UObjectPlugin
LogPluginManager: Mounting plugin VisualStudioSourceCodeAccess
LogPluginManager: Mounting plugin XCodeSourceCodeAccess
LogPluginManager: Mounting plugin AssetManagerEditor
LogPluginManager: Mounting plugin AudioCapture
LogPluginManager: Mounting plugin FacialAnimation
LogPluginManager: Mounting plugin GameplayTagsEditor
LogPluginManager: Mounting plugin MobileLauncherProfileWizard
LogPluginManager: Mounting plugin PluginBrowser
LogPluginManager: Mounting plugin SpeedTreeImporter
LogPluginManager: Mounting plugin AlembicImporter
LogPluginManager: Mounting plugin CharacterAI
LogPluginManager: Mounting plugin HTML5Networking
LogPluginManager: Mounting plugin AndroidMedia
LogPluginManager: Mounting plugin AvfMedia
LogPluginManager: Mounting plugin MediaPlayerEditor
LogPluginManager: Mounting plugin WmfMedia
LogPluginManager: Mounting plugin TcpMessaging
LogPluginManager: Mounting plugin UdpMessaging
LogPluginManager: Mounting plugin LevelSequenceEditor
LogPluginManager: Mounting plugin MatineeToLevelSequence
LogPluginManager: Mounting plugin OnlineSubsystemGooglePlay
LogPluginManager: Mounting plugin OnlineSubsystemIOS
LogPluginManager: Mounting plugin OnlineSubsystem
LogPluginManager: Mounting plugin OnlineSubsystemNull
LogPluginManager: Mounting plugin OnlineSubsystemUtils
LogPluginManager: Mounting plugin AndroidDeviceProfileSelector
LogPluginManager: Mounting plugin AndroidMoviePlayer
LogPluginManager: Mounting plugin AndroidPermission
LogPluginManager: Mounting plugin AppleMoviePlayer
LogPluginManager: Mounting plugin ArchVisCharacter
LogPluginManager: Mounting plugin CableComponent
LogPluginManager: Mounting plugin CustomMeshComponent
LogPluginManager: Mounting plugin ExampleDeviceProfileSelector
LogPluginManager: Mounting plugin GoogleCloudMessaging
LogPluginManager: Mounting plugin ImmediatePhysics
LogPluginManager: Mounting plugin IOSDeviceProfileSelector
LogPluginManager: Mounting plugin LinuxDeviceProfileSelector
LogPluginManager: Mounting plugin LocationServicesBPLibrary
LogPluginManager: Mounting plugin MobilePatchingUtils
LogPluginManager: Mounting plugin OculusVR
LogPluginManager: Mounting plugin PhysXVehicles
LogPluginManager: Mounting plugin ProceduralMeshComponent
LogPluginManager: Mounting plugin RuntimePhysXCooking
LogPluginManager: Mounting plugin SteamVR
LogPluginManager: Mounting plugin WindowsMoviePlayer
LogInit: Using libcurl 7.47.1
LogInit:  - built for x86_64-pc-win32
LogInit:  - supports SSL with OpenSSL/1.0.2g
LogInit:  - supports HTTP deflate (compression) using libz 1.2.8
LogInit:  - other features:
LogInit:      CURL_VERSION_SSL
LogInit:      CURL_VERSION_LIBZ
LogInit:      CURL_VERSION_IPV6
LogInit:      CURL_VERSION_ASYNCHDNS
LogInit:      CURL_VERSION_LARGEFILE
LogInit:      CURL_VERSION_IDN
LogInit:  CurlRequestOptions (configurable via config and command line):
LogInit:  - bVerifyPeer = false  - Libcurl will NOT verify peer certificate
LogInit:  - bUseHttpProxy = false  - Libcurl will NOT use HTTP proxy
LogInit:  - bDontReuseConnections = false  - Libcurl will reuse connections
LogInit:  - CertBundlePath = nullptr  - Libcurl will use whatever was configured at build time.
LogHMD: Failed initializing OVRPlugin 1.15.0
LogInit: Build: ++UE4+Release-4.17-CL-3658906
LogInit: Engine Version: 4.17.2-3658906+++UE4+Release-4.17
LogInit: Compatible Engine Version: 4.17.0-3573198+++UE4+Release-4.17
LogInit: Net CL: 3573198
LogDevObjectVersion: Number of dev versions registered: 16
LogDevObjectVersion:   Dev-Blueprints (B0D832E4-1F89-4F0D-ACCF-7EB736FD4AA2): 10
LogDevObjectVersion:   Dev-Build (E1C64328-A22C-4D53-A36C-8E866417BD8C): 0
LogDevObjectVersion:   Dev-Core (375EC13C-06E4-48FB-B500-84F0262A717E): 2
LogDevObjectVersion:   Dev-Editor (E4B068ED-F494-42E9-A231-DA0B2E46BB41): 20
LogDevObjectVersion:   Dev-Framework (CFFC743F-43B0-4480-9391-14DF171D2073): 28
LogDevObjectVersion:   Dev-Mobile (B02B49B5-BB20-44E9-A304-32B752E40360): 0
LogDevObjectVersion:   Dev-Networking (A4E4105C-59A1-49B5-A7C5-40C4547EDFEE): 0
LogDevObjectVersion:   Dev-Online (39C831C9-5AE6-47DC-9A44-9C173E1C8E7C): 0
LogDevObjectVersion:   Dev-Physics (78F01B33-EBEA-4F98-B9B4-84EACCB95AA2): 0
LogDevObjectVersion:   Dev-Platform (6631380F-2D4D-43E0-8009-CF276956A95A): 0
LogDevObjectVersion:   Dev-Rendering (12F88B9F-8875-4AFC-A67C-D90C383ABD29): 19
LogDevObjectVersion:   Dev-Sequencer (7B5AE74C-D270-4C10-A958-57980B212A5A): 4
LogDevObjectVersion:   Dev-VR (D7296918-1DD6-4BDD-9DE2-64A83CC13884): 0
LogDevObjectVersion:   Dev-LoadTimes (C2A15278-BFE7-4AFE-6C17-90FF531DF755): 1
LogDevObjectVersion:   Private-Geometry (6EACA3D4-40EC-4CC1-B786-8BED09428FC5): 1
LogDevObjectVersion:   Dev-AnimPhys (29E575DD-E0A3-4627-9D10-D276232CDCEA): 7
LogInit: Compiled (64-bit): Sep 22 2017 13:47:16
LogInit: Compiled with Visual C++: 19.00.24215.01
LogInit: Build Configuration: Development
LogInit: Branch Name: ++UE4+Release-4.17
LogInit: Command line: -EpicPortal 
LogInit: Base directory: C:/Program Files/Epic Games/UE_4.17/Engine/Binaries/Win64/
LogInit: Installed Engine Build: 1
LogInit: Presizing for max 8388607 objects, including 0 objects not considered by GC, pre-allocating 0 bytes for permanent pool.
LogInit: Object subsystem initialized
[2017.12.04-01.25.52:546][  0]LogInit: Selected Device Profile: [Windows]
[2017.12.04-01.25.52:546][  0]LogInit: Applying CVar settings loaded from the selected device profile: [Windows]
[2017.12.04-01.25.52:558][  0]LogInit: Computer: DESKTOP-H2O95SL
[2017.12.04-01.25.52:558][  0]LogInit: User: kenne
[2017.12.04-01.25.52:558][  0]LogInit: CPU Page size=4096, Cores=4
[2017.12.04-01.25.52:558][  0]LogInit: High frequency timer resolution =2.250002 MHz
[2017.12.04-01.25.52:558][  0]LogMemory: Memory total: Physical=15.9GB (16GB approx)
[2017.12.04-01.25.52:558][  0]LogMemory: Platform Memory Stats for Windows
[2017.12.04-01.25.52:558][  0]LogMemory: Process Physical Memory: 281.43 MB used, 281.43 MB peak
[2017.12.04-01.25.52:558][  0]LogMemory: Process Virtual Memory: 275.65 MB used, 275.65 MB peak
[2017.12.04-01.25.52:558][  0]LogMemory: Physical Memory: 7124.87 MB used,  9195.37 MB free, 16320.24 MB total
[2017.12.04-01.25.52:558][  0]LogMemory: Virtual Memory: 685.82 MB used,  9195.37 MB free, 134217728.00 MB total
[2017.12.04-01.25.53:190][  0]LogInit: Using OS detected language (en-US).
[2017.12.04-01.25.53:190][  0]LogInit: Using OS detected locale (en-US).
[2017.12.04-01.25.53:197][  0]LogTextLocalizationManager: No specific localization for 'en-US' exists, so the 'en' localization will be used.
[2017.12.04-01.25.54:208][  0]LogD3D11RHI: D3D11 adapters:
[2017.12.04-01.25.54:273][  0]LogD3D11RHI:    0. 'NVIDIA GeForce GTX 1060' (Feature Level 11_0)
[2017.12.04-01.25.54:273][  0]LogD3D11RHI:       3019/0/8160 MB DedicatedVideo/DedicatedSystem/SharedSystem, Outputs:1, VendorId:0x10de
[2017.12.04-01.25.54:276][  0]LogD3D11RHI:    1. 'Microsoft Basic Render Driver' (Feature Level 11_0)
[2017.12.04-01.25.54:276][  0]LogD3D11RHI:       0/0/8160 MB DedicatedVideo/DedicatedSystem/SharedSystem, Outputs:0, VendorId:0x1414
[2017.12.04-01.25.54:276][  0]LogD3D11RHI: Chosen D3D11 Adapter: 0
[2017.12.04-01.25.54:284][  0]LogD3D11RHI: Creating new Direct3DDevice
[2017.12.04-01.25.54:284][  0]LogD3D11RHI:     GPU DeviceId: 0x1c20 (for the marketing name, search the web for "GPU Device Id")
[2017.12.04-01.25.54:284][  0]LogWindows: EnumDisplayDevices:
[2017.12.04-01.25.54:284][  0]LogWindows:    0. 'NVIDIA GeForce GTX 1060' (P:1 D:1)
[2017.12.04-01.25.54:285][  0]LogWindows:    1. 'NVIDIA GeForce GTX 1060' (P:0 D:0)
[2017.12.04-01.25.54:285][  0]LogWindows:    2. 'NVIDIA GeForce GTX 1060' (P:0 D:0)
[2017.12.04-01.25.54:285][  0]LogWindows:    3. 'NVIDIA GeForce GTX 1060' (P:0 D:0)
[2017.12.04-01.25.54:285][  0]LogWindows: DebugString: FoundDriverCount:4 
[2017.12.04-01.25.54:285][  0]LogD3D11RHI:     Adapter Name: NVIDIA GeForce GTX 1060
[2017.12.04-01.25.54:285][  0]LogD3D11RHI:   Driver Version: 381.78 (internal:22.21.13.8178, unified:381.78)
[2017.12.04-01.25.54:285][  0]LogD3D11RHI:      Driver Date: 4-12-2017
[2017.12.04-01.25.54:285][  0]LogRHI: Texture pool is 1361 MB (70% of 1945 MB)
[2017.12.04-01.25.54:327][  0]LogD3D11RHI: Async texture creation enabled
[2017.12.04-01.25.54:341][  0]LogD3D11RHI: GPU Timing Frequency: 1000.000000 (Debug: 2 1)
[2017.12.04-01.25.54:388][  0]LogShaderCompilers: Guid format shader working directory is -26 characters bigger than the processId version (../../../../../../Users/kenne/OneDrive/Documents/Unreal Projects/VhuntR/Intermediate/Shaders/WorkingDirectory/14112/).
[2017.12.04-01.25.54:388][  0]LogShaderCompilers: Cleaned the shader compiler working directory 'C:/Users/kenne/AppData/Local/Temp/UnrealShaderWorkingDir/31578D1C4BEF7E6082D8BFACAFC50627/'.
[2017.12.04-01.25.54:388][  0]LogShaderCompilers: Display: Using Local Shader Compiler.
[2017.12.04-01.25.56:417][  0]LogTemp: Display: Loaded TP AllDesktopTargetPlatform
[2017.12.04-01.25.56:534][  0]LogTemp: Display: Loaded TP MacClientTargetPlatform
[2017.12.04-01.25.56:654][  0]LogTemp: Display: Loaded TP MacNoEditorTargetPlatform
[2017.12.04-01.25.56:847][  0]LogTemp: Display: Loaded TP MacServerTargetPlatform
[2017.12.04-01.25.57:067][  0]LogTemp: Display: Loaded TP MacTargetPlatform
[2017.12.04-01.25.57:382][  0]LogTemp: Display: Loaded TP WindowsClientTargetPlatform
[2017.12.04-01.25.57:502][  0]LogTemp: Display: Loaded TP WindowsNoEditorTargetPlatform
[2017.12.04-01.25.57:622][  0]LogTemp: Display: Loaded TP WindowsServerTargetPlatform
[2017.12.04-01.25.57:730][  0]LogTemp: Display: Loaded TP WindowsTargetPlatform
[2017.12.04-01.25.57:851][  0]LogTemp: Display: Loaded TP AndroidTargetPlatform
[2017.12.04-01.25.57:968][  0]LogTemp: Display: Loaded TP Android_ASTCTargetPlatform
[2017.12.04-01.25.58:085][  0]LogTemp: Display: Loaded TP Android_ATCTargetPlatform
[2017.12.04-01.25.58:205][  0]LogTemp: Display: Loaded TP Android_DXTTargetPlatform
[2017.12.04-01.25.58:321][  0]LogTemp: Display: Loaded TP Android_ETC1TargetPlatform
[2017.12.04-01.25.58:436][  0]LogTemp: Display: Loaded TP Android_ETC2TargetPlatform
[2017.12.04-01.25.58:665][  0]LogTemp: Display: Loaded TP Android_MultiTargetPlatform
[2017.12.04-01.25.58:665][  0]LogTemp: Display: Loaded TP Android_PVRTCTargetPlatform
[2017.12.04-01.25.58:770][  0]LogTemp: Display: Loaded TP HTML5TargetPlatform
[2017.12.04-01.25.58:958][  0]LogTemp: Display: Loaded TP IOSTargetPlatform
[2017.12.04-01.25.59:032][  0]LogTemp: Display: Loaded TP TVOSTargetPlatform
[2017.12.04-01.25.59:165][  0]LogTemp: Display: Loaded TP LinuxClientTargetPlatform
[2017.12.04-01.25.59:280][  0]LogTemp: Display: Loaded TP LinuxNoEditorTargetPlatform
[2017.12.04-01.25.59:404][  0]LogTemp: Display: Loaded TP LinuxServerTargetPlatform
[2017.12.04-01.25.59:529][  0]LogTemp: Display: Loaded TP LinuxTargetPlatform
[2017.12.04-01.25.59:529][  0]LogTargetPlatformManager: Display: Building Assets For Windows
[2017.12.04-01.26.01:093][  0]LogDerivedDataCache: Display: Max Cache Size: 512 MB
[2017.12.04-01.26.01:219][  0]LogDerivedDataCache: Loaded boot cache 0.13s 93MB C:/Users/kenne/AppData/Local/UnrealEngine/4.17/DerivedDataCache/Boot.ddc.
[2017.12.04-01.26.01:220][  0]LogDerivedDataCache: Display: Loaded Boot cache: C:/Users/kenne/AppData/Local/UnrealEngine/4.17/DerivedDataCache/Boot.ddc
[2017.12.04-01.26.01:220][  0]LogDerivedDataCache: FDerivedDataBackendGraph:  Pak pak cache file ../../../../../../Users/kenne/OneDrive/Documents/Unreal Projects/VhuntR/DerivedDataCache/DDC.ddp not found, will not use a pak cache.
[2017.12.04-01.26.01:220][  0]LogDerivedDataCache: Unable to find inner node Pak for hierarchical cache Hierarchy.
[2017.12.04-01.26.01:220][  0]LogDerivedDataCache: FDerivedDataBackendGraph:  CompressedPak pak cache file ../../../../../../Users/kenne/OneDrive/Documents/Unreal Projects/VhuntR/DerivedDataCache/Compressed.ddp not found, will not use a pak cache.
[2017.12.04-01.26.01:220][  0]LogDerivedDataCache: Unable to find inner node CompressedPak for hierarchical cache Hierarchy.
[2017.12.04-01.26.01:239][  0]LogDerivedDataCache: Display: Pak cache opened for reading ../../../Engine/DerivedDataCache/Compressed.ddp.
[2017.12.04-01.26.01:252][  0]LogDerivedDataCache: Using Local data cache path C:/Users/kenne/AppData/Local/UnrealEngine/Common/DerivedDataCache: Writable
[2017.12.04-01.26.02:476][  0]LogMaterial: Verifying Global Shaders for PCD3D_SM5
[2017.12.04-01.26.02:476][  0]LogSlate: Using Freetype 2.6.0
[2017.12.04-01.26.02:477][  0]LogSlate: SlateFontCache - WITH_FREETYPE: 1, WITH_HARFBUZZ: 1
[2017.12.04-01.26.02:478][  0]LogSlate: SlateFontCache - WITH_FREETYPE: 1, WITH_HARFBUZZ: 1
[2017.12.04-01.26.02:870][  0]LogAssetRegistry: FAssetRegistry took 0.0270 seconds to start up
[2017.12.04-01.26.03:083][  0]LogInit: Selected Device Profile: [Windows]
[2017.12.04-01.26.04:206][  0]LogSimplygon: Simplygon DLL not present - disabling.
[2017.12.04-01.26.04:311][  0]LogMeshReduction: Using SimplygonSwarm for distributed automatic mesh merging
[2017.12.04-01.26.04:311][  0]LogMeshReduction: Using QuadricMeshReduction for automatic static mesh reduction
[2017.12.04-01.26.04:311][  0]LogMeshReduction: No automatic skeletal mesh reduction module available
[2017.12.04-01.26.04:311][  0]LogMeshReduction: No automatic mesh merging module available
[2017.12.04-01.26.04:311][  0]LogMeshMerging: No automatic mesh merging module available
[2017.12.04-01.26.04:313][  0]LogContentStreaming: Texture pool size is 0.00 MB
[2017.12.04-01.26.04:391][  0]LogMaterial: Missing cached shader map for material WorldGridMaterial, compiling. Is special engine material.
[2017.12.04-01.32.18:480][  0]LogMaterial: Missing cached shader map for material DefaultDeferredDecalMaterial, compiling. 
[2017.12.04-01.32.56:554][  0]LogMaterial: Missing cached shader map for material DefaultLightFunctionMaterial, compiling. 
[2017.12.04-01.33.01:274][  0]LogMaterial: Missing cached shader map for material DefaultPostProcessMaterial, compiling. 
[2017.12.04-01.33.05:028][  0]LogMaterial: Missing cached shader map for material TranslucentTransformGizmoMaterial, compiling. 
[2017.12.04-01.33.05:220][  0]LogMaterial: Missing cached shader map for material TransformGizmoMaterial, compiling. 
[2017.12.04-01.33.05:229][  0]LogMaterial: Missing cached shader map for material SnapGridMaterial, compiling. 
[2017.12.04-01.33.05:313][  0]LogMaterial: Missing cached shader map for material Main, compiling. 
[2017.12.04-01.33.05:326][  0]LogMaterial: Missing cached shader map for material Xray, compiling. 
[2017.12.04-01.33.05:419][  0]LogMaterial: Missing cached shader map for material CineMat, compiling. 
[2017.12.04-01.33.05:500][  0]LogMaterial: Missing cached shader map for material MatineeCam_mat, compiling. 
[2017.12.04-01.33.05:623][  0]LogMaterial: Missing cached shader map for material M_SimpleOpaque, compiling. 
[2017.12.04-01.33.05:693][  0]LogMaterial: Missing cached shader map for material M_SimpleTranslucent, compiling. 
[2017.12.04-01.33.06:071][  0]LogMaterial: Missing cached shader map for material SkySphereMaterial, compiling. 
[2017.12.04-01.33.06:088][  0]LogMaterial: Missing cached shader map for material FloorPlaneMaterial, compiling. 
[2017.12.04-01.33.06:217][  0]LogMaterial: Missing cached shader map for material LandscapeGizmo_Mat, compiling. 
[2017.12.04-01.33.06:245][  0]LogMaterial: Missing cached shader map for material LandscapeGizmoHeight_Mat, compiling. 
[2017.12.04-01.33.06:474][  0]LogMaterial: Missing cached shader map for material SplineEditorMeshMat, compiling. 
[2017.12.04-01.33.06:508][  0]LogNetVersion: VhuntR , NetCL: 3573198, EngineNetVer: 2, GameNetVer: 0 (Checksum: 3839839961)
[2017.12.04-01.33.06:549][  0]LogMaterial: Missing cached shader map for material HelpActorMaterial, compiling. 
[2017.12.04-01.33.06:811][  0]LogMaterial: Missing cached shader map for material DefaultTextMaterialOpaque, compiling. 
[2017.12.04-01.33.07:226][  0]LogPackageLocalizationCache: Processed 5 localized package path(s) for 2 prioritized culture(s) in 0.112554 seconds
[2017.12.04-01.33.07:232][  0]LogUObjectArray: 35825 objects as part of root set at end of initial load.
[2017.12.04-01.33.07:232][  0]LogUObjectAllocator: 7529104 out of 0 bytes used by permanent object pool.
[2017.12.04-01.33.07:232][  0]LogUObjectArray: CloseDisregardForGC: 0/0 objects in disregard for GC pool
[2017.12.04-01.33.07:431][  0]LogInit: WinSock: version 1.1 (2.2), MaxSocks=32767, MaxUdp=65467
[2017.12.04-01.33.10:853][  0]LogMaterial: Missing cached shader map for material GridPostProcess, compiling. 
[2017.12.04-01.33.10:881][  0]LogMaterial: Missing cached shader map for material TeleportDirectionMaterial, compiling. 
[2017.12.04-01.33.10:912][  0]LogMaterial: Missing cached shader map for material LaserPointerMaterial, compiling. 
[2017.12.04-01.33.11:073][  0]LogMaterial: Missing cached shader map for material VivePreControllerMaterial, compiling. 
[2017.12.04-01.33.11:091][  0]LogMaterial: Missing cached shader map for material OculusControllerMaterial, compiling. 
[2017.12.04-01.33.11:160][  0]LogMaterial: Missing cached shader map for material GenericHMDMaterial, compiling. 
[2017.12.04-01.33.11:176][  0]LogMaterial: Missing cached shader map for material GridMaterial, compiling. 
[2017.12.04-01.33.11:196][  0]LogMaterial: Missing cached shader map for material VRTextMaterial, compiling. 
[2017.12.04-01.33.11:222][  0]LogMaterial: Missing cached shader map for material FlattenHeightMat, compiling. 
[2017.12.04-01.33.11:242][  0]LogMaterial: Missing cached shader map for material ArrowMaterial, compiling. 
[2017.12.04-01.33.11:269][  0]LogMaterial: Missing cached shader map for material KeyDiskMaterial, compiling. 
[2017.12.04-01.33.11:291][  0]LogMaterial: Missing cached shader map for material M_ContentWindow, compiling. 
[2017.12.04-01.33.11:357][  0]LogMaterial: Missing cached shader map for material LineMaterial, compiling. 
[2017.12.04-01.33.14:118][  0]LogTcpMessaging: Initializing TcpMessaging bridge
[2017.12.04-01.33.14:213][  0]LogUdpMessaging: Initializing bridge on interface 0.0.0.0:0 to multicast group 230.0.0.1:6666.
[2017.12.04-01.33.14:934][  0]LogMaterial: Missing cached shader map for material DefaultMaterial, compiling. 
[2017.12.04-01.33.16:421][  0]LogMaterial: Missing cached shader map for material BaseColor, compiling. 
[2017.12.04-01.33.16:431][  0]LogMaterial: Missing cached shader map for material CustomDepth, compiling. 
[2017.12.04-01.33.16:470][  0]LogMaterial: Uniform references updated for custom material expression Custom.
[2017.12.04-01.33.16:474][  0]LogMaterial: Missing cached shader map for material CustomStencil, compiling. 
[2017.12.04-01.33.16:987][  0]LogMaterial: Missing cached shader map for material FinalImage, compiling. 
[2017.12.04-01.33.17:089][  0]LogMaterial: Missing cached shader map for material LightingModel, compiling. 
[2017.12.04-01.33.17:202][  0]LogMaterial: Missing cached shader map for material MaterialAO, compiling. 
[2017.12.04-01.33.17:212][  0]LogMaterial: Missing cached shader map for material Metallic, compiling. 
[2017.12.04-01.33.17:352][  0]LogMaterial: Missing cached shader map for material Opacity, compiling. 
[2017.12.04-01.33.17:501][  0]LogMaterial: Missing cached shader map for material Roughness, compiling. 
[2017.12.04-01.33.17:512][  0]LogMaterial: Missing cached shader map for material SceneColor, compiling. 
[2017.12.04-01.33.17:521][  0]LogMaterial: Missing cached shader map for material SceneDepth, compiling. 
[2017.12.04-01.33.17:533][  0]LogMaterial: Missing cached shader map for material SeparateTranslucencyRGB, compiling. 
[2017.12.04-01.33.17:543][  0]LogMaterial: Missing cached shader map for material SeparateTranslucencyA, compiling. 
[2017.12.04-01.33.17:757][  0]LogMaterial: Missing cached shader map for material Specular, compiling. 
[2017.12.04-01.33.17:973][  0]LogMaterial: Missing cached shader map for material SubsurfaceColor, compiling. 
[2017.12.04-01.33.17:983][  0]LogMaterial: Missing cached shader map for material WorldNormal, compiling. 
[2017.12.04-01.33.18:033][  0]LogMaterial: Missing cached shader map for material AmbientOcclusion, compiling. 
[2017.12.04-01.33.18:051][  0]LogMaterial: Missing cached shader map for material CustomDepthWorldUnits, compiling. 
[2017.12.04-01.33.18:064][  0]LogMaterial: Missing cached shader map for material SceneDepthWorldUnits, compiling. 
[2017.12.04-01.33.18:074][  0]LogMaterial: Missing cached shader map for material PreTonemapHDRColor, compiling. 
[2017.12.04-01.33.18:084][  0]LogMaterial: Missing cached shader map for material PostTonemapHDRColor, compiling. 
[2017.12.04-01.33.19:018][  0]SourceControl: Source control is disabled
[2017.12.04-01.33.19:018][  0]SourceControl: Source control is disabled
[2017.12.04-01.33.19:145][  0]SourceControl: Source control is disabled
[2017.12.04-01.33.19:276][  0]SourceControl: Source control is disabled
[2017.12.04-01.33.20:842][  0]LogAndroidPermission: UAndroidPermissionCallbackProxy::GetInstance
[2017.12.04-01.33.21:515][  0]LogOcInput: OculusInput pre-init called
[2017.12.04-01.33.22:128][  0]LogMaterial: Missing cached shader map for material HighResScreenshot, compiling. 
[2017.12.04-01.33.22:203][  0]LogMaterial: Missing cached shader map for material HighResScreenshotMask, compiling. 
[2017.12.04-01.33.22:222][  0]LogMaterial: Missing cached shader map for material HighResScreenshotCaptureRegion, compiling. 
[2017.12.04-01.33.22:249][  0]LogEngine: Initializing Engine...
[2017.12.04-01.33.22:252][  0]LogHMD: Failed to initialize OpenVR with code 110
[2017.12.04-01.33.22:259][  0]LogMaterial: Missing cached shader map for material WireframeMaterial, compiling. Is special engine material.
[2017.12.04-01.33.22:498][  0]LogMaterial: Missing cached shader map for material LevelColorationLitMaterial, compiling. Is special engine material.
[2017.12.04-01.33.23:106][  0]LogMaterial: Missing cached shader map for material LevelColorationUnlitMaterial, compiling. Is special engine material.
[2017.12.04-01.33.23:299][  0]LogMaterial: Missing cached shader map for material MAT_LevelColorationLitLightmapUV, compiling. Is special engine material.
[2017.12.04-01.33.23:934][  0]LogMaterial: Missing cached shader map for material ShadedLevelColorationLitMaterial, compiling. Is special engine material.
[2017.12.04-01.33.24:683][  0]LogMaterial: Missing cached shader map for material ShadedLevelColorationUnlitMateri, compiling. Is special engine material.
[2017.12.04-01.33.24:883][  0]LogMaterial: Missing cached shader map for material VertexColorMaterial, compiling. 
[2017.12.04-01.33.24:958][  0]LogMaterial: Missing cached shader map for material VertexColorViewMode_ColorOnly, compiling. 
[2017.12.04-01.33.25:042][  0]LogMaterial: Missing cached shader map for material VertexColorViewMode_AlphaAsColor, compiling. 
[2017.12.04-01.33.25:061][  0]LogMaterial: Missing cached shader map for material VertexColorViewMode_RedOnly, compiling. 
[2017.12.04-01.33.25:077][  0]LogMaterial: Missing cached shader map for material VertexColorViewMode_GreenOnly, compiling. 
[2017.12.04-01.33.25:095][  0]LogMaterial: Missing cached shader map for material VertexColorViewMode_BlueOnly, compiling. 
[2017.12.04-01.33.25:344][  0]LogMaterial: Missing cached shader map for material RemoveSurfaceMaterial, compiling. 
[2017.12.04-01.33.25:450][  0]LogMaterial: Missing cached shader map for material DebugMeshMaterial, compiling. 
[2017.12.04-01.33.25:470][  0]LogMaterial: Missing cached shader map for material M_InvalidLightmapSettings, compiling. 
[2017.12.04-01.33.25:559][  0]LogMaterial: Missing cached shader map for material GizmoMaterial, compiling. 
[2017.12.04-01.33.25:572][  0]LogMaterial: Missing cached shader map for material PhAT_JointLimitMaterial, compiling. 
[2017.12.04-01.33.25:623][  0]LogMaterial: Missing cached shader map for material GeomMaterial, compiling. 
[2017.12.04-01.33.25:653][  0]LogMaterial: Missing cached shader map for material EditorBrushMaterial, compiling. 
[2017.12.04-01.33.25:685][  0]LogMaterial: Missing cached shader map for material BoneWeightMaterial, compiling. 
[2017.12.04-01.33.25:767][  0]LogMaterial: Missing cached shader map for material ClothMaterial, compiling. 
[2017.12.04-01.33.25:783][  0]LogMaterial: Missing cached shader map for material ClothMaterial_WF, compiling. 
[2017.12.04-01.33.25:836][  0]LogMaterial: Missing cached shader map for material DebugEditorMaterial, compiling. 
[2017.12.04-01.33.26:102][  0]LogMaterial: Missing cached shader map for material PreviewShadowIndicatorMaterial, compiling. 
[2017.12.04-01.33.26:227][  0]LogStats: UGameplayTagsManager::ConstructGameplayTagTree: Construct from data asset -  0.000 s
[2017.12.04-01.33.26:227][  0]LogStats: UGameplayTagsManager::ConstructGameplayTagTree: GameplayTagTreeChangedEvent.Broadcast -  0.000 s
[2017.12.04-01.33.26:563][  0]LogAIModule: Creating AISystem for world Untitled
[2017.12.04-01.33.26:576][  0]LogInit: XAudio2 using 'Speakers (Realtek High Definition Audio)' : 2 channels at 48 kHz using 32 bits per sample (channel mask 0x3)
[2017.12.04-01.33.27:781][  0]LogInit: FAudioDevice initialized.
[2017.12.04-01.33.30:041][  0]LogDerivedDataCache: Saved boot cache 2.26s 97MB C:/Users/kenne/AppData/Local/UnrealEngine/4.17/DerivedDataCache/Boot.ddc.
[2017.12.04-01.33.30:056][  0]LogInit: Texture streaming: Enabled
[2017.12.04-01.33.30:346][  0]LogEngineSessionManager: EngineSessionManager initialized
[2017.12.04-01.33.30:947][  0]LogInit: Transaction tracking system initialized
[2017.12.04-01.33.31:802][  0]BlueprintLog: New page: Editor Load
[2017.12.04-01.33.34:180][  0]LocalizationService: Localization service is disabled
[2017.12.04-01.33.36:215][  0]LogConsoleResponse: Display: 
[2017.12.04-01.33.36:280][  0]LogMaterial: Missing cached shader map for material Cross_Mat, compiling. 
[2017.12.04-01.33.36:315][  0]LogMaterial: Missing cached shader map for material PhAT_BoneSelectedMaterial, compiling. 
[2017.12.04-01.33.36:330][  0]LogMaterial: Missing cached shader map for material PhAT_ElemSelectedMaterial, compiling. 
[2017.12.04-01.33.36:356][  0]LogMaterial: Missing cached shader map for material PhAT_NoCollisionMaterial, compiling. 
[2017.12.04-01.33.36:370][  0]LogMaterial: Missing cached shader map for material PhAT_UnselectedMaterial, compiling. 
[2017.12.04-01.33.36:394][  0]LogMaterial: Missing cached shader map for material Tick_Mat, compiling. 
[2017.12.04-01.33.36:414][  0]LogMaterial: Missing cached shader map for material WidgetGridVertexColorMaterial_Ma, compiling. 
[2017.12.04-01.33.36:492][  0]LogMaterial: Missing cached shader map for material WidgetMaterial, compiling. 
[2017.12.04-01.33.36:516][  0]LogMaterial: Missing cached shader map for material WidgetMaterial_Current, compiling. 
[2017.12.04-01.33.36:577][  0]LogMaterial: Missing cached shader map for material WidgetMaterial_X, compiling. 
[2017.12.04-01.33.36:614][  0]LogMaterial: Missing cached shader map for material WidgetMaterial_Y, compiling. 
[2017.12.04-01.33.36:702][  0]LogMaterial: Missing cached shader map for material WidgetMaterial_Z, compiling. 
[2017.12.04-01.33.36:715][  0]LogMaterial: Missing cached shader map for material WidgetVertexColorMaterial, compiling. 
[2017.12.04-01.33.36:794][  0]LogMaterial: Missing cached shader map for material LevelGridMaterial, compiling. 
[2017.12.04-01.33.36:867][  0]LogMaterial: Missing cached shader map for material BlinkingCaret, compiling. 
[2017.12.04-01.33.36:945][  0]LogMaterial: Missing cached shader map for material M_StreamingPause, compiling. 
[2017.12.04-01.33.36:980][  0]LogCook: Display: Max memory allowance for cook 16384mb min free memory 0mb
[2017.12.04-01.33.36:981][  0]LogCook: Display: Mobile HDR setting 1
[2017.12.04-01.33.36:981][  0]LogGameplayTags: Display: UGameplayTagsManager::DoneAddingNativeTags. DelegateIsBound: 0
[2017.12.04-01.33.38:014][  0]LogFileCache: Scanning file cache for directory 'C:/Users/kenne/OneDrive/Documents/Unreal Projects/VhuntR/Content/' took 0.01s
[2017.12.04-01.33.39:758][  0]SourceControl: Source control is disabled
[2017.12.04-01.33.39:758][  0]Cmd: MAP LOAD FILE="../../../../../../Users/kenne/OneDrive/Documents/Unreal Projects/VhuntR/Content/VirtualRealityBP/Maps/StartupMap.umap" TEMPLATE=0 SHOWPROGRESS=1 FEATURELEVEL=3
[2017.12.04-01.33.39:758][  0]LightingResults: New page: Lighting Build
[2017.12.04-01.33.39:865][  0]MapCheck: New page: Map Check
[2017.12.04-01.33.39:865][  0]LightingResults: New page: Lighting Build
[2017.12.04-01.33.40:835][  0]LogAIModule: Creating AISystem for world StartupMap
[2017.12.04-01.33.41:235][  0]LogEditorServer: Finished looking for orphan Actors (0.000 secs)
[2017.12.04-01.33.41:246][  0]Cmd: MAP CHECKDEP NOCLEARLOG
[2017.12.04-01.33.41:392][  0]MapCheck: Map check complete: 0 Error(s), 0 Warning(s), took 146.392ms to complete.
[2017.12.04-01.33.41:392][  0]LogFileHelpers: Loading map 'StartupMap' took 1.635
[2017.12.04-01.33.47:104][  0]LogCollectionManager: Loaded 0 collections in 0.002360 seconds
[2017.12.04-01.33.50:188][  0]LogFileCache: Scanning file cache for directory 'C:/Users/kenne/OneDrive/Documents/Unreal Projects/VhuntR/Saved/Collections/' took 0.01s
[2017.12.04-01.33.50:188][  0]LogFileCache: Scanning file cache for directory 'C:/Users/kenne/OneDrive/Documents/Unreal Projects/VhuntR/Content/Developers/kenne/Collections/' took 0.01s
[2017.12.04-01.33.50:188][  0]LogFileCache: Scanning file cache for directory 'C:/Users/kenne/OneDrive/Documents/Unreal Projects/VhuntR/Content/Collections/' took 0.01s
[2017.12.04-01.33.50:188][  0]LogCollectionManager: Rebuilt the GUID cache for 0 collections in 0.000000 seconds
[2017.12.04-01.33.50:337][  0]LogContentBrowser: Native class hierarchy populated in 0.1473 seconds. Added 2386 classes and 500 folders.
[2017.12.04-01.33.51:017][  0]LogContentBrowser: Native class hierarchy updated for 'WidgetCarousel' in 0.1552 seconds. Added 0 classes and 0 folders.
[2017.12.04-01.33.51:121][  0]LogContentBrowser: Native class hierarchy updated for 'AddContentDialog' in 0.0008 seconds. Added 0 classes and 0 folders.
[2017.12.04-01.33.51:629][  0]LogContentBrowser: Native class hierarchy updated for 'SceneOutliner' in 0.0009 seconds. Added 1 classes and 2 folders.
[2017.12.04-01.34.07:312][  0]LogSlate: Took 0.000417 seconds to synchronously load lazily loaded font '../../../Engine/Content/Slate/Fonts/Roboto-Regular.ttf' (155K)
[2017.12.04-01.34.07:328][  0]LogTemp: Executing iPhonePackager certificates Engine -bundlename com.YourCompany.VhuntR
[2017.12.04-01.34.07:328][  0]LogTemp: CWD: C:\Program Files\Epic Games\UE_4.17\Engine\Binaries\DotNET\IOS
[2017.12.04-01.34.07:328][  0]LogTemp: Initial Dir: C:\Program Files\Epic Games\UE_4.17
[2017.12.04-01.34.07:328][  0]LogTemp: Env CWD: C:\Program Files\Epic Games\UE_4.17\Engine\Binaries\DotNET\IOS
[2017.12.04-01.34.07:328][  0]LogSlate: Took 0.000264 seconds to synchronously load lazily loaded font '../../../Engine/Content/Slate/Fonts/Roboto-Bold.ttf' (160K)
[2017.12.04-01.34.07:459][  0]LogSlate: Took 0.061850 seconds to synchronously load lazily loaded font '../../../Engine/Content/Editor/Slate/Fonts/FontAwesome.ttf' (139K)
[2017.12.04-01.34.08:401][  0]LogMaterial: Missing cached shader map for material LevelGridMaterial2, compiling. 
[2017.12.04-01.34.08:568][  0]LogRenderer: Reallocating scene render targets to support 1100x576 Format 26 NumSamples 1 (Frame:1).
[2017.12.04-01.34.28:298][  0]LogContentBrowser: Native class hierarchy updated for 'HierarchicalLODOutliner' in 0.0013 seconds. Added 1 classes and 2 folders.
[2017.12.04-01.34.28:298][  0]LogLoad: (Engine Initialization) Total time: 520.51 seconds
[2017.12.04-01.34.28:298][  0]LogLoad: (Engine Initialization) Total Blueprint compile time: 0.00 seconds
[2017.12.04-01.34.28:298][  0]LogExternalProfiler: No external profilers were discovered.  External profiling features will not be available.
[2017.12.04-01.34.28:309][  0]LogWindowsTextInputMethodSystem: Display: IME system now deactivated.
[2017.12.04-01.34.29:118][  0]LogContentStreaming: Texture pool size now 1000 MB
[2017.12.04-01.34.29:878][  0]LogSlate: Took 0.000327 seconds to synchronously load lazily loaded font '../../../Engine/Content/Slate/Fonts/Roboto-Light.ttf' (159K)
[2017.12.04-01.34.33:847][  1]LogAssetRegistry: Asset discovery search completed in 510.9982 seconds
[2017.12.04-01.34.33:849][  1]LogCollectionManager: Rebuilt the object cache for 0 collections in 0.000001 seconds (found 0 objects)
[2017.12.04-01.34.33:849][  1]LogCollectionManager: Fixed up redirectors for 0 collections in 0.000055 seconds (updated 0 objects)
[2017.12.04-01.47.31:692][601]LogSlate: Took 0.000333 seconds to synchronously load lazily loaded font '../../../Engine/Content/Slate/Fonts/Roboto-Light.ttf' (159K)
[2017.12.04-01.59.34:877][230]LogSourceControl: Warning: '../../../../../../Users/kenne/OneDrive/Documents/Unreal Projects/VhuntR/' is not part of a Git repository
[2017.12.04-02.03.45:368][386]SourceControl: Error: fatal: Not a git repository: 'C:/Users/kenne/OneDrive/Documents/Unreal Projects/VhuntR/.git'
[2017.12.04-02.03.45:368][386]SourceControl: Error: Failed to enable Git source control. You need to initialize the project as a Git repository first.
[2017.12.04-02.21.38:779][231]SourceControl: Error: Failed to enable Git source control. You need to install Git and specify a valid path to git executable.
[2017.12.04-02.21.47:454][188]SourceControl: Error: Failed to enable Git source control. You need to install Git and specify a valid path to git executable.
[2017.12.04-02.24.13:978][646]SourceControl: Error: Failed to enable Git source control. You need to install Git and specify a valid path to git executable.
[2017.12.04-02.25.03:521][694]SourceControl: Error: Failed to enable Git source control. You need to install Git and specify a valid path to git executable.
[2017.12.04-02.28.37:091][180]SourceControl: Source control is disabled
[2017.12.04-02.28.51:243][645]LogWindowsTextInputMethodSystem: Display: IME system now deactivated.
[2017.12.04-02.28.51:468][646]Cmd: QUIT_EDITOR
[2017.12.04-02.28.51:561][646]LogExit: Preparing to exit.
[2017.12.04-02.28.53:133][646]LogDirectoryWatcher: A directory notification for 'C:/Users/kenne/OneDrive/Documents/Unreal Projects/VhuntR/Content/' was aborted.
[2017.12.04-02.28.53:172][646]LogExit: Editor shut down
[2017.12.04-02.28.53:178][646]LogExit: Transaction tracking system shut down
[2017.12.04-02.28.53:349][646]LogDirectoryWatcher: A directory notification for '../../../Engine/Content/' was aborted.
[2017.12.04-02.28.53:349][646]LogDirectoryWatcher: A directory notification for '../../../../../../Users/kenne/OneDrive/Documents/Unreal Projects/VhuntR/Content/' was aborted.
[2017.12.04-02.28.53:349][646]LogDirectoryWatcher: A directory notification for '../../../Engine/Plugins/2D/Paper2D/Content/' was aborted.
[2017.12.04-02.28.53:349][646]LogDirectoryWatcher: A directory notification for '../../../Engine/Plugins/Runtime/Oculus/OculusVR/Content/' was aborted.
[2017.12.04-02.28.53:349][646]LogDirectoryWatcher: A directory notification for '../../../Engine/Plugins/Runtime/Steam/SteamVR/Content/' was aborted.
[2017.12.04-02.28.53:402][646]LogExit: Object subsystem successfully closed.
[2017.12.04-02.28.53:435][646]LogD3D11RHI: Shutdown
[2017.12.04-02.28.53:435][646]LogD3D11RHI: CleanupD3DDevice
[2017.12.04-02.28.53:524][646]LogD3D11RHI: ~FD3D11DynamicRHI
[2017.12.04-02.28.53:585][646]LogModuleManager: Shutting down and abandoning module LauncherServices (534)
[2017.12.04-02.28.53:585][646]LogModuleManager: Shutting down and abandoning module HierarchicalLODOutliner (532)
[2017.12.04-02.28.53:585][646]LogModuleManager: Shutting down and abandoning module ExternalImagePicker (530)
[2017.12.04-02.28.53:585][646]LogModuleManager: Shutting down and abandoning module SceneOutliner (528)
[2017.12.04-02.28.53:585][646]LogModuleManager: Shutting down and abandoning module AddContentDialog (526)
[2017.12.04-02.28.53:585][646]LogDirectoryWatcher: A directory notification for 'C:/Program Files/Epic Games/UE_4.17/FeaturePacks/' was aborted.
[2017.12.04-02.28.53:586][646]LogModuleManager: Shutting down and abandoning module WidgetCarousel (525)
[2017.12.04-02.28.53:586][646]LogModuleManager: Shutting down and abandoning module EditorWidgets (522)
[2017.12.04-02.28.53:586][646]LogModuleManager: Shutting down and abandoning module CollectionManager (520)
[2017.12.04-02.28.53:586][646]LogDirectoryWatcher: A directory notification for 'C:/Users/kenne/OneDrive/Documents/Unreal Projects/VhuntR/Content/Collections/' was aborted.
[2017.12.04-02.28.53:586][646]LogDirectoryWatcher: A directory notification for 'C:/Users/kenne/OneDrive/Documents/Unreal Projects/VhuntR/Content/Developers/kenne/Collections/' was aborted.
[2017.12.04-02.28.53:586][646]LogDirectoryWatcher: A directory notification for 'C:/Users/kenne/OneDrive/Documents/Unreal Projects/VhuntR/Saved/Collections/' was aborted.
[2017.12.04-02.28.53:586][646]LogModuleManager: Shutting down and abandoning module StatsViewer (518)
[2017.12.04-02.28.53:586][646]LogModuleManager: Shutting down and abandoning module FoliageEdit (516)
[2017.12.04-02.28.53:586][646]LogModuleManager: Shutting down and abandoning module LandscapeEditor (514)
[2017.12.04-02.28.53:587][646]LogModuleManager: Shutting down and abandoning module MeshPaintMode (512)
[2017.12.04-02.28.53:587][646]LogModuleManager: Shutting down and abandoning module SceneDepthPickerMode (510)
[2017.12.04-02.28.53:587][646]LogModuleManager: Shutting down and abandoning module ActorPickerMode (508)
[2017.12.04-02.28.53:587][646]LogModuleManager: Shutting down and abandoning module GeometryMode (506)
[2017.12.04-02.28.53:587][646]LogModuleManager: Shutting down and abandoning module TextureAlignMode (504)
[2017.12.04-02.28.53:587][646]LogModuleManager: Shutting down and abandoning module BspMode (502)
[2017.12.04-02.28.53:587][646]LogModuleManager: Shutting down and abandoning module PIEPreviewDeviceProfileSelector (500)
[2017.12.04-02.28.53:587][646]LogModuleManager: Shutting down and abandoning module HardwareSurvey (498)
[2017.12.04-02.28.53:587][646]LogModuleManager: Shutting down and abandoning module SequenceRecorderSections (496)
[2017.12.04-02.28.53:587][646]LogModuleManager: Shutting down and abandoning module AutomationWorker (494)
[2017.12.04-02.28.53:587][646]LogModuleManager: Shutting down and abandoning module MatineeToLevelSequence (492)
[2017.12.04-02.28.53:587][646]LogModuleManager: Shutting down and abandoning module LevelSequenceEditor (490)
[2017.12.04-02.28.53:587][646]LogModuleManager: Shutting down and abandoning module PlacementMode (489)
[2017.12.04-02.28.53:587][646]LogModuleManager: Shutting down and abandoning module WmfMediaFactory (486)
[2017.12.04-02.28.53:587][646]LogModuleManager: Shutting down and abandoning module WmfMediaEditor (484)
[2017.12.04-02.28.53:587][646]LogModuleManager: Shutting down and abandoning module AvfMediaFactory (482)
[2017.12.04-02.28.53:587][646]LogModuleManager: Shutting down and abandoning module AvfMediaEditor (480)
[2017.12.04-02.28.53:587][646]LogModuleManager: Shutting down and abandoning module AndroidMediaFactory (478)
[2017.12.04-02.28.53:587][646]LogModuleManager: Shutting down and abandoning module Media (477)
[2017.12.04-02.28.53:587][646]LogModuleManager: Shutting down and abandoning module AndroidMediaEditor (474)
[2017.12.04-02.28.53:587][646]LogModuleManager: Shutting down and abandoning module CharacterAI (472)
[2017.12.04-02.28.53:587][646]LogModuleManager: Shutting down and abandoning module AudioCapture (470)
[2017.12.04-02.28.53:587][646]LogModuleManager: Shutting down and abandoning module SequenceRecorder (469)
[2017.12.04-02.28.53:587][646]LogModuleManager: Shutting down and abandoning module SmartSnapping (466)
[2017.12.04-02.28.53:587][646]LogModuleManager: Shutting down and abandoning module SessionServices (464)
[2017.12.04-02.28.53:587][646]LogModuleManager: Shutting down and abandoning module ViewportSnapping (462)
[2017.12.04-02.28.53:587][646]LogModuleManager: Shutting down and abandoning module ViewportInteraction (460)
[2017.12.04-02.28.53:587][646]LogModuleManager: Shutting down and abandoning module ClothPainter (458)
[2017.12.04-02.28.53:587][646]LogModuleManager: Shutting down and abandoning module LogVisualizer (456)
[2017.12.04-02.28.53:587][646]LogModuleManager: Shutting down and abandoning module IntroTutorials (454)
[2017.12.04-02.28.53:587][646]LogModuleManager: Shutting down and abandoning module GameProjectGeneration (453)
[2017.12.04-02.28.53:587][646]LogModuleManager: Shutting down and abandoning module IOSPlatformEditor (450)
[2017.12.04-02.28.53:587][646]LogModuleManager: Shutting down and abandoning module HTML5PlatformEditor (448)
[2017.12.04-02.28.53:587][646]LogModuleManager: Shutting down and abandoning module AndroidPlatformEditor (446)
[2017.12.04-02.28.53:587][646]LogModuleManager: Shutting down and abandoning module AndroidDeviceDetection (445)
[2017.12.04-02.28.53:760][646]LogModuleManager: Shutting down and abandoning module WindowsPlatformEditor (442)
[2017.12.04-02.28.53:760][646]LogModuleManager: Shutting down and abandoning module IOSRuntimeSettings (440)
[2017.12.04-02.28.53:760][646]LogModuleManager: Shutting down and abandoning module AndroidRuntimeSettings (438)
[2017.12.04-02.28.53:760][646]LogModuleManager: Shutting down and abandoning module InputBindingEditor (436)
[2017.12.04-02.28.53:760][646]LogModuleManager: Shutting down and abandoning module MergeActors (434)
[2017.12.04-02.28.53:760][646]LogModuleManager: Shutting down and abandoning module SizeMap (432)
[2017.12.04-02.28.53:760][646]LogModuleManager: Shutting down and abandoning module TreeMap (430)
[2017.12.04-02.28.53:760][646]LogModuleManager: Shutting down and abandoning module ReferenceViewer (428)
[2017.12.04-02.28.53:760][646]LogModuleManager: Shutting down and abandoning module LocalizationDashboard (426)
[2017.12.04-02.28.53:760][646]LogModuleManager: Shutting down and abandoning module LocalizationService (425)
[2017.12.04-02.28.53:760][646]LogModuleManager: Shutting down and abandoning module HardwareTargeting (422)
[2017.12.04-02.28.53:761][646]LogModuleManager: Shutting down and abandoning module DeviceProfileEditor (420)
[2017.12.04-02.28.53:761][646]LogModuleManager: Shutting down and abandoning module UndoHistory (418)
[2017.12.04-02.28.53:761][646]LogModuleManager: Shutting down and abandoning module XmlParser (416)
[2017.12.04-02.28.53:761][646]LogModuleManager: Shutting down and abandoning module Blutility (414)
[2017.12.04-02.28.53:761][646]LogModuleManager: Shutting down and abandoning module ProjectSettingsViewer (412)
[2017.12.04-02.28.53:761][646]LogModuleManager: Shutting down and abandoning module ProjectTargetPlatformEditor (411)
[2017.12.04-02.28.53:761][646]LogModuleManager: Shutting down and abandoning module EditorSettingsViewer (408)
[2017.12.04-02.28.53:761][646]LogModuleManager: Shutting down and abandoning module SettingsEditor (406)
[2017.12.04-02.28.53:761][646]LogModuleManager: Shutting down and abandoning module ProjectLauncher (404)
[2017.12.04-02.28.53:761][646]LogModuleManager: Shutting down and abandoning module SessionFrontend (402)
[2017.12.04-02.28.53:761][646]LogModuleManager: Shutting down and abandoning module ProfilerClient (400)
[2017.12.04-02.28.53:761][646]LogModuleManager: Shutting down and abandoning module DeviceManager (398)
[2017.12.04-02.28.53:761][646]LogModuleManager: Shutting down and abandoning module TargetDeviceServices (397)
[2017.12.04-02.28.53:816][646]LogModuleManager: Shutting down and abandoning module AutomationController (394)
[2017.12.04-02.28.53:816][646]LogModuleManager: Shutting down and abandoning module AutomationWindow (392)
[2017.12.04-02.28.53:816][646]LogModuleManager: Shutting down and abandoning module Layers (390)
[2017.12.04-02.28.53:816][646]LogModuleManager: Shutting down and abandoning module ComponentVisualizers (388)
[2017.12.04-02.28.53:816][646]LogModuleManager: Shutting down and abandoning module DetailCustomizations (386)
[2017.12.04-02.28.53:816][646]LogModuleManager: Shutting down and abandoning module PackagesDialog (384)
[2017.12.04-02.28.53:816][646]LogModuleManager: Shutting down and abandoning module Persona (382)
[2017.12.04-02.28.53:816][646]LogModuleManager: Shutting down and abandoning module AdvancedPreviewScene (381)
[2017.12.04-02.28.53:816][646]LogModuleManager: Shutting down and abandoning module AnimGraph (379)
[2017.12.04-02.28.53:816][646]LogModuleManager: Shutting down and abandoning module Kismet (376)
[2017.12.04-02.28.53:816][646]LogModuleManager: Shutting down and abandoning module ClassViewer (374)
[2017.12.04-02.28.53:816][646]LogModuleManager: Shutting down and abandoning module Toolbox (372)
[2017.12.04-02.28.53:816][646]LogModuleManager: Shutting down and abandoning module ModuleUI (370)
[2017.12.04-02.28.53:816][646]LogModuleManager: Shutting down and abandoning module MovieSceneTools (368)
[2017.12.04-02.28.53:816][646]LogModuleManager: Shutting down and abandoning module OutputLog (366)
[2017.12.04-02.28.53:816][646]LogModuleManager: Shutting down and abandoning module GammaUI (364)
[2017.12.04-02.28.53:816][646]LogModuleManager: Shutting down and abandoning module Documentation (362)
[2017.12.04-02.28.53:816][646]LogModuleManager: Shutting down and abandoning module MovieSceneTracks (360)
[2017.12.04-02.28.53:816][646]LogModuleManager: Shutting down and abandoning module MovieScene (358)
[2017.12.04-02.28.53:816][646]LogModuleManager: Shutting down and abandoning module Niagara (356)
[2017.12.04-02.28.53:816][646]LogModuleManager: Shutting down and abandoning module NiagaraEditor (355)
[2017.12.04-02.28.53:816][646]LogModuleManager: Shutting down and abandoning module StreamingPauseRendering (352)
[2017.12.04-02.28.53:816][646]LogModuleManager: Shutting down and abandoning module LauncherPlatform (350)
[2017.12.04-02.28.53:816][646]LogModuleManager: Shutting down and abandoning module AnalyticsET (348)
[2017.12.04-02.28.53:816][646]LogModuleManager: Shutting down and abandoning module PortalServices (346)
[2017.12.04-02.28.53:817][646]LogModuleManager: Shutting down and abandoning module PortalRpc (344)
[2017.12.04-02.28.53:817][646]LogModuleManager: Shutting down and abandoning module MessagingRpc (342)
[2017.12.04-02.28.53:817][646]LogModuleManager: Shutting down and abandoning module AIModule (340)
[2017.12.04-02.28.53:817][646]LogModuleManager: Shutting down and abandoning module GameplayDebugger (339)
[2017.12.04-02.28.53:817][646]LogModuleManager: Shutting down and abandoning module AITestSuite (337)
[2017.12.04-02.28.53:817][646]LogModuleManager: Shutting down and abandoning module ProfilerService (334)
[2017.12.04-02.28.54:046][646]LogModuleManager: Shutting down and abandoning module TaskGraph (332)
[2017.12.04-02.28.54:046][646]LogModuleManager: Shutting down and abandoning module SteamVRController (330)
[2017.12.04-02.28.54:046][646]LogModuleManager: Shutting down and abandoning module ProceduralMeshComponentEditor (328)
[2017.12.04-02.28.54:046][646]LogModuleManager: Shutting down and abandoning module ProceduralMeshComponent (326)
[2017.12.04-02.28.54:046][646]LogModuleManager: Shutting down and abandoning module OculusInput (324)
[2017.12.04-02.28.54:046][646]LogModuleManager: Shutting down and abandoning module MobilePatchingUtils (322)
[2017.12.04-02.28.54:046][646]LogModuleManager: Shutting down and abandoning module CustomMeshComponent (320)
[2017.12.04-02.28.54:047][646]LogModuleManager: Shutting down and abandoning module CableComponent (318)
[2017.12.04-02.28.54:047][646]LogModuleManager: Shutting down and abandoning module ArchVisCharacter (316)
[2017.12.04-02.28.54:047][646]LogModuleManager: Shutting down and abandoning module AndroidPermission (314)
[2017.12.04-02.28.54:047][646]LogModuleManager: Shutting down and abandoning module MediaPlayerEditor (310)
[2017.12.04-02.28.54:047][646]LogModuleManager: Shutting down and abandoning module HTML5Networking (308)
[2017.12.04-02.28.54:047][646]LogModuleManager: Shutting down and abandoning module AlembicImporter (306)
[2017.12.04-02.28.54:047][646]LogModuleManager: Shutting down and abandoning module AlembicLibrary (305)
[2017.12.04-02.28.54:047][646]LogModuleManager: Shutting down and abandoning module GeometryCache (304)
[2017.12.04-02.28.54:047][646]LogModuleManager: Shutting down and abandoning module GeometryCacheEd (303)
[2017.12.04-02.28.54:047][646]LogModuleManager: Shutting down and abandoning module SpeedTreeImporter (298)
[2017.12.04-02.28.54:047][646]LogModuleManager: Shutting down and abandoning module PluginBrowser (296)
[2017.12.04-02.28.54:047][646]LogModuleManager: Shutting down and abandoning module MobileLauncherProfileWizard (294)
[2017.12.04-02.28.54:047][646]LogModuleManager: Shutting down and abandoning module VisualStudioSourceCodeAccess (292)
[2017.12.04-02.28.54:047][646]LogModuleManager: Shutting down and abandoning module DesktopPlatform (291)
[2017.12.04-02.28.54:047][646]LogModuleManager: Shutting down and abandoning module UObjectPlugin (288)
[2017.12.04-02.28.54:047][646]LogModuleManager: Shutting down and abandoning module SubversionSourceControl (286)
[2017.12.04-02.28.54:047][646]LogModuleManager: Shutting down and abandoning module PerforceSourceControl (284)
[2017.12.04-02.28.54:047][646]LogModuleManager: Shutting down and abandoning module GitSourceControl (282)
[2017.12.04-02.28.54:047][646]LogModuleManager: Shutting down and abandoning module SourceControl (281)
[2017.12.04-02.28.54:047][646]LogModuleManager: Shutting down and abandoning module LightPropagationVolumeEditor (278)
[2017.12.04-02.28.54:047][646]LogModuleManager: Shutting down and abandoning module PaperTiledImporter (276)
[2017.12.04-02.28.54:047][646]LogModuleManager: Shutting down and abandoning module PaperSpriteSheetImporter (274)
[2017.12.04-02.28.54:047][646]LogModuleManager: Shutting down and abandoning module Paper2DEditor (272)
[2017.12.04-02.28.54:047][646]LogModuleManager: Shutting down and abandoning module MeshPaint (271)
[2017.12.04-02.28.54:047][646]LogModuleManager: Shutting down and abandoning module LevelEditor (269)
[2017.12.04-02.28.54:048][646]LogModuleManager: Shutting down and abandoning module PixelInspectorModule (268)
[2017.12.04-02.28.54:048][646]LogModuleManager: Shutting down and abandoning module MainFrame (266)
[2017.12.04-02.28.54:048][646]LogModuleManager: Shutting down and abandoning module HotReload (265)
[2017.12.04-02.28.54:049][646]LogModuleManager: Shutting down and abandoning module RuntimePhysXCooking (260)
[2017.12.04-02.28.54:049][646]LogModuleManager: Shutting down and abandoning module PhysXVehiclesEditor (258)
[2017.12.04-02.28.54:049][646]LogModuleManager: Shutting down and abandoning module PhysXVehicles (256)
[2017.12.04-02.28.54:049][646]LogModuleManager: Shutting down and abandoning module OculusEditor (254)
[2017.12.04-02.28.54:049][646]LogModuleManager: Shutting down and abandoning module LocationServicesBPLibrary (252)
[2017.12.04-02.28.54:049][646]LogModuleManager: Shutting down and abandoning module ImmediatePhysicsEditor (250)
[2017.12.04-02.28.54:049][646]LogModuleManager: Shutting down and abandoning module ImmediatePhysics (248)
[2017.12.04-02.28.54:049][646]LogModuleManager: Shutting down and abandoning module UdpMessaging (246)
[2017.12.04-02.28.54:150][646]LogModuleManager: Shutting down and abandoning module TcpMessaging (244)
[2017.12.04-02.28.54:250][646]LogModuleManager: Shutting down and abandoning module GameplayTagsEditor (242)
[2017.12.04-02.28.54:250][646]LogModuleManager: Shutting down and abandoning module FacialAnimationEditor (240)
[2017.12.04-02.28.54:250][646]LogModuleManager: Shutting down and abandoning module FacialAnimation (238)
[2017.12.04-02.28.54:250][646]LogModuleManager: Shutting down and abandoning module AssetManagerEditor (236)
[2017.12.04-02.28.54:250][646]LogModuleManager: Shutting down and abandoning module GraphEditor (235)
[2017.12.04-02.28.54:250][646]LogModuleManager: Shutting down and abandoning module ContentBrowser (233)
[2017.12.04-02.28.54:251][646]LogModuleManager: Shutting down and abandoning module LightPropagationVolumeRuntime (230)
[2017.12.04-02.28.54:251][646]LogModuleManager: Shutting down and abandoning module Paper2D (228)
[2017.12.04-02.28.54:251][646]LogModuleManager: Shutting down and abandoning module WindowsMoviePlayer (226)
[2017.12.04-02.28.54:251][646]LogModuleManager: Shutting down and abandoning module WmfMedia (224)
[2017.12.04-02.28.54:251][646]LogModuleManager: Shutting down and abandoning module PacketHandler (222)
[2017.12.04-02.28.54:251][646]LogModuleManager: Shutting down and abandoning module ClothingSystemEditor (220)
[2017.12.04-02.28.54:251][646]LogModuleManager: Shutting down and abandoning module ClothingSystemRuntime (218)
[2017.12.04-02.28.54:251][646]LogModuleManager: Shutting down and abandoning module Overlay (216)
[2017.12.04-02.28.54:251][646]LogModuleManager: Shutting down and abandoning module OverlayEditor (215)
[2017.12.04-02.28.54:252][646]LogModuleManager: Shutting down and abandoning module MediaAssets (212)
[2017.12.04-02.28.54:252][646]LogModuleManager: Shutting down and abandoning module VREditor (210)
[2017.12.04-02.28.54:252][646]LogModuleManager: Shutting down and abandoning module StringTableEditor (208)
[2017.12.04-02.28.54:252][646]LogModuleManager: Shutting down and abandoning module GameplayTasksEditor (206)
[2017.12.04-02.28.54:252][646]LogModuleManager: Shutting down and abandoning module BehaviorTreeEditor (204)
[2017.12.04-02.28.54:252][646]LogModuleManager: Shutting down and abandoning module FunctionalTesting (202)
[2017.12.04-02.28.54:252][646]LogModuleManager: Shutting down and abandoning module CollisionAnalyzer (200)
[2017.12.04-02.28.54:252][646]LogModuleManager: Shutting down and abandoning module WorkspaceMenuStructure (199)
[2017.12.04-02.28.54:252][646]LogModuleManager: Shutting down and abandoning module UMG (196)
[2017.12.04-02.28.54:252][646]LogModuleManager: Shutting down and abandoning module UMGEditor (195)
[2017.12.04-02.28.54:252][646]LogModuleManager: Shutting down and abandoning module Sequencer (194)
[2017.12.04-02.28.54:252][646]LogModuleManager: Shutting down and abandoning module MessageLog (191)
[2017.12.04-02.28.54:252][646]LogModuleManager: Shutting down and abandoning module SlateReflector (186)
[2017.12.04-02.28.54:252][646]LogModuleManager: Shutting down and abandoning module Slate (184)
[2017.12.04-02.28.54:252][646]LogModuleManager: Shutting down and abandoning module EditorStyle (182)
[2017.12.04-02.28.54:256][646]LogModuleManager: Shutting down and abandoning module MRMesh (180)
[2017.12.04-02.28.54:256][646]LogModuleManager: Shutting down and abandoning module SourceCodeAccess (178)
[2017.12.04-02.28.54:256][646]LogModuleManager: Shutting down and abandoning module HeadMountedDisplay (176)
[2017.12.04-02.28.54:256][646]LogModuleManager: Shutting down and abandoning module XAudio2 (174)
[2017.12.04-02.28.54:256][646]LogModuleManager: Shutting down and abandoning module Networking (172)
[2017.12.04-02.28.54:256][646]LogModuleManager: Shutting down and abandoning module Core (168)
[2017.12.04-02.28.54:256][646]LogModuleManager: Shutting down and abandoning module KismetCompiler (164)
[2017.12.04-02.28.54:256][646]LogModuleManager: Shutting down and abandoning module LevelSequence (162)
[2017.12.04-02.28.54:256][646]LogModuleManager: Shutting down and abandoning module MeshUtilities (160)
[2017.12.04-02.28.54:256][646]LogModuleManager: Shutting down and abandoning module MeshMergeUtilities (159)
[2017.12.04-02.28.54:256][646]LogModuleManager: Shutting down and abandoning module MeshReductionInterface (158)
[2017.12.04-02.28.54:256][646]LogModuleManager: Shutting down and abandoning module SimplygonSwarm (157)
[2017.12.04-02.28.54:256][646]LogModuleManager: Shutting down and abandoning module SimplygonMeshReduction (155)
[2017.12.04-02.28.54:256][646]LogModuleManager: Shutting down and abandoning module QuadricMeshReduction (153)
[2017.12.04-02.28.54:256][646]LogModuleManager: Shutting down and abandoning module MaterialBaking (149)
[2017.12.04-02.28.54:256][646]LogModuleManager: Shutting down and abandoning module DirectoryWatcher (146)
[2017.12.04-02.28.54:257][646]LogModuleManager: Shutting down and abandoning module DerivedDataCache (144)
[2017.12.04-02.28.54:351][646]LogDerivedDataCache: Shutdown
[2017.12.04-02.28.54:351][646]LogModuleManager: Shutting down and abandoning module TargetPlatform (142)
[2017.12.04-02.28.54:351][646]LogModuleManager: Shutting down and abandoning module VulkanShaderFormat (141)
[2017.12.04-02.28.54:351][646]LogModuleManager: Shutting down and abandoning module ShaderFormatVectorVM (139)
[2017.12.04-02.28.54:351][646]LogModuleManager: Shutting down and abandoning module ShaderFormatOpenGL (137)
[2017.12.04-02.28.54:351][646]LogModuleManager: Shutting down and abandoning module ShaderFormatD3D (135)
[2017.12.04-02.28.54:351][646]LogModuleManager: Shutting down and abandoning module MetalShaderFormat (133)
[2017.12.04-02.28.54:351][646]LogModuleManager: Shutting down and abandoning module TextureFormatUncompressed (131)
[2017.12.04-02.28.54:351][646]LogModuleManager: Shutting down and abandoning module TextureFormatPVR (129)
[2017.12.04-02.28.54:351][646]LogModuleManager: Shutting down and abandoning module TextureFormatDXT (127)
[2017.12.04-02.28.54:351][646]LogModuleManager: Shutting down and abandoning module TextureFormatIntelISPCTexComp (125)
[2017.12.04-02.28.54:351][646]LogModuleManager: Shutting down and abandoning module TextureFormatASTC (123)
[2017.12.04-02.28.54:351][646]LogModuleManager: Shutting down and abandoning module ImageWrapper (122)
[2017.12.04-02.28.54:351][646]LogModuleManager: Shutting down and abandoning module TextureFormatAndroid (119)
[2017.12.04-02.28.54:351][646]LogModuleManager: Shutting down and abandoning module AudioFormatOpus (117)
[2017.12.04-02.28.54:351][646]LogModuleManager: Shutting down and abandoning module AudioFormatOgg (115)
[2017.12.04-02.28.54:352][646]LogModuleManager: Shutting down and abandoning module AudioFormatADPCM (113)
[2017.12.04-02.28.54:352][646]LogModuleManager: Shutting down and abandoning module LinuxTargetPlatform (111)
[2017.12.04-02.28.54:352][646]LogModuleManager: Shutting down and abandoning module LinuxServerTargetPlatform (109)
[2017.12.04-02.28.54:352][646]LogModuleManager: Shutting down and abandoning module LinuxNoEditorTargetPlatform (107)
[2017.12.04-02.28.54:352][646]LogModuleManager: Shutting down and abandoning module LinuxClientTargetPlatform (105)
[2017.12.04-02.28.54:352][646]LogModuleManager: Shutting down and abandoning module TVOSTargetPlatform (103)
[2017.12.04-02.28.54:352][646]LogModuleManager: Shutting down and abandoning module Messaging (101)
[2017.12.04-02.28.54:352][646]LogModuleManager: Shutting down and abandoning module IOSTargetPlatform (99)
[2017.12.04-02.28.54:352][646]LogModuleManager: Shutting down and abandoning module HTML5TargetPlatform (97)
[2017.12.04-02.28.54:352][646]LogModuleManager: Shutting down and abandoning module Android_PVRTCTargetPlatform (95)
[2017.12.04-02.28.54:352][646]LogModuleManager: Shutting down and abandoning module Android_MultiTargetPlatform (93)
[2017.12.04-02.28.54:352][646]LogModuleManager: Shutting down and abandoning module Android_ETC2TargetPlatform (91)
[2017.12.04-02.28.54:352][646]LogModuleManager: Shutting down and abandoning module Android_ETC1TargetPlatform (89)
[2017.12.04-02.28.54:352][646]LogModuleManager: Shutting down and abandoning module Android_DXTTargetPlatform (87)
[2017.12.04-02.28.54:352][646]LogModuleManager: Shutting down and abandoning module Android_ATCTargetPlatform (85)
[2017.12.04-02.28.54:352][646]LogModuleManager: Shutting down and abandoning module Android_ASTCTargetPlatform (83)
[2017.12.04-02.28.54:352][646]LogModuleManager: Shutting down and abandoning module AndroidTargetPlatform (81)
[2017.12.04-02.28.54:352][646]LogModuleManager: Shutting down and abandoning module WindowsTargetPlatform (79)
[2017.12.04-02.28.54:352][646]LogModuleManager: Shutting down and abandoning module WindowsServerTargetPlatform (77)
[2017.12.04-02.28.54:352][646]LogModuleManager: Shutting down and abandoning module WindowsNoEditorTargetPlatform (75)
[2017.12.04-02.28.54:352][646]LogModuleManager: Shutting down and abandoning module WindowsClientTargetPlatform (73)
[2017.12.04-02.28.54:352][646]LogModuleManager: Shutting down and abandoning module MacTargetPlatform (71)
[2017.12.04-02.28.54:352][646]LogModuleManager: Shutting down and abandoning module MacServerTargetPlatform (69)
[2017.12.04-02.28.54:352][646]LogModuleManager: Shutting down and abandoning module MacNoEditorTargetPlatform (67)
[2017.12.04-02.28.54:352][646]LogModuleManager: Shutting down and abandoning module MacClientTargetPlatform (65)
[2017.12.04-02.28.54:352][646]LogModuleManager: Shutting down and abandoning module AllDesktopTargetPlatform (63)
[2017.12.04-02.28.54:352][646]LogModuleManager: Shutting down and abandoning module InputCore (60)
[2017.12.04-02.28.54:352][646]LogModuleManager: Shutting down and abandoning module Settings (58)
[2017.12.04-02.28.54:352][646]LogModuleManager: Shutting down and abandoning module PhysXCooking (56)
[2017.12.04-02.28.54:352][646]LogModuleManager: Shutting down and abandoning module SteamVR (54)
[2017.12.04-02.28.54:352][646]LogModuleManager: Shutting down and abandoning module OculusHMD (52)
[2017.12.04-02.28.54:352][646]LogModuleManager: Shutting down and abandoning module ExampleDeviceProfileSelector (50)
[2017.12.04-02.28.54:352][646]LogModuleManager: Shutting down and abandoning module OnlineBlueprintSupport (48)
[2017.12.04-02.28.54:352][646]LogModuleManager: Shutting down and abandoning module OnlineSubsystem (44)
[2017.12.04-02.28.54:352][646]LogOnline: Display: Unloading online subsystem: NULL
[2017.12.04-02.28.54:352][646]LogModuleManager: Shutting down and abandoning module XMPP (43)
[2017.12.04-02.28.54:352][646]LogModuleManager: Shutting down and abandoning module HTTP (41)
[2017.12.04-02.28.54:352][646]LogHttp: Display: Http module shutting down, but needs to wait on 1 outstanding Http requests:
[2017.12.04-02.28.54:352][646]LogHttp: Display: 	verb=[POST] url=[https://datarouter.ol.epicgames.com/datarouter/api/v1/public/data?SessionID=%7BC3FD4F3C-4BC0-2F42-4CF0-E99C1ABAC7A3%7D&AppID=UEEditor.Rocket.Release&AppVersion=4.17.2-3658906%2B%2B%2BUE4%2BRelease-4.17&UserID=67ae1b794a68fd83bae48eac4c0130bf%7C86cc265aaed948a1b3413310597beb4b%7Cb8617cae-d186-4b9b-80cd-5c1294263e5f&AppEnvironment=datacollector-binary&UploadType=eteventstream] status=Processing
[2017.12.04-02.28.54:387][646]LogModuleManager: Shutting down and abandoning module SSL (40)
[2017.12.04-02.28.54:388][646]LogModuleManager: Shutting down and abandoning module AnimationModifiers (36)
[2017.12.04-02.28.54:388][646]LogModuleManager: Shutting down and abandoning module PropertyEditor (35)
[2017.12.04-02.28.54:388][646]LogModuleManager: Shutting down and abandoning module AudioEditor (32)
[2017.12.04-02.28.54:388][646]LogModuleManager: Shutting down and abandoning module TextureCompressor (30)
[2017.12.04-02.28.54:388][646]LogModuleManager: Shutting down and abandoning module ShaderCore (28)
[2017.12.04-02.28.54:388][646]LogModuleManager: Shutting down and abandoning module Landscape (26)
[2017.12.04-02.28.54:388][646]LogModuleManager: Shutting down and abandoning module SlateRHIRenderer (24)
[2017.12.04-02.28.54:389][646]LogModuleManager: Shutting down and abandoning module OpenGLDrv (22)
[2017.12.04-02.28.54:389][646]LogModuleManager: Shutting down and abandoning module D3D11RHI (20)
[2017.12.04-02.28.54:389][646]LogModuleManager: Shutting down and abandoning module AnimGraphRuntime (18)
[2017.12.04-02.28.54:389][646]LogModuleManager: Shutting down and abandoning module Renderer (16)
[2017.12.04-02.28.54:389][646]LogModuleManager: Shutting down and abandoning module Engine (14)
[2017.12.04-02.28.54:389][646]LogModuleManager: Shutting down and abandoning module CoreUObject (12)
[2017.12.04-02.28.54:389][646]LogModuleManager: Shutting down and abandoning module NetworkFile (10)
[2017.12.04-02.28.54:389][646]LogModuleManager: Shutting down and abandoning module CookedIterativeFile (8)
[2017.12.04-02.28.54:389][646]LogModuleManager: Shutting down and abandoning module StreamingFile (6)
[2017.12.04-02.28.54:389][646]LogModuleManager: Shutting down and abandoning module SandboxFile (4)
[2017.12.04-02.28.54:389][646]LogModuleManager: Shutting down and abandoning module PakFile (2)
[2017.12.04-02.28.54:393][646]LogExit: Exiting.
[2017.12.04-02.28.54:404][646]Log file closed, 12/03/17 18:28:54
