Log file open, 12/29/17 14:40:08
LogWindows: Failed to load 'aqProf.dll' (GetLastError=126)
LogWindows: File 'aqProf.dll' does not exist
LogWindows: Failed to load 'VtuneApi.dll' (GetLastError=126)
LogWindows: File 'VtuneApi.dll' does not exist
LogWindows: Failed to load 'VtuneApi32e.dll' (GetLastError=126)
LogWindows: File 'VtuneApi32e.dll' does not exist
LogInit: Display: Running engine for game: VhuntR
LogPlatformFile: Not using cached read wrapper
LogInit: Display: RandInit(-561806090) SRandInit(-561806090).
LogTaskGraph: Started task graph with 5 named threads and 8 total threads with 3 sets of task threads.
LogStats: Stats thread started at 0.231222
LogD3D11RHI: Aftermath initialized
LogPluginManager: Mounting plugin Paper2D
LogPluginManager: Mounting plugin LightPropagationVolume
LogPluginManager: Mounting plugin CodeLiteSourceCodeAccess
LogPluginManager: Mounting plugin GitSourceControl
LogPluginManager: Mounting plugin KDevelopSourceCodeAccess
LogPluginManager: Mounting plugin NullSourceCodeAccess
LogPluginManager: Mounting plugin PerforceSourceControl
LogPluginManager: Mounting plugin SubversionSourceControl
LogPluginManager: Mounting plugin UObjectPlugin
LogPluginManager: Mounting plugin VisualStudioSourceCodeAccess
LogPluginManager: Mounting plugin XCodeSourceCodeAccess
LogPluginManager: Mounting plugin AssetManagerEditor
LogPluginManager: Mounting plugin AudioCapture
LogPluginManager: Mounting plugin FacialAnimation
LogPluginManager: Mounting plugin GameplayTagsEditor
LogPluginManager: Mounting plugin MobileLauncherProfileWizard
LogPluginManager: Mounting plugin PluginBrowser
LogPluginManager: Mounting plugin SpeedTreeImporter
LogPluginManager: Mounting plugin AlembicImporter
LogPluginManager: Mounting plugin CharacterAI
LogPluginManager: Mounting plugin HTML5Networking
LogPluginManager: Mounting plugin AndroidMedia
LogPluginManager: Mounting plugin AvfMedia
LogPluginManager: Mounting plugin MediaPlayerEditor
LogPluginManager: Mounting plugin WmfMedia
LogPluginManager: Mounting plugin TcpMessaging
LogPluginManager: Mounting plugin UdpMessaging
LogPluginManager: Mounting plugin LevelSequenceEditor
LogPluginManager: Mounting plugin MatineeToLevelSequence
LogPluginManager: Mounting plugin OnlineSubsystemGooglePlay
LogPluginManager: Mounting plugin OnlineSubsystemIOS
LogPluginManager: Mounting plugin OnlineSubsystem
LogPluginManager: Mounting plugin OnlineSubsystemNull
LogPluginManager: Mounting plugin OnlineSubsystemUtils
LogPluginManager: Mounting plugin AndroidDeviceProfileSelector
LogPluginManager: Mounting plugin AndroidMoviePlayer
LogPluginManager: Mounting plugin AndroidPermission
LogPluginManager: Mounting plugin AppleMoviePlayer
LogPluginManager: Mounting plugin ArchVisCharacter
LogPluginManager: Mounting plugin CableComponent
LogPluginManager: Mounting plugin CustomMeshComponent
LogPluginManager: Mounting plugin ExampleDeviceProfileSelector
LogPluginManager: Mounting plugin GoogleCloudMessaging
LogPluginManager: Mounting plugin ImmediatePhysics
LogPluginManager: Mounting plugin IOSDeviceProfileSelector
LogPluginManager: Mounting plugin LinuxDeviceProfileSelector
LogPluginManager: Mounting plugin LocationServicesBPLibrary
LogPluginManager: Mounting plugin MobilePatchingUtils
LogPluginManager: Mounting plugin OculusVR
LogPluginManager: Mounting plugin PhysXVehicles
LogPluginManager: Mounting plugin ProceduralMeshComponent
LogPluginManager: Mounting plugin RuntimePhysXCooking
LogPluginManager: Mounting plugin SteamVR
LogPluginManager: Mounting plugin WindowsMoviePlayer
LogInit: Using libcurl 7.47.1
LogInit:  - built for x86_64-pc-win32
LogInit:  - supports SSL with OpenSSL/1.0.2g
LogInit:  - supports HTTP deflate (compression) using libz 1.2.8
LogInit:  - other features:
LogInit:      CURL_VERSION_SSL
LogInit:      CURL_VERSION_LIBZ
LogInit:      CURL_VERSION_IPV6
LogInit:      CURL_VERSION_ASYNCHDNS
LogInit:      CURL_VERSION_LARGEFILE
LogInit:      CURL_VERSION_IDN
LogInit:  CurlRequestOptions (configurable via config and command line):
LogInit:  - bVerifyPeer = false  - Libcurl will NOT verify peer certificate
LogInit:  - bUseHttpProxy = false  - Libcurl will NOT use HTTP proxy
LogInit:  - bDontReuseConnections = false  - Libcurl will reuse connections
LogInit:  - CertBundlePath = nullptr  - Libcurl will use whatever was configured at build time.
LogInit: Build: ++UE4+Release-4.17-CL-3658906
LogInit: Engine Version: 4.17.2-3658906+++UE4+Release-4.17
LogInit: Compatible Engine Version: 4.17.0-3573198+++UE4+Release-4.17
LogInit: Net CL: 3573198
LogDevObjectVersion: Number of dev versions registered: 16
LogDevObjectVersion:   Dev-Blueprints (B0D832E4-1F89-4F0D-ACCF-7EB736FD4AA2): 10
LogDevObjectVersion:   Dev-Build (E1C64328-A22C-4D53-A36C-8E866417BD8C): 0
LogDevObjectVersion:   Dev-Core (375EC13C-06E4-48FB-B500-84F0262A717E): 2
LogDevObjectVersion:   Dev-Editor (E4B068ED-F494-42E9-A231-DA0B2E46BB41): 20
LogDevObjectVersion:   Dev-Framework (CFFC743F-43B0-4480-9391-14DF171D2073): 28
LogDevObjectVersion:   Dev-Mobile (B02B49B5-BB20-44E9-A304-32B752E40360): 0
LogDevObjectVersion:   Dev-Networking (A4E4105C-59A1-49B5-A7C5-40C4547EDFEE): 0
LogDevObjectVersion:   Dev-Online (39C831C9-5AE6-47DC-9A44-9C173E1C8E7C): 0
LogDevObjectVersion:   Dev-Physics (78F01B33-EBEA-4F98-B9B4-84EACCB95AA2): 0
LogDevObjectVersion:   Dev-Platform (6631380F-2D4D-43E0-8009-CF276956A95A): 0
LogDevObjectVersion:   Dev-Rendering (12F88B9F-8875-4AFC-A67C-D90C383ABD29): 19
LogDevObjectVersion:   Dev-Sequencer (7B5AE74C-D270-4C10-A958-57980B212A5A): 4
LogDevObjectVersion:   Dev-VR (D7296918-1DD6-4BDD-9DE2-64A83CC13884): 0
LogDevObjectVersion:   Dev-LoadTimes (C2A15278-BFE7-4AFE-6C17-90FF531DF755): 1
LogDevObjectVersion:   Private-Geometry (6EACA3D4-40EC-4CC1-B786-8BED09428FC5): 1
LogDevObjectVersion:   Dev-AnimPhys (29E575DD-E0A3-4627-9D10-D276232CDCEA): 7
LogInit: Compiled (64-bit): Sep 22 2017 13:47:16
LogInit: Compiled with Visual C++: 19.00.24215.01
LogInit: Build Configuration: Development
LogInit: Branch Name: ++UE4+Release-4.17
LogInit: Command line: -EpicPortal 
LogInit: Base directory: C:/Program Files/Epic Games/UE_4.17/Engine/Binaries/Win64/
LogInit: Installed Engine Build: 1
LogInit: Presizing for max 8388607 objects, including 0 objects not considered by GC, pre-allocating 0 bytes for permanent pool.
LogInit: Object subsystem initialized
[2017.12.29-22.40.09:984][  0]LogInit: Selected Device Profile: [Windows]
[2017.12.29-22.40.09:984][  0]LogInit: Applying CVar settings loaded from the selected device profile: [Windows]
[2017.12.29-22.40.10:002][  0]LogInit: Computer: X4
[2017.12.29-22.40.10:002][  0]LogInit: User: Sean
[2017.12.29-22.40.10:002][  0]LogInit: CPU Page size=4096, Cores=2
[2017.12.29-22.40.10:002][  0]LogInit: High frequency timer resolution =3.996641 MHz
[2017.12.29-22.40.10:003][  0]LogMemory: Memory total: Physical=15.9GB (16GB approx)
[2017.12.29-22.40.10:003][  0]LogMemory: Platform Memory Stats for Windows
[2017.12.29-22.40.10:003][  0]LogMemory: Process Physical Memory: 282.88 MB used, 282.88 MB peak
[2017.12.29-22.40.10:003][  0]LogMemory: Process Virtual Memory: 279.28 MB used, 279.28 MB peak
[2017.12.29-22.40.10:003][  0]LogMemory: Physical Memory: 6415.18 MB used,  9890.06 MB free, 16305.23 MB total
[2017.12.29-22.40.10:003][  0]LogMemory: Virtual Memory: 703.39 MB used,  9890.06 MB free, 134217728.00 MB total
[2017.12.29-22.40.10:383][  0]LogInit: Using OS detected language (en-US).
[2017.12.29-22.40.10:383][  0]LogInit: Using OS detected locale (en-US).
[2017.12.29-22.40.10:469][  0]LogTextLocalizationManager: No specific localization for 'en-US' exists, so the 'en' localization will be used.
[2017.12.29-22.40.15:035][  0]LogD3D11RHI: D3D11 adapters:
[2017.12.29-22.40.15:104][  0]LogD3D11RHI:    0. 'NVIDIA GeForce GTX 1060 6GB' (Feature Level 11_0)
[2017.12.29-22.40.15:104][  0]LogD3D11RHI:       6061/0/8152 MB DedicatedVideo/DedicatedSystem/SharedSystem, Outputs:1, VendorId:0x10de
[2017.12.29-22.40.15:106][  0]LogD3D11RHI:    1. 'Microsoft Basic Render Driver' (Feature Level 11_0)
[2017.12.29-22.40.15:106][  0]LogD3D11RHI:       0/0/8152 MB DedicatedVideo/DedicatedSystem/SharedSystem, Outputs:0, VendorId:0x1414
[2017.12.29-22.40.15:106][  0]LogD3D11RHI: Chosen D3D11 Adapter: 0
[2017.12.29-22.40.15:121][  0]LogD3D11RHI: Creating new Direct3DDevice
[2017.12.29-22.40.15:121][  0]LogD3D11RHI:     GPU DeviceId: 0x1c03 (for the marketing name, search the web for "GPU Device Id")
[2017.12.29-22.40.15:121][  0]LogWindows: EnumDisplayDevices:
[2017.12.29-22.40.15:121][  0]LogWindows:    0. 'NVIDIA GeForce GTX 1060 6GB' (P:1 D:1)
[2017.12.29-22.40.15:121][  0]LogWindows:    1. 'NVIDIA GeForce GTX 1060 6GB' (P:0 D:0)
[2017.12.29-22.40.15:122][  0]LogWindows:    2. 'NVIDIA GeForce GTX 1060 6GB' (P:0 D:0)
[2017.12.29-22.40.15:122][  0]LogWindows:    3. 'NVIDIA GeForce GTX 1060 6GB' (P:0 D:0)
[2017.12.29-22.40.15:122][  0]LogWindows: DebugString: FoundDriverCount:4 
[2017.12.29-22.40.15:122][  0]LogD3D11RHI:     Adapter Name: NVIDIA GeForce GTX 1060 6GB
[2017.12.29-22.40.15:122][  0]LogD3D11RHI:   Driver Version: 388.71 (internal:23.21.13.8871, unified:388.71)
[2017.12.29-22.40.15:122][  0]LogD3D11RHI:      Driver Date: 12-15-2017
[2017.12.29-22.40.15:122][  0]LogRHI: Texture pool is 1361 MB (70% of 1945 MB)
[2017.12.29-22.40.15:170][  0]LogD3D11RHI: Async texture creation enabled
[2017.12.29-22.40.15:194][  0]LogD3D11RHI: GPU Timing Frequency: 1000.000000 (Debug: 2 1)
[2017.12.29-22.40.15:246][  0]LogShaderCompilers: Guid format shader working directory is -9 characters bigger than the processId version (../../../../../../Users/Sean/Documents/GitHub/VhuntR01/Intermediate/Shaders/WorkingDirectory/9084/).
[2017.12.29-22.40.15:246][  0]LogShaderCompilers: Cleaned the shader compiler working directory 'C:/Users/Sean/AppData/Local/Temp/UnrealShaderWorkingDir/C07B4E394BCA118B3525E197A581CA11/'.
[2017.12.29-22.40.15:246][  0]LogShaderCompilers: Display: Using Local Shader Compiler.
[2017.12.29-22.40.19:268][  0]LogTemp: Display: Loaded TP AllDesktopTargetPlatform
[2017.12.29-22.40.19:382][  0]LogTemp: Display: Loaded TP MacClientTargetPlatform
[2017.12.29-22.40.19:491][  0]LogTemp: Display: Loaded TP MacNoEditorTargetPlatform
[2017.12.29-22.40.19:609][  0]LogTemp: Display: Loaded TP MacServerTargetPlatform
[2017.12.29-22.40.19:740][  0]LogTemp: Display: Loaded TP MacTargetPlatform
[2017.12.29-22.40.19:850][  0]LogTemp: Display: Loaded TP WindowsClientTargetPlatform
[2017.12.29-22.40.19:963][  0]LogTemp: Display: Loaded TP WindowsNoEditorTargetPlatform
[2017.12.29-22.40.20:075][  0]LogTemp: Display: Loaded TP WindowsServerTargetPlatform
[2017.12.29-22.40.20:178][  0]LogTemp: Display: Loaded TP WindowsTargetPlatform
[2017.12.29-22.40.20:508][  0]LogTemp: Display: Loaded TP AndroidTargetPlatform
[2017.12.29-22.40.20:627][  0]LogTemp: Display: Loaded TP Android_ASTCTargetPlatform
[2017.12.29-22.40.20:732][  0]LogTemp: Display: Loaded TP Android_ATCTargetPlatform
[2017.12.29-22.40.20:837][  0]LogTemp: Display: Loaded TP Android_DXTTargetPlatform
[2017.12.29-22.40.20:946][  0]LogTemp: Display: Loaded TP Android_ETC1TargetPlatform
[2017.12.29-22.40.21:079][  0]LogTemp: Display: Loaded TP Android_ETC2TargetPlatform
[2017.12.29-22.40.21:295][  0]LogTemp: Display: Loaded TP Android_MultiTargetPlatform
[2017.12.29-22.40.21:295][  0]LogTemp: Display: Loaded TP Android_PVRTCTargetPlatform
[2017.12.29-22.40.21:396][  0]LogTemp: Display: Loaded TP HTML5TargetPlatform
[2017.12.29-22.40.21:590][  0]LogTemp: Display: Loaded TP IOSTargetPlatform
[2017.12.29-22.40.21:667][  0]LogTemp: Display: Loaded TP TVOSTargetPlatform
[2017.12.29-22.40.21:771][  0]LogTemp: Display: Loaded TP LinuxClientTargetPlatform
[2017.12.29-22.40.21:876][  0]LogTemp: Display: Loaded TP LinuxNoEditorTargetPlatform
[2017.12.29-22.40.21:983][  0]LogTemp: Display: Loaded TP LinuxServerTargetPlatform
[2017.12.29-22.40.22:085][  0]LogTemp: Display: Loaded TP LinuxTargetPlatform
[2017.12.29-22.40.22:085][  0]LogTargetPlatformManager: Display: Building Assets For Windows
[2017.12.29-22.40.23:265][  0]LogDerivedDataCache: Display: Max Cache Size: 512 MB
[2017.12.29-22.40.23:683][  0]LogDerivedDataCache: Loaded boot cache 0.42s 101MB C:/Users/Sean/AppData/Local/UnrealEngine/4.17/DerivedDataCache/Boot.ddc.
[2017.12.29-22.40.23:683][  0]LogDerivedDataCache: Display: Loaded Boot cache: C:/Users/Sean/AppData/Local/UnrealEngine/4.17/DerivedDataCache/Boot.ddc
[2017.12.29-22.40.23:683][  0]LogDerivedDataCache: FDerivedDataBackendGraph:  Pak pak cache file ../../../../../../Users/Sean/Documents/GitHub/VhuntR01/DerivedDataCache/DDC.ddp not found, will not use a pak cache.
[2017.12.29-22.40.23:683][  0]LogDerivedDataCache: Unable to find inner node Pak for hierarchical cache Hierarchy.
[2017.12.29-22.40.23:683][  0]LogDerivedDataCache: FDerivedDataBackendGraph:  CompressedPak pak cache file ../../../../../../Users/Sean/Documents/GitHub/VhuntR01/DerivedDataCache/Compressed.ddp not found, will not use a pak cache.
[2017.12.29-22.40.23:683][  0]LogDerivedDataCache: Unable to find inner node CompressedPak for hierarchical cache Hierarchy.
[2017.12.29-22.40.23:710][  0]LogDerivedDataCache: Display: Pak cache opened for reading ../../../Engine/DerivedDataCache/Compressed.ddp.
[2017.12.29-22.40.23:722][  0]LogDerivedDataCache: Using Local data cache path C:/Users/Sean/AppData/Local/UnrealEngine/Common/DerivedDataCache: Writable
[2017.12.29-22.40.23:743][  0]LogMaterial: Verifying Global Shaders for PCD3D_SM5
[2017.12.29-22.40.23:743][  0]LogSlate: Using Freetype 2.6.0
[2017.12.29-22.40.23:766][  0]LogSlate: SlateFontCache - WITH_FREETYPE: 1, WITH_HARFBUZZ: 1
[2017.12.29-22.40.23:767][  0]LogSlate: SlateFontCache - WITH_FREETYPE: 1, WITH_HARFBUZZ: 1
[2017.12.29-22.40.25:470][  0]LogAssetRegistry: FAssetRegistry took 0.0293 seconds to start up
[2017.12.29-22.40.25:726][  0]LogInit: Selected Device Profile: [Windows]
[2017.12.29-22.40.26:534][  0]LogSimplygon: Simplygon DLL not present - disabling.
[2017.12.29-22.40.26:637][  0]LogMeshReduction: Using SimplygonSwarm for distributed automatic mesh merging
[2017.12.29-22.40.26:637][  0]LogMeshReduction: Using QuadricMeshReduction for automatic static mesh reduction
[2017.12.29-22.40.26:637][  0]LogMeshReduction: No automatic skeletal mesh reduction module available
[2017.12.29-22.40.26:637][  0]LogMeshReduction: No automatic mesh merging module available
[2017.12.29-22.40.26:637][  0]LogMeshMerging: No automatic mesh merging module available
[2017.12.29-22.40.26:686][  0]LogContentStreaming: Texture pool size is 0.00 MB
[2017.12.29-22.40.27:433][  0]LogNetVersion: VhuntR , NetCL: 3573198, EngineNetVer: 2, GameNetVer: 0 (Checksum: 3839839961)
[2017.12.29-22.40.27:833][  0]LogPackageLocalizationCache: Processed 5 localized package path(s) for 2 prioritized culture(s) in 0.058762 seconds
[2017.12.29-22.40.27:844][  0]LogUObjectArray: 35825 objects as part of root set at end of initial load.
[2017.12.29-22.40.27:844][  0]LogUObjectAllocator: 7529104 out of 0 bytes used by permanent object pool.
[2017.12.29-22.40.27:844][  0]LogUObjectArray: CloseDisregardForGC: 0/0 objects in disregard for GC pool
[2017.12.29-22.40.27:990][  0]LogInit: WinSock: version 1.1 (2.2), MaxSocks=32767, MaxUdp=65467
[2017.12.29-22.40.54:173][  0]LogTcpMessaging: Initializing TcpMessaging bridge
[2017.12.29-22.40.54:257][  0]LogUdpMessaging: Initializing bridge on interface 0.0.0.0:0 to multicast group 230.0.0.1:6666.
[2017.12.29-22.40.56:026][  0]LogMaterial: Uniform references updated for custom material expression Custom.
[2017.12.29-22.40.57:026][  0]SourceControl: Source control is disabled
[2017.12.29-22.40.57:026][  0]SourceControl: Source control is disabled
[2017.12.29-22.40.57:141][  0]SourceControl: Source control is disabled
[2017.12.29-22.40.57:250][  0]SourceControl: Source control is disabled
[2017.12.29-22.40.58:875][  0]LogAndroidPermission: UAndroidPermissionCallbackProxy::GetInstance
[2017.12.29-22.40.59:461][  0]LogOcInput: OculusInput pre-init called
[2017.12.29-22.41.00:130][  0]LogEngine: Initializing Engine...
[2017.12.29-22.41.00:132][  0]LogHMD: Oculus plugin initialized. Version: 4.17.2-3658906+++UE4+Release-4.17, OVRPlugin: 1.15.0
[2017.12.29-22.41.00:232][  0]LogMaterial: Missing cached shader map for material MAT_LevelColorationLitLightmapUV, compiling. Is special engine material.
[2017.12.29-22.41.01:143][  0]LogMaterial: Missing cached shader map for material ShadedLevelColorationLitMaterial, compiling. Is special engine material.
[2017.12.29-22.41.02:281][  0]LogMaterial: Missing cached shader map for material ShadedLevelColorationUnlitMateri, compiling. Is special engine material.
[2017.12.29-22.41.02:663][  0]LogMaterial: Missing cached shader map for material VertexColorMaterial, compiling. 
[2017.12.29-22.41.02:802][  0]LogMaterial: Missing cached shader map for material VertexColorViewMode_ColorOnly, compiling. 
[2017.12.29-22.41.02:847][  0]LogMaterial: Missing cached shader map for material VertexColorViewMode_AlphaAsColor, compiling. 
[2017.12.29-22.41.02:877][  0]LogMaterial: Missing cached shader map for material VertexColorViewMode_RedOnly, compiling. 
[2017.12.29-22.41.02:909][  0]LogMaterial: Missing cached shader map for material VertexColorViewMode_GreenOnly, compiling. 
[2017.12.29-22.41.02:939][  0]LogMaterial: Missing cached shader map for material VertexColorViewMode_BlueOnly, compiling. 
[2017.12.29-22.41.02:995][  0]LogMaterial: Missing cached shader map for material RemoveSurfaceMaterial, compiling. 
[2017.12.29-22.41.03:017][  0]LogMaterial: Missing cached shader map for material DebugMeshMaterial, compiling. 
[2017.12.29-22.41.03:071][  0]LogMaterial: Missing cached shader map for material M_InvalidLightmapSettings, compiling. 
[2017.12.29-22.41.03:190][  0]LogMaterial: Missing cached shader map for material GizmoMaterial, compiling. 
[2017.12.29-22.41.03:215][  0]LogMaterial: Missing cached shader map for material PhAT_JointLimitMaterial, compiling. 
[2017.12.29-22.41.03:248][  0]LogMaterial: Missing cached shader map for material GeomMaterial, compiling. 
[2017.12.29-22.41.03:281][  0]LogMaterial: Missing cached shader map for material EditorBrushMaterial, compiling. 
[2017.12.29-22.41.03:309][  0]LogMaterial: Missing cached shader map for material BoneWeightMaterial, compiling. 
[2017.12.29-22.41.03:450][  0]LogMaterial: Missing cached shader map for material ClothMaterial, compiling. 
[2017.12.29-22.41.03:481][  0]LogMaterial: Missing cached shader map for material ClothMaterial_WF, compiling. 
[2017.12.29-22.41.03:521][  0]LogMaterial: Missing cached shader map for material DebugEditorMaterial, compiling. 
[2017.12.29-22.41.03:578][  0]LogMaterial: Missing cached shader map for material PreviewShadowIndicatorMaterial, compiling. 
[2017.12.29-22.41.03:865][  0]LogStats: UGameplayTagsManager::ConstructGameplayTagTree: Construct from data asset -  0.000 s
[2017.12.29-22.41.03:865][  0]LogStats: UGameplayTagsManager::ConstructGameplayTagTree: GameplayTagTreeChangedEvent.Broadcast -  0.000 s
[2017.12.29-22.41.04:288][  0]LogAIModule: Creating AISystem for world Untitled
[2017.12.29-22.41.04:338][  0]LogInit: XAudio2 using 'Headphones (High Definition Audio Device)' : 2 channels at 48 kHz using 16 bits per sample (channel mask 0x3)
[2017.12.29-22.41.04:375][  0]LogInit: FAudioDevice initialized.
[2017.12.29-22.41.04:630][  0]LogDerivedDataCache: Saved boot cache 0.25s 101MB C:/Users/Sean/AppData/Local/UnrealEngine/4.17/DerivedDataCache/Boot.ddc.
[2017.12.29-22.41.04:671][  0]LogInit: Texture streaming: Enabled
[2017.12.29-22.41.05:095][  0]LogEngineSessionManager: EngineSessionManager initialized
[2017.12.29-22.41.05:925][  0]LogInit: Transaction tracking system initialized
[2017.12.29-22.41.06:996][  0]BlueprintLog: New page: Editor Load
[2017.12.29-22.41.10:153][  0]LocalizationService: Localization service is disabled
[2017.12.29-22.41.11:940][  0]LogLinker: Warning: Can't find file '/Game/FirstPersonBP/FirstPersonOverview'
[2017.12.29-22.41.11:940][  0]LogLinker: Warning: Can't find file '/Game/FirstPersonBP/FirstPersonOverview'
[2017.12.29-22.41.11:940][  0]LogUObjectGlobals: Warning: Failed to find object 'Class /Game/FirstPersonBP/FirstPersonOverview.FirstPersonOverview_C'
[2017.12.29-22.41.12:553][  0]LogConsoleResponse: Display: 
[2017.12.29-22.41.12:657][  0]LogMaterial: Missing cached shader map for material Cross_Mat, compiling. 
[2017.12.29-22.41.12:699][  0]LogMaterial: Missing cached shader map for material PhAT_BoneSelectedMaterial, compiling. 
[2017.12.29-22.41.12:723][  0]LogMaterial: Missing cached shader map for material PhAT_ElemSelectedMaterial, compiling. 
[2017.12.29-22.41.12:747][  0]LogMaterial: Missing cached shader map for material PhAT_NoCollisionMaterial, compiling. 
[2017.12.29-22.41.12:769][  0]LogMaterial: Missing cached shader map for material PhAT_UnselectedMaterial, compiling. 
[2017.12.29-22.41.12:798][  0]LogMaterial: Missing cached shader map for material Tick_Mat, compiling. 
[2017.12.29-22.41.12:834][  0]LogMaterial: Missing cached shader map for material WidgetGridVertexColorMaterial_Ma, compiling. 
[2017.12.29-22.41.12:873][  0]LogMaterial: Missing cached shader map for material WidgetMaterial, compiling. 
[2017.12.29-22.41.12:894][  0]LogMaterial: Missing cached shader map for material WidgetMaterial_Current, compiling. 
[2017.12.29-22.41.12:917][  0]LogMaterial: Missing cached shader map for material WidgetMaterial_X, compiling. 
[2017.12.29-22.41.12:941][  0]LogMaterial: Missing cached shader map for material WidgetMaterial_Y, compiling. 
[2017.12.29-22.41.12:967][  0]LogMaterial: Missing cached shader map for material WidgetMaterial_Z, compiling. 
[2017.12.29-22.41.12:992][  0]LogMaterial: Missing cached shader map for material WidgetVertexColorMaterial, compiling. 
[2017.12.29-22.41.13:115][  0]LogMaterial: Missing cached shader map for material LevelGridMaterial, compiling. 
[2017.12.29-22.41.13:205][  0]LogMaterial: Missing cached shader map for material BlinkingCaret, compiling. 
[2017.12.29-22.41.13:283][  0]LogMaterial: Missing cached shader map for material M_StreamingPause, compiling. 
[2017.12.29-22.41.13:337][  0]LogCook: Display: Max memory allowance for cook 16384mb min free memory 0mb
[2017.12.29-22.41.13:338][  0]LogCook: Display: Mobile HDR setting 1
[2017.12.29-22.41.13:338][  0]LogGameplayTags: Display: UGameplayTagsManager::DoneAddingNativeTags. DelegateIsBound: 0
[2017.12.29-22.41.14:081][  0]LogFileCache: Scanning file cache for directory 'C:/Users/Sean/Documents/GitHub/VhuntR01/Content/' took 0.02s
[2017.12.29-22.41.17:029][  0]SourceControl: Source control is disabled
[2017.12.29-22.41.17:029][  0]Cmd: MAP LOAD FILE="../../../../../../Users/Sean/Documents/GitHub/VhuntR01/Content/VirtualRealityBP/Maps/StartupMap.umap" TEMPLATE=0 SHOWPROGRESS=1 FEATURELEVEL=3
[2017.12.29-22.41.17:049][  0]LightingResults: New page: Lighting Build
[2017.12.29-22.41.17:185][  0]MapCheck: New page: Map Check
[2017.12.29-22.41.17:185][  0]LightingResults: New page: Lighting Build
[2017.12.29-22.41.17:408][  0]LogMaterial: Missing cached shader map for material BasicShapeMaterial, compiling. 
[2017.12.29-22.41.17:582][  0]LogAIModule: Creating AISystem for world StartupMap
[2017.12.29-22.41.17:605][  0]LogEditorServer: Finished looking for orphan Actors (0.000 secs)
[2017.12.29-22.41.17:639][  0]Cmd: MAP CHECKDEP NOCLEARLOG
[2017.12.29-22.41.17:765][  0]MapCheck: Map check complete: 0 Error(s), 0 Warning(s), took 126.324ms to complete.
[2017.12.29-22.41.17:766][  0]LogFileHelpers: Loading map 'StartupMap' took 0.736
[2017.12.29-22.41.18:143][  0]LogCollectionManager: Loaded 0 collections in 0.004012 seconds
[2017.12.29-22.41.18:328][  0]LogFileCache: Scanning file cache for directory 'C:/Users/Sean/Documents/GitHub/VhuntR01/Saved/Collections/' took 0.01s
[2017.12.29-22.41.18:328][  0]LogFileCache: Scanning file cache for directory 'C:/Users/Sean/Documents/GitHub/VhuntR01/Content/Developers/Sean/Collections/' took 0.01s
[2017.12.29-22.41.18:328][  0]LogFileCache: Scanning file cache for directory 'C:/Users/Sean/Documents/GitHub/VhuntR01/Content/Collections/' took 0.01s
[2017.12.29-22.41.18:328][  0]LogCollectionManager: Rebuilt the GUID cache for 0 collections in 0.000001 seconds
[2017.12.29-22.41.18:351][  0]LogContentBrowser: Native class hierarchy populated in 0.0224 seconds. Added 2386 classes and 500 folders.
[2017.12.29-22.41.18:568][  0]LogContentBrowser: Native class hierarchy updated for 'WidgetCarousel' in 0.0014 seconds. Added 0 classes and 0 folders.
[2017.12.29-22.41.20:341][  0]LogContentBrowser: Native class hierarchy updated for 'AddContentDialog' in 0.0016 seconds. Added 0 classes and 0 folders.
[2017.12.29-22.41.20:519][  0]LogContentBrowser: Native class hierarchy updated for 'SceneOutliner' in 0.0015 seconds. Added 1 classes and 2 folders.
[2017.12.29-22.41.20:700][  0]LogSlate: Took 0.000329 seconds to synchronously load lazily loaded font '../../../Engine/Content/Slate/Fonts/Roboto-Regular.ttf' (155K)
[2017.12.29-22.41.20:724][  0]LogSlate: Took 0.011927 seconds to synchronously load lazily loaded font '../../../Engine/Content/Slate/Fonts/Roboto-Bold.ttf' (160K)
[2017.12.29-22.41.20:746][  0]LogSlate: Took 0.012456 seconds to synchronously load lazily loaded font '../../../Engine/Content/Editor/Slate/Fonts/FontAwesome.ttf' (139K)
[2017.12.29-22.41.20:835][  0]LogMaterial: Missing cached shader map for material LevelGridMaterial2, compiling. 
[2017.12.29-22.41.20:961][  0]LogRenderer: Reallocating scene render targets to support 1208x600 Format 26 NumSamples 1 (Frame:1).
[2017.12.29-22.41.21:495][  0]LogContentBrowser: Native class hierarchy updated for 'HierarchicalLODOutliner' in 0.0016 seconds. Added 1 classes and 2 folders.
[2017.12.29-22.41.21:495][  0]LogLoad: (Engine Initialization) Total time: 75.14 seconds
[2017.12.29-22.41.21:495][  0]LogLoad: (Engine Initialization) Total Blueprint compile time: 0.00 seconds
[2017.12.29-22.41.21:496][  0]LogExternalProfiler: Found external profiler: VSPerf
[2017.12.29-22.41.21:496][  0]LogExternalProfiler: Using external profiler: VSPerf
[2017.12.29-22.41.21:848][  0]LogOcInput: OculusInput is initialized
[2017.12.29-22.41.21:867][  0]LogContentStreaming: Texture pool size now 1000 MB
[2017.12.29-22.41.21:994][  0]LogSlate: Took 0.016511 seconds to synchronously load lazily loaded font '../../../Engine/Content/Slate/Fonts/Roboto-Light.ttf' (159K)
[2017.12.29-22.41.22:524][  2]LogAssetRegistry: Asset discovery search completed in 57.0768 seconds
[2017.12.29-22.41.22:528][  2]LogCollectionManager: Rebuilt the object cache for 0 collections in 0.000001 seconds (found 0 objects)
[2017.12.29-22.41.22:528][  2]LogCollectionManager: Fixed up redirectors for 0 collections in 0.000139 seconds (updated 0 objects)
[2017.12.29-22.41.40:732][878]LogSlate: Took 0.000329 seconds to synchronously load lazily loaded font '../../../Engine/Content/Slate/Fonts/Roboto-Light.ttf' (159K)
[2017.12.29-22.41.41:689][878]LogSlate: Took 0.000570 seconds to synchronously load lazily loaded font '../../../Engine/Content/Slate/Fonts/Roboto-Regular.ttf' (155K)
[2017.12.29-22.41.42:316][878]LogMaterial: Missing cached shader map for material M_Sky_Panning_Clouds2, compiling. 
[2017.12.29-22.41.42:499][878]LogAIModule: Creating AISystem for world MotionControllerMap
[2017.12.29-22.41.42:577][878]Cmd: MAP LOAD FILE="../../../../../../Users/Sean/Documents/GitHub/VhuntR01/Content/VirtualRealityBP/Maps/MotionControllerMap.umap" TEMPLATE=0 SHOWPROGRESS=1 FEATURELEVEL=3
[2017.12.29-22.41.42:577][878]LightingResults: New page: Lighting Build
[2017.12.29-22.41.42:579][878]LoadErrors: New page: Loading map: MotionControllerMap.umap
[2017.12.29-22.41.42:580][878]MapCheck: New page: Map Check
[2017.12.29-22.41.42:580][878]LightingResults: New page: Lighting Build
[2017.12.29-22.41.42:751][878]LogEditorServer: Finished looking for orphan Actors (0.000 secs)
[2017.12.29-22.41.42:855][878]Cmd: MAP CHECKDEP NOCLEARLOG
[2017.12.29-22.41.42:990][878]MapCheck: Map check complete: 0 Error(s), 0 Warning(s), took 133.833ms to complete.
[2017.12.29-22.41.42:991][878]LogFileHelpers: Loading map 'MotionControllerMap' took 0.416
[2017.12.29-22.41.52:992][267]LogTemp: Repeating last play command: Selected Viewport
[2017.12.29-22.41.53:101][267]LogBlueprintUserMessages: Early PlayInEditor Detection: Level '/Game/VirtualRealityBP/Maps/MotionControllerMap.MotionControllerMap:PersistentLevel' has LevelScriptBlueprint '/Game/VirtualRealityBP/Maps/MotionControllerMap.MotionControllerMap:PersistentLevel.MotionControllerMap' with GeneratedClass '/Game/VirtualRealityBP/Maps/MotionControllerMap.MotionControllerMap_C' with ClassGeneratedBy '/Game/VirtualRealityBP/Maps/MotionControllerMap.MotionControllerMap:PersistentLevel.MotionControllerMap'
[2017.12.29-22.41.53:101][267]LogPlayLevel: PlayLevel: No blueprints needed recompiling
[2017.12.29-22.41.53:101][267]LogHMD: Initializing OVRPlugin session
[2017.12.29-22.41.53:145][267]PIE: New page: PIE session: MotionControllerMap (Dec 29, 2017, 6:41:53 AM)
[2017.12.29-22.41.53:145][267]LogPlayLevel: Creating play world package: /Game/VirtualRealityBP/Maps/UEDPIE_0_MotionControllerMap
[2017.12.29-22.41.53:200][267]LogPlayLevel: PIE: StaticDuplicateObject took: (0.054164s)
[2017.12.29-22.41.53:201][267]LogAIModule: Creating AISystem for world MotionControllerMap
[2017.12.29-22.41.53:201][267]LogPlayLevel: PIE: World Init took: (0.001414s)
[2017.12.29-22.41.53:201][267]LogPlayLevel: PIE: Created PIE world by copying editor world from /Game/VirtualRealityBP/Maps/MotionControllerMap.MotionControllerMap to /Game/VirtualRealityBP/Maps/UEDPIE_0_MotionControllerMap.MotionControllerMap (0.055971s)
[2017.12.29-22.41.53:265][267]LogInit: XAudio2 using 'Headphones (High Definition Audio Device)' : 2 channels at 48 kHz using 16 bits per sample (channel mask 0x3)
[2017.12.29-22.41.53:288][267]LogInit: FAudioDevice initialized.
[2017.12.29-22.41.53:342][267]LogUObjectGlobals: Warning: Failed to find object 'Class None.'
[2017.12.29-22.41.53:342][267]LogLoad: Game class is 'GameModeBase'
[2017.12.29-22.41.53:347][267]LogWorld: Bringing World /Game/VirtualRealityBP/Maps/UEDPIE_0_MotionControllerMap.MotionControllerMap up for play (max tick rate 0) at 2017.12.29-14.41.53
[2017.12.29-22.41.53:366][267]LogWorld: Bringing up level for play took: 0.022711
[2017.12.29-22.41.53:499][267]LogContentBrowser: Native class hierarchy updated for 'MovieSceneCapture' in 0.0013 seconds. Added 11 classes and 0 folders.
[2017.12.29-22.41.53:506][267]PIE: Play in editor start time for /Game/VirtualRealityBP/Maps/UEDPIE_0_MotionControllerMap 0.567
[2017.12.29-22.41.53:506][267]LogBlueprintUserMessages: Late PlayInEditor Detection: Level '/Game/VirtualRealityBP/Maps/MotionControllerMap.MotionControllerMap:PersistentLevel' has LevelScriptBlueprint '/Game/VirtualRealityBP/Maps/MotionControllerMap.MotionControllerMap:PersistentLevel.MotionControllerMap' with GeneratedClass '/Game/VirtualRealityBP/Maps/MotionControllerMap.MotionControllerMap_C' with ClassGeneratedBy '/Game/VirtualRealityBP/Maps/MotionControllerMap.MotionControllerMap:PersistentLevel.MotionControllerMap'
[2017.12.29-22.42.30:311][479]LogBlueprintUserMessages: Early EndPlayMap Detection: Level '/Game/VirtualRealityBP/Maps/MotionControllerMap.MotionControllerMap:PersistentLevel' has LevelScriptBlueprint '/Game/VirtualRealityBP/Maps/MotionControllerMap.MotionControllerMap:PersistentLevel.MotionControllerMap' with GeneratedClass '/Game/VirtualRealityBP/Maps/MotionControllerMap.MotionControllerMap_C' with ClassGeneratedBy '/Game/VirtualRealityBP/Maps/MotionControllerMap.MotionControllerMap:PersistentLevel.MotionControllerMap'
[2017.12.29-22.42.30:661][479]LogBlueprintUserMessages: Late EndPlayMap Detection: Level '/Game/VirtualRealityBP/Maps/MotionControllerMap.MotionControllerMap:PersistentLevel' has LevelScriptBlueprint '/Game/VirtualRealityBP/Maps/MotionControllerMap.MotionControllerMap:PersistentLevel.MotionControllerMap' with GeneratedClass '/Game/VirtualRealityBP/Maps/MotionControllerMap.MotionControllerMap_C' with ClassGeneratedBy '/Game/VirtualRealityBP/Maps/MotionControllerMap.MotionControllerMap:PersistentLevel.MotionControllerMap'
[2017.12.29-22.42.40:203][ 71]LogEditorViewport: Clicking on Actor (LMB): MotionControllerPawn_C (VRPawn)
[2017.12.29-22.48.25:629][ 64]LogTemp: Repeating last play command: Selected Viewport
[2017.12.29-22.48.25:654][ 64]LogBlueprintUserMessages: Early PlayInEditor Detection: Level '/Game/VirtualRealityBP/Maps/MotionControllerMap.MotionControllerMap:PersistentLevel' has LevelScriptBlueprint '/Game/VirtualRealityBP/Maps/MotionControllerMap.MotionControllerMap:PersistentLevel.MotionControllerMap' with GeneratedClass '/Game/VirtualRealityBP/Maps/MotionControllerMap.MotionControllerMap_C' with ClassGeneratedBy '/Game/VirtualRealityBP/Maps/MotionControllerMap.MotionControllerMap:PersistentLevel.MotionControllerMap'
[2017.12.29-22.48.25:654][ 64]LogPlayLevel: PlayLevel: No blueprints needed recompiling
[2017.12.29-22.48.25:654][ 64]LogHMD: Initializing OVRPlugin session
[2017.12.29-22.48.25:690][ 64]PIE: New page: PIE session: MotionControllerMap (Dec 29, 2017, 6:48:25 AM)
[2017.12.29-22.48.25:690][ 64]LogPlayLevel: Creating play world package: /Game/VirtualRealityBP/Maps/UEDPIE_0_MotionControllerMap
[2017.12.29-22.48.25:709][ 64]LogPlayLevel: PIE: StaticDuplicateObject took: (0.018136s)
[2017.12.29-22.48.25:710][ 64]LogAIModule: Creating AISystem for world MotionControllerMap
[2017.12.29-22.48.25:710][ 64]LogPlayLevel: PIE: World Init took: (0.001488s)
[2017.12.29-22.48.25:710][ 64]LogPlayLevel: PIE: Created PIE world by copying editor world from /Game/VirtualRealityBP/Maps/MotionControllerMap.MotionControllerMap to /Game/VirtualRealityBP/Maps/UEDPIE_0_MotionControllerMap.MotionControllerMap (0.020095s)
[2017.12.29-22.48.25:824][ 64]LogInit: XAudio2 using 'Headphones (High Definition Audio Device)' : 2 channels at 48 kHz using 16 bits per sample (channel mask 0x3)
[2017.12.29-22.48.25:900][ 64]LogInit: FAudioDevice initialized.
[2017.12.29-22.48.25:938][ 64]LogUObjectGlobals: Warning: Failed to find object 'Class None.'
[2017.12.29-22.48.25:939][ 64]LogLoad: Game class is 'GameModeBase'
[2017.12.29-22.48.25:942][ 64]LogWorld: Bringing World /Game/VirtualRealityBP/Maps/UEDPIE_0_MotionControllerMap.MotionControllerMap up for play (max tick rate 0) at 2017.12.29-14.48.25
[2017.12.29-22.48.25:943][ 64]LogWorld: Bringing up level for play took: 0.003905
[2017.12.29-22.48.25:950][ 64]PIE: Play in editor start time for /Game/VirtualRealityBP/Maps/UEDPIE_0_MotionControllerMap 1.011
[2017.12.29-22.48.25:950][ 64]LogBlueprintUserMessages: Late PlayInEditor Detection: Level '/Game/VirtualRealityBP/Maps/MotionControllerMap.MotionControllerMap:PersistentLevel' has LevelScriptBlueprint '/Game/VirtualRealityBP/Maps/MotionControllerMap.MotionControllerMap:PersistentLevel.MotionControllerMap' with GeneratedClass '/Game/VirtualRealityBP/Maps/MotionControllerMap.MotionControllerMap_C' with ClassGeneratedBy '/Game/VirtualRealityBP/Maps/MotionControllerMap.MotionControllerMap:PersistentLevel.MotionControllerMap'
[2017.12.29-22.48.49:398][418]LogBlueprintUserMessages: Early EndPlayMap Detection: Level '/Game/VirtualRealityBP/Maps/MotionControllerMap.MotionControllerMap:PersistentLevel' has LevelScriptBlueprint '/Game/VirtualRealityBP/Maps/MotionControllerMap.MotionControllerMap:PersistentLevel.MotionControllerMap' with GeneratedClass '/Game/VirtualRealityBP/Maps/MotionControllerMap.MotionControllerMap_C' with ClassGeneratedBy '/Game/VirtualRealityBP/Maps/MotionControllerMap.MotionControllerMap:PersistentLevel.MotionControllerMap'
[2017.12.29-22.48.49:468][418]LogBlueprintUserMessages: Late EndPlayMap Detection: Level '/Game/VirtualRealityBP/Maps/MotionControllerMap.MotionControllerMap:PersistentLevel' has LevelScriptBlueprint '/Game/VirtualRealityBP/Maps/MotionControllerMap.MotionControllerMap:PersistentLevel.MotionControllerMap' with GeneratedClass '/Game/VirtualRealityBP/Maps/MotionControllerMap.MotionControllerMap_C' with ClassGeneratedBy '/Game/VirtualRealityBP/Maps/MotionControllerMap.MotionControllerMap:PersistentLevel.MotionControllerMap'
[2017.12.29-22.51.01:307][203]LogHMD: Initializing OVRPlugin session
[2017.12.29-22.51.01:389][203]LogHMD: Allocating Oculus 2688 x 1584 rendertarget swapchain
[2017.12.29-22.51.01:421][203]LogHMD: Allocating Oculus 2688 x 1584 rendertarget swapchain
[2017.12.29-22.51.01:471][203]LogRenderer: Reallocating scene render targets to support 2688x1584 Format 26 NumSamples 1 (Frame:36091).
[2017.12.29-22.53.32:672][292]Cmd: TRANSACTION REDO
[2017.12.29-22.54.37:365][557]LogBlueprintUserMessages: Early PlayInEditor Detection: Level '/Game/VirtualRealityBP/Maps/MotionControllerMap.MotionControllerMap:PersistentLevel' has LevelScriptBlueprint '/Game/VirtualRealityBP/Maps/MotionControllerMap.MotionControllerMap:PersistentLevel.MotionControllerMap' with GeneratedClass '/Game/VirtualRealityBP/Maps/MotionControllerMap.MotionControllerMap_C' with ClassGeneratedBy '/Game/VirtualRealityBP/Maps/MotionControllerMap.MotionControllerMap:PersistentLevel.MotionControllerMap'
[2017.12.29-22.54.37:365][557]LogPlayLevel: PlayLevel: No blueprints needed recompiling
[2017.12.29-22.54.37:367][557]PIE: New page: PIE session: MotionControllerMap (Dec 29, 2017, 6:54:37 AM)
[2017.12.29-22.54.37:367][557]LogPlayLevel: Creating play world package: /Game/VirtualRealityBP/Maps/UEDPIE_0_MotionControllerMap
[2017.12.29-22.54.37:418][557]LogPlayLevel: PIE: StaticDuplicateObject took: (0.050774s)
[2017.12.29-22.54.37:420][557]LogAIModule: Creating AISystem for world MotionControllerMap
[2017.12.29-22.54.37:420][557]LogPlayLevel: PIE: World Init took: (0.002269s)
[2017.12.29-22.54.37:421][557]LogPlayLevel: PIE: Created PIE world by copying editor world from /Game/VirtualRealityBP/Maps/MotionControllerMap.MotionControllerMap to /Game/VirtualRealityBP/Maps/UEDPIE_0_MotionControllerMap.MotionControllerMap (0.053829s)
[2017.12.29-22.54.37:666][557]LogInit: XAudio2 using 'Headphones (Rift Audio)' : 2 channels at 48 kHz using 16 bits per sample (channel mask 0x3)
[2017.12.29-22.54.37:709][557]LogInit: FAudioDevice initialized.
[2017.12.29-22.54.37:779][557]LogUObjectGlobals: Warning: Failed to find object 'Class None.'
[2017.12.29-22.54.37:780][557]LogLoad: Game class is 'GameModeBase'
[2017.12.29-22.54.37:785][557]LogWorld: Bringing World /Game/VirtualRealityBP/Maps/UEDPIE_0_MotionControllerMap.MotionControllerMap up for play (max tick rate 0) at 2017.12.29-14.54.37
[2017.12.29-22.54.37:786][557]LogWorld: Bringing up level for play took: 0.004878
[2017.12.29-22.54.37:787][557]LogGameMode: FindPlayerStart: PATHS NOT DEFINED or NO PLAYERSTART with positive rating
[2017.12.29-22.54.37:811][557]LogUnrealMath: Error: FMatrix::InverseFast(), trying to invert a NIL matrix, this results in NaNs! Use Inverse() instead.
[2017.12.29-22.54.37:820][557]LogOutputDevice: Warning: 

Script Stack:
BP_MotionController_C.SetupRoomScaleOutline
BP_MotionController_C.ExecuteUbergraph_BP_MotionController
BP_MotionController_C.ReceiveBeginPlay
MotionControllerPawn_C.ExecuteUbergraph_MotionControllerPawn
MotionControllerPawn_C.ReceiveBeginPlay

[2017.12.29-22.54.38:361][557]LogStats: FPlatformStackWalk::StackWalkAndDump -  0.540 s
[2017.12.29-22.54.38:361][557]LogOutputDevice: Error: === Handled ensure: ===
[2017.12.29-22.54.38:361][557]LogOutputDevice: Error: 
[2017.12.29-22.54.38:361][557]LogOutputDevice: Error: Ensure condition failed: false [File:D:\Build\++UE4+Release-4.17+Compile\Sync\Engine\Source\Runtime\Core\Private\Math\Matrix.cpp] [Line: 8]
[2017.12.29-22.54.38:361][557]LogOutputDevice: Error: FMatrix::InverseFast(), trying to invert a NIL matrix, this results in NaNs! Use Inverse() instead.
[2017.12.29-22.54.38:361][557]LogOutputDevice: Error: Stack: 
[2017.12.29-22.54.38:361][557]LogOutputDevice: Error: UE4Editor-Core.dll!0x000000001C553E36
[2017.12.29-22.54.38:361][557]LogOutputDevice: Error: UE4Editor-Core.dll!0x000000001C2DC2D2
[2017.12.29-22.54.38:361][557]LogOutputDevice: Error: UE4Editor-Core.dll!0x000000001C2F4746
[2017.12.29-22.54.38:361][557]LogOutputDevice: Error: UE4Editor-Core.dll!0x000000001C27E1A1
[2017.12.29-22.54.38:361][557]LogOutputDevice: Error: UE4Editor-Engine.dll!0x0000000018C474EB
[2017.12.29-22.54.38:361][557]LogOutputDevice: Error: UE4Editor-Engine.dll!0x000000001959ABD3
[2017.12.29-22.54.38:361][557]LogOutputDevice: Error: UE4Editor-Engine.dll!0x00000000195D06C4
[2017.12.29-22.54.38:361][557]LogOutputDevice: Error: UE4Editor-CoreUObject.dll!0x00000000368CE944
[2017.12.29-22.54.38:361][557]LogOutputDevice: Error: UE4Editor-CoreUObject.dll!0x0000000036A8DDA4
[2017.12.29-22.54.38:361][557]LogOutputDevice: Error: UE4Editor-CoreUObject.dll!0x0000000036AA3101
[2017.12.29-22.54.38:361][557]LogOutputDevice: Error: UE4Editor-CoreUObject.dll!0x0000000036AA52E2
[2017.12.29-22.54.38:361][557]LogOutputDevice: Error: UE4Editor-CoreUObject.dll!0x0000000036A8E7AE
[2017.12.29-22.54.38:361][557]LogOutputDevice: Error: UE4Editor-CoreUObject.dll!0x0000000036AA52E2
[2017.12.29-22.54.38:361][557]LogOutputDevice: Error: UE4Editor-CoreUObject.dll!0x0000000036A8E7AE
[2017.12.29-22.54.38:361][557]LogOutputDevice: Error: UE4Editor-CoreUObject.dll!0x0000000036AA52E2
[2017.12.29-22.54.38:361][557]LogOutputDevice: Error: UE4Editor-CoreUObject.dll!0x00000000368CE944
[2017.12.29-22.54.38:361][557]LogOutputDevice: Error: UE4Editor-CoreUObject.dll!0x0000000036AA4675
[2017.12.29-22.54.38:361][557]LogOutputDevice: Error: UE4Editor-Engine.dll!0x0000000018D2B247
[2017.12.29-22.54.38:361][557]LogOutputDevice: Error: UE4Editor-Engine.dll!0x0000000019ED5B47
[2017.12.29-22.54.38:362][557]LogOutputDevice: Error: UE4Editor-Engine.dll!0x0000000018CEDC2F
[2017.12.29-22.54.38:362][557]LogOutputDevice: Error: UE4Editor-Engine.dll!0x0000000018CFABCB
[2017.12.29-22.54.38:362][557]LogOutputDevice: Error: UE4Editor-Engine.dll!0x0000000018D26959
[2017.12.29-22.54.38:362][557]LogOutputDevice: Error: UE4Editor-Engine.dll!0x0000000018D07E03
[2017.12.29-22.54.38:362][557]LogOutputDevice: Error: UE4Editor-Engine.dll!0x000000001942BE89
[2017.12.29-22.54.38:362][557]LogOutputDevice: Error: UE4Editor-Engine.dll!0x0000000018D605B6
[2017.12.29-22.54.38:362][557]LogOutputDevice: Error: UE4Editor-CoreUObject.dll!0x00000000368CE944
[2017.12.29-22.54.38:362][557]LogOutputDevice: Error: UE4Editor-CoreUObject.dll!0x0000000036A8DDA4
[2017.12.29-22.54.38:362][557]LogOutputDevice: Error: UE4Editor-CoreUObject.dll!0x0000000036AA3101
[2017.12.29-22.54.38:362][557]LogOutputDevice: Error: UE4Editor-CoreUObject.dll!0x0000000036ACCDA4
[2017.12.29-22.54.38:362][557]LogOutputDevice: Error: UE4Editor-CoreUObject.dll!0x0000000036AA52E2
[2017.12.29-22.54.38:362][557]LogOutputDevice: Error: UE4Editor-CoreUObject.dll!0x0000000036A8E7AE
[2017.12.29-22.54.38:362][557]LogOutputDevice: Error: UE4Editor-CoreUObject.dll!0x0000000036AA52E2
[2017.12.29-22.54.38:362][557]LogOutputDevice: Error: UE4Editor-CoreUObject.dll!0x00000000368CE944
[2017.12.29-22.54.38:362][557]LogOutputDevice: Error: UE4Editor-CoreUObject.dll!0x0000000036AA4675
[2017.12.29-22.54.38:362][557]LogOutputDevice: Error: UE4Editor-Engine.dll!0x0000000018D2B247
[2017.12.29-22.54.38:362][557]LogOutputDevice: Error: UE4Editor-Engine.dll!0x0000000019ED5B47
[2017.12.29-22.54.38:362][557]LogOutputDevice: Error: UE4Editor-Engine.dll!0x0000000018CEDC2F
[2017.12.29-22.54.38:362][557]LogOutputDevice: Error: UE4Editor-Engine.dll!0x0000000018CFABCB
[2017.12.29-22.54.38:362][557]LogOutputDevice: Error: UE4Editor-Engine.dll!0x0000000019EBA871
[2017.12.29-22.54.38:362][557]LogOutputDevice: Error: UE4Editor-Engine.dll!0x0000000019434991
[2017.12.29-22.54.38:362][557]LogOutputDevice: Error: UE4Editor-Engine.dll!0x0000000019EA601E
[2017.12.29-22.54.38:362][557]LogOutputDevice: Error: UE4Editor-Engine.dll!0x0000000019457CF6
[2017.12.29-22.54.38:362][557]LogOutputDevice: Error: UE4Editor-UnrealEd.dll!0x00000000178FAE6C
[2017.12.29-22.54.38:362][557]LogOutputDevice: Error: UE4Editor-UnrealEd.dll!0x000000001792584E
[2017.12.29-22.54.38:362][557]LogOutputDevice: Error: UE4Editor-UnrealEd.dll!0x0000000017941394
[2017.12.29-22.54.38:362][557]LogOutputDevice: Error: UE4Editor-UnrealEd.dll!0x00000000173ABDF8
[2017.12.29-22.54.38:362][557]LogOutputDevice: Error: UE4Editor-UnrealEd.dll!0x0000000017C3D646
[2017.12.29-22.54.38:362][557]LogOutputDevice: Error: UE4Editor.exe!0x0000000072D0534A
[2017.12.29-22.54.38:362][557]LogOutputDevice: Error: UE4Editor.exe!0x0000000072D13970
[2017.12.29-22.54.38:362][557]LogOutputDevice: Error: UE4Editor.exe!0x0000000072D139EA
[2017.12.29-22.54.38:362][557]LogOutputDevice: Error: UE4Editor.exe!0x0000000072D202D9
[2017.12.29-22.54.38:362][557]LogOutputDevice: Error: UE4Editor.exe!0x0000000072D21C47
[2017.12.29-22.54.38:362][557]LogOutputDevice: Error: KERNEL32.DLL!0x000000005BD62774
[2017.12.29-22.54.38:362][557]LogOutputDevice: Error: ntdll.dll!0x000000005E480D51
[2017.12.29-22.54.38:362][557]LogOutputDevice: Error: 
[2017.12.29-22.54.38:371][557]LogStats:                SubmitErrorReport -  0.000 s
[2017.12.29-22.54.47:968][557]LogStats:                    SendNewReport -  9.597 s
[2017.12.29-22.54.47:968][557]LogStats:             FDebug::EnsureFailed - 10.157 s
[2017.12.29-22.54.47:968][557]LogUnrealMath: Error: FMatrix::InverseFast(), trying to invert a NIL matrix, this results in NaNs! Use Inverse() instead.
[2017.12.29-22.54.47:968][557]LogUnrealMath: Error: FMatrix::InverseFast(), trying to invert a NIL matrix, this results in NaNs! Use Inverse() instead.
[2017.12.29-22.54.47:968][557]LogUnrealMath: Error: FMatrix::InverseFast(), trying to invert a NIL matrix, this results in NaNs! Use Inverse() instead.
[2017.12.29-22.54.47:968][557]LogBlueprint: Warning: SetRelativeScale3D : Invalid Scale entered (X=0.000 Y=-nan(ind) Z=70.000). Resetting to 1.f.
[2017.12.29-22.54.47:971][557]LogUnrealMath: Error: FMatrix::InverseFast(), trying to invert a NIL matrix, this results in NaNs! Use Inverse() instead.
[2017.12.29-22.54.47:971][557]LogUnrealMath: Error: FMatrix::InverseFast(), trying to invert a NIL matrix, this results in NaNs! Use Inverse() instead.
[2017.12.29-22.54.47:971][557]LogUnrealMath: Error: FMatrix::InverseFast(), trying to invert a NIL matrix, this results in NaNs! Use Inverse() instead.
[2017.12.29-22.54.47:971][557]LogUnrealMath: Error: FMatrix::InverseFast(), trying to invert a NIL matrix, this results in NaNs! Use Inverse() instead.
[2017.12.29-22.54.47:971][557]LogBlueprint: Warning: SetRelativeScale3D : Invalid Scale entered (X=0.000 Y=-nan(ind) Z=70.000). Resetting to 1.f.
[2017.12.29-22.54.47:972][557]PIE: Play in editor start time for /Game/VirtualRealityBP/Maps/UEDPIE_0_MotionControllerMap 11.032
[2017.12.29-22.54.47:972][557]LogBlueprintUserMessages: Late PlayInEditor Detection: Level '/Game/VirtualRealityBP/Maps/MotionControllerMap.MotionControllerMap:PersistentLevel' has LevelScriptBlueprint '/Game/VirtualRealityBP/Maps/MotionControllerMap.MotionControllerMap:PersistentLevel.MotionControllerMap' with GeneratedClass '/Game/VirtualRealityBP/Maps/MotionControllerMap.MotionControllerMap_C' with ClassGeneratedBy '/Game/VirtualRealityBP/Maps/MotionControllerMap.MotionControllerMap:PersistentLevel.MotionControllerMap'
[2017.12.29-22.54.47:979][557]LogHMD: Allocating Oculus 2688 x 1584 rendertarget swapchain
[2017.12.29-22.56.46:155][430]LogBlueprintUserMessages: Early EndPlayMap Detection: Level '/Game/VirtualRealityBP/Maps/MotionControllerMap.MotionControllerMap:PersistentLevel' has LevelScriptBlueprint '/Game/VirtualRealityBP/Maps/MotionControllerMap.MotionControllerMap:PersistentLevel.MotionControllerMap' with GeneratedClass '/Game/VirtualRealityBP/Maps/MotionControllerMap.MotionControllerMap_C' with ClassGeneratedBy '/Game/VirtualRealityBP/Maps/MotionControllerMap.MotionControllerMap:PersistentLevel.MotionControllerMap'
[2017.12.29-22.56.46:217][430]LogHMD: Allocating Oculus 2688 x 1584 rendertarget swapchain
[2017.12.29-22.56.46:245][430]LogBlueprintUserMessages: Late EndPlayMap Detection: Level '/Game/VirtualRealityBP/Maps/MotionControllerMap.MotionControllerMap:PersistentLevel' has LevelScriptBlueprint '/Game/VirtualRealityBP/Maps/MotionControllerMap.MotionControllerMap:PersistentLevel.MotionControllerMap' with GeneratedClass '/Game/VirtualRealityBP/Maps/MotionControllerMap.MotionControllerMap_C' with ClassGeneratedBy '/Game/VirtualRealityBP/Maps/MotionControllerMap.MotionControllerMap:PersistentLevel.MotionControllerMap'
[2017.12.29-22.57.16:825][683]LogEditorViewport: Clicking on Actor (context menu): Brush (Box Brush7)
[2017.12.29-22.57.20:813][784]LogEditorViewport: Clicking on Actor (context menu): Brush (Box Brush7)
[2017.12.29-22.57.22:185][829]LogEditorViewport: Clicking on Actor (LMB): Brush (Box Brush7)
[2017.12.29-22.59.09:798][916]LogEditorViewport: Clicking on Actor (LMB): StaticMeshActor (EditorCube11)
[2017.12.29-23.01.34:672][561]Cmd: QUIT_EDITOR
[2017.12.29-23.01.35:015][561]LogWindowsTextInputMethodSystem: Display: IME system now deactivated.
[2017.12.29-23.01.35:814][561]LogExit: Preparing to exit.
[2017.12.29-23.01.37:489][561]LogDirectoryWatcher: A directory notification for 'C:/Users/Sean/Documents/GitHub/VhuntR01/Content/' was aborted.
[2017.12.29-23.01.40:832][561]LogExit: Editor shut down
[2017.12.29-23.01.40:997][561]LogExit: Transaction tracking system shut down
[2017.12.29-23.01.44:676][561]LogDirectoryWatcher: A directory notification for '../../../Engine/Content/' was aborted.
[2017.12.29-23.01.44:684][561]LogDirectoryWatcher: A directory notification for '../../../../../../Users/Sean/Documents/GitHub/VhuntR01/Content/' was aborted.
[2017.12.29-23.01.44:684][561]LogDirectoryWatcher: A directory notification for '../../../Engine/Plugins/2D/Paper2D/Content/' was aborted.
[2017.12.29-23.01.44:684][561]LogDirectoryWatcher: A directory notification for '../../../Engine/Plugins/Runtime/Oculus/OculusVR/Content/' was aborted.
[2017.12.29-23.01.44:684][561]LogDirectoryWatcher: A directory notification for '../../../Engine/Plugins/Runtime/Steam/SteamVR/Content/' was aborted.
[2017.12.29-23.01.45:920][561]LogExit: Object subsystem successfully closed.
[2017.12.29-23.01.46:050][561]LogD3D11RHI: Shutdown
[2017.12.29-23.01.46:050][561]LogD3D11RHI: CleanupD3DDevice
[2017.12.29-23.01.46:067][561]LogD3D11RHI: ~FD3D11DynamicRHI
[2017.12.29-23.01.46:220][561]LogModuleManager: Shutting down and abandoning module SequencerWidgets (534)
[2017.12.29-23.01.46:221][561]LogModuleManager: Shutting down and abandoning module MovieSceneCapture (532)
[2017.12.29-23.01.46:221][561]LogModuleManager: Shutting down and abandoning module HierarchicalLODOutliner (530)
[2017.12.29-23.01.46:221][561]LogModuleManager: Shutting down and abandoning module SceneOutliner (528)
[2017.12.29-23.01.46:221][561]LogModuleManager: Shutting down and abandoning module AddContentDialog (526)
[2017.12.29-23.01.46:221][561]LogDirectoryWatcher: A directory notification for 'C:/Program Files/Epic Games/UE_4.17/FeaturePacks/' was aborted.
[2017.12.29-23.01.46:223][561]LogModuleManager: Shutting down and abandoning module WidgetCarousel (525)
[2017.12.29-23.01.46:224][561]LogModuleManager: Shutting down and abandoning module EditorWidgets (522)
[2017.12.29-23.01.46:224][561]LogModuleManager: Shutting down and abandoning module CollectionManager (520)
[2017.12.29-23.01.46:224][561]LogDirectoryWatcher: A directory notification for 'C:/Users/Sean/Documents/GitHub/VhuntR01/Content/Collections/' was aborted.
[2017.12.29-23.01.46:224][561]LogDirectoryWatcher: A directory notification for 'C:/Users/Sean/Documents/GitHub/VhuntR01/Content/Developers/Sean/Collections/' was aborted.
[2017.12.29-23.01.46:224][561]LogDirectoryWatcher: A directory notification for 'C:/Users/Sean/Documents/GitHub/VhuntR01/Saved/Collections/' was aborted.
[2017.12.29-23.01.46:225][561]LogModuleManager: Shutting down and abandoning module StatsViewer (518)
[2017.12.29-23.01.46:225][561]LogModuleManager: Shutting down and abandoning module FoliageEdit (516)
[2017.12.29-23.01.46:225][561]LogModuleManager: Shutting down and abandoning module LandscapeEditor (514)
[2017.12.29-23.01.46:225][561]LogModuleManager: Shutting down and abandoning module MeshPaintMode (512)
[2017.12.29-23.01.46:225][561]LogModuleManager: Shutting down and abandoning module SceneDepthPickerMode (510)
[2017.12.29-23.01.46:225][561]LogModuleManager: Shutting down and abandoning module ActorPickerMode (508)
[2017.12.29-23.01.46:225][561]LogModuleManager: Shutting down and abandoning module GeometryMode (506)
[2017.12.29-23.01.46:225][561]LogModuleManager: Shutting down and abandoning module TextureAlignMode (504)
[2017.12.29-23.01.46:225][561]LogModuleManager: Shutting down and abandoning module BspMode (502)
[2017.12.29-23.01.46:225][561]LogModuleManager: Shutting down and abandoning module PIEPreviewDeviceProfileSelector (500)
[2017.12.29-23.01.46:225][561]LogModuleManager: Shutting down and abandoning module HardwareSurvey (498)
[2017.12.29-23.01.46:225][561]LogModuleManager: Shutting down and abandoning module SequenceRecorderSections (496)
[2017.12.29-23.01.46:226][561]LogModuleManager: Shutting down and abandoning module AutomationWorker (494)
[2017.12.29-23.01.46:226][561]LogModuleManager: Shutting down and abandoning module MatineeToLevelSequence (492)
[2017.12.29-23.01.46:226][561]LogModuleManager: Shutting down and abandoning module LevelSequenceEditor (490)
[2017.12.29-23.01.46:226][561]LogModuleManager: Shutting down and abandoning module PlacementMode (489)
[2017.12.29-23.01.46:226][561]LogModuleManager: Shutting down and abandoning module WmfMediaFactory (486)
[2017.12.29-23.01.46:226][561]LogModuleManager: Shutting down and abandoning module WmfMediaEditor (484)
[2017.12.29-23.01.46:226][561]LogModuleManager: Shutting down and abandoning module AvfMediaFactory (482)
[2017.12.29-23.01.46:226][561]LogModuleManager: Shutting down and abandoning module AvfMediaEditor (480)
[2017.12.29-23.01.46:226][561]LogModuleManager: Shutting down and abandoning module AndroidMediaFactory (478)
[2017.12.29-23.01.46:226][561]LogModuleManager: Shutting down and abandoning module Media (477)
[2017.12.29-23.01.46:226][561]LogModuleManager: Shutting down and abandoning module AndroidMediaEditor (474)
[2017.12.29-23.01.46:226][561]LogModuleManager: Shutting down and abandoning module CharacterAI (472)
[2017.12.29-23.01.46:226][561]LogModuleManager: Shutting down and abandoning module AudioCapture (470)
[2017.12.29-23.01.46:226][561]LogModuleManager: Shutting down and abandoning module SequenceRecorder (469)
[2017.12.29-23.01.46:226][561]LogModuleManager: Shutting down and abandoning module SmartSnapping (466)
[2017.12.29-23.01.46:226][561]LogModuleManager: Shutting down and abandoning module SessionServices (464)
[2017.12.29-23.01.46:226][561]LogModuleManager: Shutting down and abandoning module ViewportSnapping (462)
[2017.12.29-23.01.46:226][561]LogModuleManager: Shutting down and abandoning module ViewportInteraction (460)
[2017.12.29-23.01.46:226][561]LogModuleManager: Shutting down and abandoning module ClothPainter (458)
[2017.12.29-23.01.46:227][561]LogModuleManager: Shutting down and abandoning module LogVisualizer (456)
[2017.12.29-23.01.46:227][561]LogModuleManager: Shutting down and abandoning module IntroTutorials (454)
[2017.12.29-23.01.46:227][561]LogModuleManager: Shutting down and abandoning module GameProjectGeneration (453)
[2017.12.29-23.01.46:227][561]LogModuleManager: Shutting down and abandoning module IOSPlatformEditor (450)
[2017.12.29-23.01.46:227][561]LogModuleManager: Shutting down and abandoning module HTML5PlatformEditor (448)
[2017.12.29-23.01.46:228][561]LogModuleManager: Shutting down and abandoning module AndroidPlatformEditor (446)
[2017.12.29-23.01.46:228][561]LogModuleManager: Shutting down and abandoning module AndroidDeviceDetection (445)
[2017.12.29-23.01.46:723][561]LogModuleManager: Shutting down and abandoning module WindowsPlatformEditor (442)
[2017.12.29-23.01.46:725][561]LogModuleManager: Shutting down and abandoning module IOSRuntimeSettings (440)
[2017.12.29-23.01.46:726][561]LogModuleManager: Shutting down and abandoning module AndroidRuntimeSettings (438)
[2017.12.29-23.01.46:726][561]LogModuleManager: Shutting down and abandoning module InputBindingEditor (436)
[2017.12.29-23.01.46:726][561]LogModuleManager: Shutting down and abandoning module MergeActors (434)
[2017.12.29-23.01.46:726][561]LogModuleManager: Shutting down and abandoning module SizeMap (432)
[2017.12.29-23.01.46:726][561]LogModuleManager: Shutting down and abandoning module TreeMap (430)
[2017.12.29-23.01.46:726][561]LogModuleManager: Shutting down and abandoning module ReferenceViewer (428)
[2017.12.29-23.01.46:729][561]LogModuleManager: Shutting down and abandoning module LocalizationDashboard (426)
[2017.12.29-23.01.46:729][561]LogModuleManager: Shutting down and abandoning module LocalizationService (425)
[2017.12.29-23.01.46:729][561]LogModuleManager: Shutting down and abandoning module HardwareTargeting (422)
[2017.12.29-23.01.46:729][561]LogModuleManager: Shutting down and abandoning module DeviceProfileEditor (420)
[2017.12.29-23.01.46:730][561]LogModuleManager: Shutting down and abandoning module UndoHistory (418)
[2017.12.29-23.01.46:730][561]LogModuleManager: Shutting down and abandoning module XmlParser (416)
[2017.12.29-23.01.46:731][561]LogModuleManager: Shutting down and abandoning module Blutility (414)
[2017.12.29-23.01.46:731][561]LogModuleManager: Shutting down and abandoning module ProjectSettingsViewer (412)
[2017.12.29-23.01.46:731][561]LogModuleManager: Shutting down and abandoning module ProjectTargetPlatformEditor (411)
[2017.12.29-23.01.46:735][561]LogModuleManager: Shutting down and abandoning module EditorSettingsViewer (408)
[2017.12.29-23.01.46:736][561]LogModuleManager: Shutting down and abandoning module SettingsEditor (406)
[2017.12.29-23.01.46:736][561]LogModuleManager: Shutting down and abandoning module ProjectLauncher (404)
[2017.12.29-23.01.46:736][561]LogModuleManager: Shutting down and abandoning module SessionFrontend (402)
[2017.12.29-23.01.46:736][561]LogModuleManager: Shutting down and abandoning module ProfilerClient (400)
[2017.12.29-23.01.46:736][561]LogModuleManager: Shutting down and abandoning module DeviceManager (398)
[2017.12.29-23.01.46:738][561]LogModuleManager: Shutting down and abandoning module TargetDeviceServices (397)
[2017.12.29-23.01.46:817][561]LogModuleManager: Shutting down and abandoning module AutomationController (394)
[2017.12.29-23.01.46:817][561]LogModuleManager: Shutting down and abandoning module AutomationWindow (392)
[2017.12.29-23.01.46:817][561]LogModuleManager: Shutting down and abandoning module Layers (390)
[2017.12.29-23.01.46:817][561]LogModuleManager: Shutting down and abandoning module ComponentVisualizers (388)
[2017.12.29-23.01.46:817][561]LogModuleManager: Shutting down and abandoning module DetailCustomizations (386)
[2017.12.29-23.01.46:817][561]LogModuleManager: Shutting down and abandoning module PackagesDialog (384)
[2017.12.29-23.01.46:818][561]LogModuleManager: Shutting down and abandoning module Persona (382)
[2017.12.29-23.01.46:819][561]LogModuleManager: Shutting down and abandoning module AdvancedPreviewScene (381)
[2017.12.29-23.01.46:820][561]LogModuleManager: Shutting down and abandoning module AnimGraph (379)
[2017.12.29-23.01.46:820][561]LogModuleManager: Shutting down and abandoning module Kismet (376)
[2017.12.29-23.01.46:823][561]LogModuleManager: Shutting down and abandoning module ClassViewer (374)
[2017.12.29-23.01.46:824][561]LogModuleManager: Shutting down and abandoning module Toolbox (372)
[2017.12.29-23.01.46:824][561]LogModuleManager: Shutting down and abandoning module ModuleUI (370)
[2017.12.29-23.01.46:824][561]LogModuleManager: Shutting down and abandoning module MovieSceneTools (368)
[2017.12.29-23.01.46:824][561]LogModuleManager: Shutting down and abandoning module OutputLog (366)
[2017.12.29-23.01.46:824][561]LogModuleManager: Shutting down and abandoning module GammaUI (364)
[2017.12.29-23.01.46:824][561]LogModuleManager: Shutting down and abandoning module Documentation (362)
[2017.12.29-23.01.46:824][561]LogModuleManager: Shutting down and abandoning module MovieSceneTracks (360)
[2017.12.29-23.01.46:824][561]LogModuleManager: Shutting down and abandoning module MovieScene (358)
[2017.12.29-23.01.46:824][561]LogModuleManager: Shutting down and abandoning module Niagara (356)
[2017.12.29-23.01.46:824][561]LogModuleManager: Shutting down and abandoning module NiagaraEditor (355)
[2017.12.29-23.01.46:825][561]LogModuleManager: Shutting down and abandoning module StreamingPauseRendering (352)
[2017.12.29-23.01.46:825][561]LogModuleManager: Shutting down and abandoning module LauncherPlatform (350)
[2017.12.29-23.01.46:826][561]LogModuleManager: Shutting down and abandoning module AnalyticsET (348)
[2017.12.29-23.01.46:826][561]LogModuleManager: Shutting down and abandoning module PortalServices (346)
[2017.12.29-23.01.46:826][561]LogModuleManager: Shutting down and abandoning module PortalRpc (344)
[2017.12.29-23.01.46:826][561]LogModuleManager: Shutting down and abandoning module MessagingRpc (342)
[2017.12.29-23.01.46:826][561]LogModuleManager: Shutting down and abandoning module AIModule (340)
[2017.12.29-23.01.46:827][561]LogModuleManager: Shutting down and abandoning module GameplayDebugger (339)
[2017.12.29-23.01.46:830][561]LogModuleManager: Shutting down and abandoning module AITestSuite (337)
[2017.12.29-23.01.46:832][561]LogModuleManager: Shutting down and abandoning module ProfilerService (334)
[2017.12.29-23.01.46:881][561]LogModuleManager: Shutting down and abandoning module TaskGraph (332)
[2017.12.29-23.01.46:882][561]LogModuleManager: Shutting down and abandoning module SteamVRController (330)
[2017.12.29-23.01.46:883][561]LogModuleManager: Shutting down and abandoning module ProceduralMeshComponentEditor (328)
[2017.12.29-23.01.46:884][561]LogModuleManager: Shutting down and abandoning module ProceduralMeshComponent (326)
[2017.12.29-23.01.46:884][561]LogModuleManager: Shutting down and abandoning module OculusInput (324)
[2017.12.29-23.01.46:884][561]LogModuleManager: Shutting down and abandoning module MobilePatchingUtils (322)
[2017.12.29-23.01.46:884][561]LogModuleManager: Shutting down and abandoning module CustomMeshComponent (320)
[2017.12.29-23.01.46:884][561]LogModuleManager: Shutting down and abandoning module CableComponent (318)
[2017.12.29-23.01.46:884][561]LogModuleManager: Shutting down and abandoning module ArchVisCharacter (316)
[2017.12.29-23.01.46:884][561]LogModuleManager: Shutting down and abandoning module AndroidPermission (314)
[2017.12.29-23.01.46:884][561]LogModuleManager: Shutting down and abandoning module MediaPlayerEditor (310)
[2017.12.29-23.01.46:884][561]LogModuleManager: Shutting down and abandoning module HTML5Networking (308)
[2017.12.29-23.01.46:884][561]LogModuleManager: Shutting down and abandoning module AlembicImporter (306)
[2017.12.29-23.01.46:884][561]LogModuleManager: Shutting down and abandoning module AlembicLibrary (305)
[2017.12.29-23.01.46:885][561]LogModuleManager: Shutting down and abandoning module GeometryCache (304)
[2017.12.29-23.01.46:885][561]LogModuleManager: Shutting down and abandoning module GeometryCacheEd (303)
[2017.12.29-23.01.46:885][561]LogModuleManager: Shutting down and abandoning module SpeedTreeImporter (298)
[2017.12.29-23.01.46:885][561]LogModuleManager: Shutting down and abandoning module PluginBrowser (296)
[2017.12.29-23.01.46:885][561]LogModuleManager: Shutting down and abandoning module MobileLauncherProfileWizard (294)
[2017.12.29-23.01.46:892][561]LogModuleManager: Shutting down and abandoning module VisualStudioSourceCodeAccess (292)
[2017.12.29-23.01.46:892][561]LogModuleManager: Shutting down and abandoning module DesktopPlatform (291)
[2017.12.29-23.01.46:892][561]LogModuleManager: Shutting down and abandoning module UObjectPlugin (288)
[2017.12.29-23.01.46:892][561]LogModuleManager: Shutting down and abandoning module SubversionSourceControl (286)
[2017.12.29-23.01.46:893][561]LogModuleManager: Shutting down and abandoning module PerforceSourceControl (284)
[2017.12.29-23.01.46:893][561]LogModuleManager: Shutting down and abandoning module GitSourceControl (282)
[2017.12.29-23.01.46:893][561]LogModuleManager: Shutting down and abandoning module SourceControl (281)
[2017.12.29-23.01.46:893][561]LogModuleManager: Shutting down and abandoning module LightPropagationVolumeEditor (278)
[2017.12.29-23.01.46:893][561]LogModuleManager: Shutting down and abandoning module PaperTiledImporter (276)
[2017.12.29-23.01.46:893][561]LogModuleManager: Shutting down and abandoning module PaperSpriteSheetImporter (274)
[2017.12.29-23.01.46:893][561]LogModuleManager: Shutting down and abandoning module Paper2DEditor (272)
[2017.12.29-23.01.46:893][561]LogModuleManager: Shutting down and abandoning module MeshPaint (271)
[2017.12.29-23.01.46:894][561]LogModuleManager: Shutting down and abandoning module LevelEditor (269)
[2017.12.29-23.01.46:894][561]LogModuleManager: Shutting down and abandoning module PixelInspectorModule (268)
[2017.12.29-23.01.46:894][561]LogModuleManager: Shutting down and abandoning module MainFrame (266)
[2017.12.29-23.01.46:894][561]LogModuleManager: Shutting down and abandoning module HotReload (265)
[2017.12.29-23.01.46:895][561]LogModuleManager: Shutting down and abandoning module RuntimePhysXCooking (260)
[2017.12.29-23.01.46:896][561]LogModuleManager: Shutting down and abandoning module PhysXVehiclesEditor (258)
[2017.12.29-23.01.46:896][561]LogModuleManager: Shutting down and abandoning module PhysXVehicles (256)
[2017.12.29-23.01.46:896][561]LogModuleManager: Shutting down and abandoning module OculusEditor (254)
[2017.12.29-23.01.46:896][561]LogModuleManager: Shutting down and abandoning module LocationServicesBPLibrary (252)
[2017.12.29-23.01.46:896][561]LogModuleManager: Shutting down and abandoning module ImmediatePhysicsEditor (250)
[2017.12.29-23.01.46:896][561]LogModuleManager: Shutting down and abandoning module ImmediatePhysics (248)
[2017.12.29-23.01.46:896][561]LogModuleManager: Shutting down and abandoning module UdpMessaging (246)
[2017.12.29-23.01.46:997][561]LogModuleManager: Shutting down and abandoning module TcpMessaging (244)
[2017.12.29-23.01.47:104][561]LogModuleManager: Shutting down and abandoning module GameplayTagsEditor (242)
[2017.12.29-23.01.47:104][561]LogModuleManager: Shutting down and abandoning module FacialAnimationEditor (240)
[2017.12.29-23.01.47:104][561]LogModuleManager: Shutting down and abandoning module FacialAnimation (238)
[2017.12.29-23.01.47:104][561]LogModuleManager: Shutting down and abandoning module AssetManagerEditor (236)
[2017.12.29-23.01.47:104][561]LogModuleManager: Shutting down and abandoning module GraphEditor (235)
[2017.12.29-23.01.47:104][561]LogModuleManager: Shutting down and abandoning module ContentBrowser (233)
[2017.12.29-23.01.47:107][561]LogModuleManager: Shutting down and abandoning module LightPropagationVolumeRuntime (230)
[2017.12.29-23.01.47:107][561]LogModuleManager: Shutting down and abandoning module Paper2D (228)
[2017.12.29-23.01.47:107][561]LogModuleManager: Shutting down and abandoning module WindowsMoviePlayer (226)
[2017.12.29-23.01.47:107][561]LogModuleManager: Shutting down and abandoning module WmfMedia (224)
[2017.12.29-23.01.47:109][561]LogModuleManager: Shutting down and abandoning module PacketHandler (222)
[2017.12.29-23.01.47:109][561]LogModuleManager: Shutting down and abandoning module ClothingSystemEditor (220)
[2017.12.29-23.01.47:109][561]LogModuleManager: Shutting down and abandoning module ClothingSystemRuntime (218)
[2017.12.29-23.01.47:109][561]LogModuleManager: Shutting down and abandoning module Overlay (216)
[2017.12.29-23.01.47:109][561]LogModuleManager: Shutting down and abandoning module OverlayEditor (215)
[2017.12.29-23.01.47:109][561]LogModuleManager: Shutting down and abandoning module MediaAssets (212)
[2017.12.29-23.01.47:109][561]LogModuleManager: Shutting down and abandoning module VREditor (210)
[2017.12.29-23.01.47:110][561]LogModuleManager: Shutting down and abandoning module StringTableEditor (208)
[2017.12.29-23.01.47:110][561]LogModuleManager: Shutting down and abandoning module GameplayTasksEditor (206)
[2017.12.29-23.01.47:110][561]LogModuleManager: Shutting down and abandoning module BehaviorTreeEditor (204)
[2017.12.29-23.01.47:110][561]LogModuleManager: Shutting down and abandoning module FunctionalTesting (202)
[2017.12.29-23.01.47:110][561]LogModuleManager: Shutting down and abandoning module CollisionAnalyzer (200)
[2017.12.29-23.01.47:110][561]LogModuleManager: Shutting down and abandoning module WorkspaceMenuStructure (199)
[2017.12.29-23.01.47:110][561]LogModuleManager: Shutting down and abandoning module UMG (196)
[2017.12.29-23.01.47:110][561]LogModuleManager: Shutting down and abandoning module UMGEditor (195)
[2017.12.29-23.01.47:110][561]LogModuleManager: Shutting down and abandoning module Sequencer (194)
[2017.12.29-23.01.47:111][561]LogModuleManager: Shutting down and abandoning module MessageLog (191)
[2017.12.29-23.01.47:111][561]LogModuleManager: Shutting down and abandoning module SlateReflector (186)
[2017.12.29-23.01.47:111][561]LogModuleManager: Shutting down and abandoning module Slate (184)
[2017.12.29-23.01.47:111][561]LogModuleManager: Shutting down and abandoning module EditorStyle (182)
[2017.12.29-23.01.47:126][561]LogModuleManager: Shutting down and abandoning module MRMesh (180)
[2017.12.29-23.01.47:126][561]LogModuleManager: Shutting down and abandoning module SourceCodeAccess (178)
[2017.12.29-23.01.47:128][561]LogModuleManager: Shutting down and abandoning module HeadMountedDisplay (176)
[2017.12.29-23.01.47:128][561]LogModuleManager: Shutting down and abandoning module XAudio2 (174)
[2017.12.29-23.01.47:129][561]LogModuleManager: Shutting down and abandoning module Networking (172)
[2017.12.29-23.01.47:129][561]LogModuleManager: Shutting down and abandoning module Core (168)
[2017.12.29-23.01.47:129][561]LogModuleManager: Shutting down and abandoning module KismetCompiler (164)
[2017.12.29-23.01.47:129][561]LogModuleManager: Shutting down and abandoning module LevelSequence (162)
[2017.12.29-23.01.47:129][561]LogModuleManager: Shutting down and abandoning module MeshUtilities (160)
[2017.12.29-23.01.47:129][561]LogModuleManager: Shutting down and abandoning module MeshMergeUtilities (159)
[2017.12.29-23.01.47:129][561]LogModuleManager: Shutting down and abandoning module MeshReductionInterface (158)
[2017.12.29-23.01.47:129][561]LogModuleManager: Shutting down and abandoning module SimplygonSwarm (157)
[2017.12.29-23.01.47:129][561]LogModuleManager: Shutting down and abandoning module SimplygonMeshReduction (155)
[2017.12.29-23.01.47:129][561]LogModuleManager: Shutting down and abandoning module QuadricMeshReduction (153)
[2017.12.29-23.01.47:129][561]LogModuleManager: Shutting down and abandoning module MaterialBaking (149)
[2017.12.29-23.01.47:129][561]LogModuleManager: Shutting down and abandoning module DirectoryWatcher (146)
[2017.12.29-23.01.47:132][561]LogModuleManager: Shutting down and abandoning module DerivedDataCache (144)
[2017.12.29-23.01.47:143][561]LogDerivedDataCache: Shutdown
[2017.12.29-23.01.47:144][561]LogModuleManager: Shutting down and abandoning module TargetPlatform (142)
[2017.12.29-23.01.47:144][561]LogModuleManager: Shutting down and abandoning module VulkanShaderFormat (141)
[2017.12.29-23.01.47:144][561]LogModuleManager: Shutting down and abandoning module ShaderFormatVectorVM (139)
[2017.12.29-23.01.47:144][561]LogModuleManager: Shutting down and abandoning module ShaderFormatOpenGL (137)
[2017.12.29-23.01.47:144][561]LogModuleManager: Shutting down and abandoning module ShaderFormatD3D (135)
[2017.12.29-23.01.47:144][561]LogModuleManager: Shutting down and abandoning module MetalShaderFormat (133)
[2017.12.29-23.01.47:144][561]LogModuleManager: Shutting down and abandoning module TextureFormatUncompressed (131)
[2017.12.29-23.01.47:144][561]LogModuleManager: Shutting down and abandoning module TextureFormatPVR (129)
[2017.12.29-23.01.47:144][561]LogModuleManager: Shutting down and abandoning module TextureFormatDXT (127)
[2017.12.29-23.01.47:144][561]LogModuleManager: Shutting down and abandoning module TextureFormatIntelISPCTexComp (125)
[2017.12.29-23.01.47:144][561]LogModuleManager: Shutting down and abandoning module TextureFormatASTC (123)
[2017.12.29-23.01.47:144][561]LogModuleManager: Shutting down and abandoning module ImageWrapper (122)
[2017.12.29-23.01.47:145][561]LogModuleManager: Shutting down and abandoning module TextureFormatAndroid (119)
[2017.12.29-23.01.47:145][561]LogModuleManager: Shutting down and abandoning module AudioFormatOpus (117)
[2017.12.29-23.01.47:145][561]LogModuleManager: Shutting down and abandoning module AudioFormatOgg (115)
[2017.12.29-23.01.47:145][561]LogModuleManager: Shutting down and abandoning module AudioFormatADPCM (113)
[2017.12.29-23.01.47:145][561]LogModuleManager: Shutting down and abandoning module LinuxTargetPlatform (111)
[2017.12.29-23.01.47:147][561]LogModuleManager: Shutting down and abandoning module LinuxServerTargetPlatform (109)
[2017.12.29-23.01.47:147][561]LogModuleManager: Shutting down and abandoning module LinuxNoEditorTargetPlatform (107)
[2017.12.29-23.01.47:147][561]LogModuleManager: Shutting down and abandoning module LinuxClientTargetPlatform (105)
[2017.12.29-23.01.47:147][561]LogModuleManager: Shutting down and abandoning module TVOSTargetPlatform (103)
[2017.12.29-23.01.47:148][561]LogModuleManager: Shutting down and abandoning module Messaging (101)
[2017.12.29-23.01.47:151][561]LogModuleManager: Shutting down and abandoning module IOSTargetPlatform (99)
[2017.12.29-23.01.47:151][561]LogModuleManager: Shutting down and abandoning module HTML5TargetPlatform (97)
[2017.12.29-23.01.47:151][561]LogModuleManager: Shutting down and abandoning module Android_PVRTCTargetPlatform (95)
[2017.12.29-23.01.47:151][561]LogModuleManager: Shutting down and abandoning module Android_MultiTargetPlatform (93)
[2017.12.29-23.01.47:151][561]LogModuleManager: Shutting down and abandoning module Android_ETC2TargetPlatform (91)
[2017.12.29-23.01.47:151][561]LogModuleManager: Shutting down and abandoning module Android_ETC1TargetPlatform (89)
[2017.12.29-23.01.47:151][561]LogModuleManager: Shutting down and abandoning module Android_DXTTargetPlatform (87)
[2017.12.29-23.01.47:151][561]LogModuleManager: Shutting down and abandoning module Android_ATCTargetPlatform (85)
[2017.12.29-23.01.47:151][561]LogModuleManager: Shutting down and abandoning module Android_ASTCTargetPlatform (83)
[2017.12.29-23.01.47:151][561]LogModuleManager: Shutting down and abandoning module AndroidTargetPlatform (81)
[2017.12.29-23.01.47:151][561]LogModuleManager: Shutting down and abandoning module WindowsTargetPlatform (79)
[2017.12.29-23.01.47:151][561]LogModuleManager: Shutting down and abandoning module WindowsServerTargetPlatform (77)
[2017.12.29-23.01.47:151][561]LogModuleManager: Shutting down and abandoning module WindowsNoEditorTargetPlatform (75)
[2017.12.29-23.01.47:151][561]LogModuleManager: Shutting down and abandoning module WindowsClientTargetPlatform (73)
[2017.12.29-23.01.47:151][561]LogModuleManager: Shutting down and abandoning module MacTargetPlatform (71)
[2017.12.29-23.01.47:151][561]LogModuleManager: Shutting down and abandoning module MacServerTargetPlatform (69)
[2017.12.29-23.01.47:151][561]LogModuleManager: Shutting down and abandoning module MacNoEditorTargetPlatform (67)
[2017.12.29-23.01.47:151][561]LogModuleManager: Shutting down and abandoning module MacClientTargetPlatform (65)
[2017.12.29-23.01.47:151][561]LogModuleManager: Shutting down and abandoning module AllDesktopTargetPlatform (63)
[2017.12.29-23.01.47:151][561]LogModuleManager: Shutting down and abandoning module InputCore (60)
[2017.12.29-23.01.47:151][561]LogModuleManager: Shutting down and abandoning module Settings (58)
[2017.12.29-23.01.47:152][561]LogModuleManager: Shutting down and abandoning module PhysXCooking (56)
[2017.12.29-23.01.47:152][561]LogModuleManager: Shutting down and abandoning module SteamVR (54)
[2017.12.29-23.01.47:152][561]LogModuleManager: Shutting down and abandoning module OculusHMD (52)
[2017.12.29-23.01.47:152][561]LogModuleManager: Shutting down and abandoning module ExampleDeviceProfileSelector (50)
[2017.12.29-23.01.47:152][561]LogModuleManager: Shutting down and abandoning module OnlineBlueprintSupport (48)
[2017.12.29-23.01.47:152][561]LogModuleManager: Shutting down and abandoning module OnlineSubsystem (44)
[2017.12.29-23.01.47:152][561]LogOnline: Display: Unloading online subsystem: NULL
[2017.12.29-23.01.47:152][561]LogModuleManager: Shutting down and abandoning module XMPP (43)
[2017.12.29-23.01.47:153][561]LogModuleManager: Shutting down and abandoning module HTTP (41)
[2017.12.29-23.01.47:153][561]LogHttp: Display: Http module shutting down, but needs to wait on 1 outstanding Http requests:
[2017.12.29-23.01.47:153][561]LogHttp: Display: 	verb=[POST] url=[https://datarouter.ol.epicgames.com/datarouter/api/v1/public/data?SessionID=%7BD1385F1F-4FFF-FB69-DE23-FDB7AEF4B786%7D&AppID=UEEditor.Rocket.Release&AppVersion=4.17.2-3658906%2B%2B%2BUE4%2BRelease-4.17&UserID=5c6b65d0437d6354b2d6169bbc6203b1%7C4ce5a41e227d4229b38dbaf7fa18578a%7C49f8eb60-c560-400f-bf39-6d797a0ebf7c&AppEnvironment=datacollector-binary&UploadType=eteventstream] status=Processing
[2017.12.29-23.01.47:173][561]LogModuleManager: Shutting down and abandoning module SSL (40)
[2017.12.29-23.01.47:186][561]LogModuleManager: Shutting down and abandoning module AnimationModifiers (36)
[2017.12.29-23.01.47:186][561]LogModuleManager: Shutting down and abandoning module PropertyEditor (35)
[2017.12.29-23.01.47:186][561]LogModuleManager: Shutting down and abandoning module AudioEditor (32)
[2017.12.29-23.01.47:186][561]LogModuleManager: Shutting down and abandoning module TextureCompressor (30)
[2017.12.29-23.01.47:186][561]LogModuleManager: Shutting down and abandoning module ShaderCore (28)
[2017.12.29-23.01.47:186][561]LogModuleManager: Shutting down and abandoning module Landscape (26)
[2017.12.29-23.01.47:187][561]LogModuleManager: Shutting down and abandoning module SlateRHIRenderer (24)
[2017.12.29-23.01.47:200][561]LogModuleManager: Shutting down and abandoning module OpenGLDrv (22)
[2017.12.29-23.01.47:200][561]LogModuleManager: Shutting down and abandoning module D3D11RHI (20)
[2017.12.29-23.01.47:200][561]LogModuleManager: Shutting down and abandoning module AnimGraphRuntime (18)
[2017.12.29-23.01.47:200][561]LogModuleManager: Shutting down and abandoning module Renderer (16)
[2017.12.29-23.01.47:200][561]LogModuleManager: Shutting down and abandoning module Engine (14)
[2017.12.29-23.01.47:200][561]LogModuleManager: Shutting down and abandoning module CoreUObject (12)
[2017.12.29-23.01.47:200][561]LogModuleManager: Shutting down and abandoning module NetworkFile (10)
[2017.12.29-23.01.47:200][561]LogModuleManager: Shutting down and abandoning module CookedIterativeFile (8)
[2017.12.29-23.01.47:201][561]LogModuleManager: Shutting down and abandoning module StreamingFile (6)
[2017.12.29-23.01.47:201][561]LogModuleManager: Shutting down and abandoning module SandboxFile (4)
[2017.12.29-23.01.47:201][561]LogModuleManager: Shutting down and abandoning module PakFile (2)
[2017.12.29-23.01.47:206][561]LogExit: Exiting.
[2017.12.29-23.01.47:393][561]Log file closed, 12/29/17 15:01:47
